
*** Running vivado
    with args -log final_project.vds -m64 -mode batch -messageDb vivado.pb -source final_project.tcl


****** Vivado v2014.1 (64-bit)
  **** SW Build 881834 on Fri Apr  4 14:00:25 MDT 2014
  **** IP Build 877625 on Fri Mar 28 16:29:15 MDT 2014
    ** Copyright 1986-2014 Xilinx, Inc. All Rights Reserved.

source final_project.tcl
# set_param gui.test TreeTableDev
# set_msg_config -id {HDL 9-1061} -limit 100000
# set_msg_config -id {HDL 9-1654} -limit 100000
# create_project -in_memory -part xc7a100tcsg324-1
WARNING: [Board 49-26] cannot add Board Part xilinx.com:kc705:part0:1.0 available at /opt/Xilinx/Vivado/2014.1/data/boards/board_parts/kintex7/kc705/1.0/board_part.xml as part xc7k325tffg900-2 specified in board_part file is either invalid or not available
WARNING: [Board 49-26] cannot add Board Part xilinx.com:kc705:part0:0.9 available at /opt/Xilinx/Vivado/2014.1/data/boards/board_parts/kintex7/kc705/0.9/board_part.xml as part xc7k325tffg900-2 specified in board_part file is either invalid or not available
WARNING: [Board 49-26] cannot add Board Part xilinx.com:zc706:part0:1.0 available at /opt/Xilinx/Vivado/2014.1/data/boards/board_parts/zynq/zc706/1.0/board_part.xml as part xc7z045ffg900-2 specified in board_part file is either invalid or not available
WARNING: [Board 49-26] cannot add Board Part xilinx.com:zc706:part0:0.9 available at /opt/Xilinx/Vivado/2014.1/data/boards/board_parts/zynq/zc706/0.9/board_part.xml as part xc7z045ffg900-2 specified in board_part file is either invalid or not available
# set_property target_language Verilog [current_project]
# set_param project.compositeFile.enableAutoGeneration 0
# set_property default_lib xil_defaultlib [current_project]
# read_verilog -library xil_defaultlib {
#   /home/andrew/projects/EE178/final_project/final_project.srcs/sources_1/imports/software/software.v
#   /home/andrew/projects/EE178/final_project/final_project.srcs/sources_1/imports/software/kcpsm6.v
#   /home/andrew/projects/EE178/final_project/final_project.srcs/sources_1/new/final_project.v
# }
# set_param synth.vivado.isSynthRun true
# set_property webtalk.parent_dir /home/andrew/projects/EE178/final_project/final_project.cache/wt [current_project]
# set_property parent.project_dir /home/andrew/projects/EE178/final_project [current_project]
# synth_design -top final_project -part xc7a100tcsg324-1
Command: synth_design -top final_project -part xc7a100tcsg324-1

Starting synthesis...

Attempting to get a license for feature 'Synthesis' and/or device 'xc7a100t'
INFO: [Common 17-349] Got license for feature 'Synthesis' and/or device 'xc7a100t'
---------------------------------------------------------------------------------
Starting Synthesize : Time (s): cpu = 00:00:03 ; elapsed = 00:00:03 . Memory (MB): peak = 778.273 ; gain = 154.910
---------------------------------------------------------------------------------
INFO: [Synth 8-638] synthesizing module 'final_project' [/home/andrew/projects/EE178/final_project/final_project.srcs/sources_1/new/final_project.v:24]
INFO: [Synth 8-638] synthesizing module 'kcpsm6' [/home/andrew/projects/EE178/final_project/final_project.srcs/sources_1/imports/software/kcpsm6.v:74]
	Parameter hwbuild bound to: 8'b00000000 
	Parameter interrupt_vector bound to: 12'b001111111111 
	Parameter scratch_pad_memory_size bound to: 64 - type: integer 
INFO: [Synth 8-638] synthesizing module 'LUT6_2' [/opt/Xilinx/Vivado/2014.1/scripts/rt/data/unisim_comp.v:15930]
	Parameter INIT bound to: 64'b1111111111111111111101010101010100000000000000000000111011101110 
INFO: [Synth 8-256] done synthesizing module 'LUT6_2' (1#1) [/opt/Xilinx/Vivado/2014.1/scripts/rt/data/unisim_comp.v:15930]
INFO: [Synth 8-638] synthesizing module 'FD' [/opt/Xilinx/Vivado/2014.1/scripts/rt/data/unisim_comp.v:2773]
	Parameter INIT bound to: 1'b0 
INFO: [Synth 8-256] done synthesizing module 'FD' (2#1) [/opt/Xilinx/Vivado/2014.1/scripts/rt/data/unisim_comp.v:2773]
INFO: [Synth 8-638] synthesizing module 'LUT6_2__parameterized0' [/opt/Xilinx/Vivado/2014.1/scripts/rt/data/unisim_comp.v:15930]
	Parameter INIT bound to: 64'b0000000010000011000000000000101100000000110001000000000001001100 
INFO: [Synth 8-256] done synthesizing module 'LUT6_2__parameterized0' (2#1) [/opt/Xilinx/Vivado/2014.1/scripts/rt/data/unisim_comp.v:15930]
INFO: [Synth 8-638] synthesizing module 'LUT6_2__parameterized1' [/opt/Xilinx/Vivado/2014.1/scripts/rt/data/unisim_comp.v:15930]
	Parameter INIT bound to: 64'b0000000000010000000000000000000000000000000000000000100000000000 
INFO: [Synth 8-256] done synthesizing module 'LUT6_2__parameterized1' (2#1) [/opt/Xilinx/Vivado/2014.1/scripts/rt/data/unisim_comp.v:15930]
INFO: [Synth 8-638] synthesizing module 'LUT6' [/opt/Xilinx/Vivado/2014.1/scripts/rt/data/unisim_comp.v:15914]
	Parameter INIT bound to: 64'b0000000000000000000000000000000000000000000000001100101010101010 
INFO: [Synth 8-256] done synthesizing module 'LUT6' (3#1) [/opt/Xilinx/Vivado/2014.1/scripts/rt/data/unisim_comp.v:15914]
INFO: [Synth 8-638] synthesizing module 'LUT6_2__parameterized2' [/opt/Xilinx/Vivado/2014.1/scripts/rt/data/unisim_comp.v:15930]
	Parameter INIT bound to: 64'b1100110000110011111111110000000010000000100000001000000010000000 
INFO: [Synth 8-256] done synthesizing module 'LUT6_2__parameterized2' (3#1) [/opt/Xilinx/Vivado/2014.1/scripts/rt/data/unisim_comp.v:15930]
INFO: [Synth 8-638] synthesizing module 'LUT6__parameterized0' [/opt/Xilinx/Vivado/2014.1/scripts/rt/data/unisim_comp.v:15914]
	Parameter INIT bound to: 64'b0101101000111100111111111111111100000000000000000000000000000000 
INFO: [Synth 8-256] done synthesizing module 'LUT6__parameterized0' (3#1) [/opt/Xilinx/Vivado/2014.1/scripts/rt/data/unisim_comp.v:15914]
INFO: [Synth 8-638] synthesizing module 'LUT6_2__parameterized3' [/opt/Xilinx/Vivado/2014.1/scripts/rt/data/unisim_comp.v:15930]
	Parameter INIT bound to: 64'b0111011101110111000000100111011100000000000000000000001000000000 
INFO: [Synth 8-256] done synthesizing module 'LUT6_2__parameterized3' (3#1) [/opt/Xilinx/Vivado/2014.1/scripts/rt/data/unisim_comp.v:15930]
INFO: [Synth 8-638] synthesizing module 'LUT6_2__parameterized4' [/opt/Xilinx/Vivado/2014.1/scripts/rt/data/unisim_comp.v:15930]
	Parameter INIT bound to: 64'b0000000000000000111100000000000000000000000000000010001111111111 
INFO: [Synth 8-256] done synthesizing module 'LUT6_2__parameterized4' (3#1) [/opt/Xilinx/Vivado/2014.1/scripts/rt/data/unisim_comp.v:15930]
INFO: [Synth 8-638] synthesizing module 'LUT6__parameterized1' [/opt/Xilinx/Vivado/2014.1/scripts/rt/data/unisim_comp.v:15914]
	Parameter INIT bound to: 64'b1111111111111111111111111111111100000000000001000000000000000000 
INFO: [Synth 8-256] done synthesizing module 'LUT6__parameterized1' (3#1) [/opt/Xilinx/Vivado/2014.1/scripts/rt/data/unisim_comp.v:15914]
INFO: [Synth 8-638] synthesizing module 'LUT6_2__parameterized5' [/opt/Xilinx/Vivado/2014.1/scripts/rt/data/unisim_comp.v:15930]
	Parameter INIT bound to: 64'b1111111111111111000100000000000000000000000000000010000000000000 
INFO: [Synth 8-256] done synthesizing module 'LUT6_2__parameterized5' (3#1) [/opt/Xilinx/Vivado/2014.1/scripts/rt/data/unisim_comp.v:15930]
INFO: [Synth 8-638] synthesizing module 'LUT6_2__parameterized6' [/opt/Xilinx/Vivado/2014.1/scripts/rt/data/unisim_comp.v:15930]
	Parameter INIT bound to: 64'b0000001111001010000000000000000000000100001000000000000000000000 
INFO: [Synth 8-256] done synthesizing module 'LUT6_2__parameterized6' (3#1) [/opt/Xilinx/Vivado/2014.1/scripts/rt/data/unisim_comp.v:15930]
INFO: [Synth 8-638] synthesizing module 'LUT6_2__parameterized7' [/opt/Xilinx/Vivado/2014.1/scripts/rt/data/unisim_comp.v:15930]
	Parameter INIT bound to: 64'b0111011100001000000000000000000000000000000000000000111100000000 
INFO: [Synth 8-256] done synthesizing module 'LUT6_2__parameterized7' (3#1) [/opt/Xilinx/Vivado/2014.1/scripts/rt/data/unisim_comp.v:15930]
INFO: [Synth 8-638] synthesizing module 'LUT6_2__parameterized8' [/opt/Xilinx/Vivado/2014.1/scripts/rt/data/unisim_comp.v:15930]
	Parameter INIT bound to: 64'b1101000000000000000000000000000000000010000000000000000000000000 
INFO: [Synth 8-256] done synthesizing module 'LUT6_2__parameterized8' (3#1) [/opt/Xilinx/Vivado/2014.1/scripts/rt/data/unisim_comp.v:15930]
INFO: [Synth 8-638] synthesizing module 'LUT6_2__parameterized9' [/opt/Xilinx/Vivado/2014.1/scripts/rt/data/unisim_comp.v:15930]
	Parameter INIT bound to: 64'b0000000000000001001111110011111100000000000100001111011111001110 
INFO: [Synth 8-256] done synthesizing module 'LUT6_2__parameterized9' (3#1) [/opt/Xilinx/Vivado/2014.1/scripts/rt/data/unisim_comp.v:15930]
INFO: [Synth 8-638] synthesizing module 'LUT6_2__parameterized10' [/opt/Xilinx/Vivado/2014.1/scripts/rt/data/unisim_comp.v:15930]
	Parameter INIT bound to: 64'b1100000011001100000000000000000010100000101010100000000000000000 
INFO: [Synth 8-256] done synthesizing module 'LUT6_2__parameterized10' (3#1) [/opt/Xilinx/Vivado/2014.1/scripts/rt/data/unisim_comp.v:15930]
INFO: [Synth 8-638] synthesizing module 'FDR' [/opt/Xilinx/Vivado/2014.1/scripts/rt/data/unisim_comp.v:3001]
	Parameter INIT bound to: 1'b0 
INFO: [Synth 8-256] done synthesizing module 'FDR' (4#1) [/opt/Xilinx/Vivado/2014.1/scripts/rt/data/unisim_comp.v:3001]
INFO: [Synth 8-638] synthesizing module 'LUT6_2__parameterized11' [/opt/Xilinx/Vivado/2014.1/scripts/rt/data/unisim_comp.v:15930]
	Parameter INIT bound to: 64'b1000000000000000000000000000000000100000000000000000000000000000 
INFO: [Synth 8-256] done synthesizing module 'LUT6_2__parameterized11' (4#1) [/opt/Xilinx/Vivado/2014.1/scripts/rt/data/unisim_comp.v:15930]
INFO: [Synth 8-638] synthesizing module 'LUT6_2__parameterized12' [/opt/Xilinx/Vivado/2014.1/scripts/rt/data/unisim_comp.v:15930]
	Parameter INIT bound to: 64'b0100000000000000000000000000000000000001000000000000000000000000 
INFO: [Synth 8-256] done synthesizing module 'LUT6_2__parameterized12' (4#1) [/opt/Xilinx/Vivado/2014.1/scripts/rt/data/unisim_comp.v:15930]
INFO: [Synth 8-638] synthesizing module 'LUT6__parameterized2' [/opt/Xilinx/Vivado/2014.1/scripts/rt/data/unisim_comp.v:15914]
	Parameter INIT bound to: 64'b0000000010000000000000100000000000000000000000000000000000000000 
INFO: [Synth 8-256] done synthesizing module 'LUT6__parameterized2' (4#1) [/opt/Xilinx/Vivado/2014.1/scripts/rt/data/unisim_comp.v:15914]
INFO: [Synth 8-638] synthesizing module 'LUT6__parameterized3' [/opt/Xilinx/Vivado/2014.1/scripts/rt/data/unisim_comp.v:15914]
	Parameter INIT bound to: 64'b1010110010101100111111110000000011111111000000001111111100000000 
INFO: [Synth 8-256] done synthesizing module 'LUT6__parameterized3' (4#1) [/opt/Xilinx/Vivado/2014.1/scripts/rt/data/unisim_comp.v:15914]
INFO: [Synth 8-638] synthesizing module 'XORCY' [/opt/Xilinx/Vivado/2014.1/scripts/rt/data/unisim_comp.v:35678]
INFO: [Synth 8-256] done synthesizing module 'XORCY' (5#1) [/opt/Xilinx/Vivado/2014.1/scripts/rt/data/unisim_comp.v:35678]
INFO: [Synth 8-638] synthesizing module 'LUT6_2__parameterized13' [/opt/Xilinx/Vivado/2014.1/scripts/rt/data/unisim_comp.v:15930]
	Parameter INIT bound to: 64'b0000000000000000000000000000000010000111011110000000000000000000 
INFO: [Synth 8-256] done synthesizing module 'LUT6_2__parameterized13' (5#1) [/opt/Xilinx/Vivado/2014.1/scripts/rt/data/unisim_comp.v:15930]
INFO: [Synth 8-638] synthesizing module 'MUXCY' [/opt/Xilinx/Vivado/2014.1/scripts/rt/data/unisim_comp.v:16646]
INFO: [Synth 8-256] done synthesizing module 'MUXCY' (6#1) [/opt/Xilinx/Vivado/2014.1/scripts/rt/data/unisim_comp.v:16646]
INFO: [Synth 8-638] synthesizing module 'LUT6__parameterized4' [/opt/Xilinx/Vivado/2014.1/scripts/rt/data/unisim_comp.v:15914]
	Parameter INIT bound to: 64'b0110100110010110100101100110100110010110011010010110100110010110 
INFO: [Synth 8-256] done synthesizing module 'LUT6__parameterized4' (6#1) [/opt/Xilinx/Vivado/2014.1/scripts/rt/data/unisim_comp.v:15914]
INFO: [Synth 8-638] synthesizing module 'LUT6__parameterized5' [/opt/Xilinx/Vivado/2014.1/scripts/rt/data/unisim_comp.v:15914]
	Parameter INIT bound to: 64'b1111111111111111101010101100110011110000111100001111000011110000 
INFO: [Synth 8-256] done synthesizing module 'LUT6__parameterized5' (6#1) [/opt/Xilinx/Vivado/2014.1/scripts/rt/data/unisim_comp.v:15914]
INFO: [Synth 8-638] synthesizing module 'LUT6_2__parameterized14' [/opt/Xilinx/Vivado/2014.1/scripts/rt/data/unisim_comp.v:15930]
	Parameter INIT bound to: 64'b0011001100110011101010101100110011110000101010100000000000000000 
INFO: [Synth 8-256] done synthesizing module 'LUT6_2__parameterized14' (6#1) [/opt/Xilinx/Vivado/2014.1/scripts/rt/data/unisim_comp.v:15930]
INFO: [Synth 8-638] synthesizing module 'FDRE' [/opt/Xilinx/Vivado/2014.1/scripts/rt/data/unisim_comp.v:3014]
	Parameter INIT bound to: 1'b0 
	Parameter IS_C_INVERTED bound to: 1'b0 
	Parameter IS_D_INVERTED bound to: 1'b0 
	Parameter IS_R_INVERTED bound to: 1'b0 
INFO: [Synth 8-256] done synthesizing module 'FDRE' (7#1) [/opt/Xilinx/Vivado/2014.1/scripts/rt/data/unisim_comp.v:3014]
INFO: [Synth 8-638] synthesizing module 'LUT6_2__parameterized15' [/opt/Xilinx/Vivado/2014.1/scripts/rt/data/unisim_comp.v:15930]
	Parameter INIT bound to: 64'b1010001010000000000000000000000000000000111100000000000011110000 
INFO: [Synth 8-256] done synthesizing module 'LUT6_2__parameterized15' (7#1) [/opt/Xilinx/Vivado/2014.1/scripts/rt/data/unisim_comp.v:15930]
INFO: [Synth 8-638] synthesizing module 'LUT6_2__parameterized16' [/opt/Xilinx/Vivado/2014.1/scripts/rt/data/unisim_comp.v:15930]
	Parameter INIT bound to: 64'b0000000000000000000000000000000000000000000000000000000000000001 
INFO: [Synth 8-256] done synthesizing module 'LUT6_2__parameterized16' (7#1) [/opt/Xilinx/Vivado/2014.1/scripts/rt/data/unisim_comp.v:15930]
INFO: [Synth 8-638] synthesizing module 'LUT6_2__parameterized17' [/opt/Xilinx/Vivado/2014.1/scripts/rt/data/unisim_comp.v:15930]
	Parameter INIT bound to: 64'b0000000000000000000000000000110100000000000000000000000000000000 
INFO: [Synth 8-256] done synthesizing module 'LUT6_2__parameterized17' (7#1) [/opt/Xilinx/Vivado/2014.1/scripts/rt/data/unisim_comp.v:15930]
INFO: [Synth 8-638] synthesizing module 'LUT6__parameterized6' [/opt/Xilinx/Vivado/2014.1/scripts/rt/data/unisim_comp.v:15914]
	Parameter INIT bound to: 64'b1111101111111111000000000000000000000000000000000000000000000000 
INFO: [Synth 8-256] done synthesizing module 'LUT6__parameterized6' (7#1) [/opt/Xilinx/Vivado/2014.1/scripts/rt/data/unisim_comp.v:15914]
INFO: [Synth 8-638] synthesizing module 'LUT6_2__parameterized18' [/opt/Xilinx/Vivado/2014.1/scripts/rt/data/unisim_comp.v:15930]
	Parameter INIT bound to: 64'b1111111100000000111100001111000011001100110011001010101010101010 
INFO: [Synth 8-256] done synthesizing module 'LUT6_2__parameterized18' (7#1) [/opt/Xilinx/Vivado/2014.1/scripts/rt/data/unisim_comp.v:15930]
INFO: [Synth 8-638] synthesizing module 'LUT6__parameterized7' [/opt/Xilinx/Vivado/2014.1/scripts/rt/data/unisim_comp.v:15914]
	Parameter INIT bound to: 64'b0000000010101010000000001111111100110011110011000000111100000000 
INFO: [Synth 8-256] done synthesizing module 'LUT6__parameterized7' (7#1) [/opt/Xilinx/Vivado/2014.1/scripts/rt/data/unisim_comp.v:15914]
INFO: [Synth 8-638] synthesizing module 'LUT6__parameterized8' [/opt/Xilinx/Vivado/2014.1/scripts/rt/data/unisim_comp.v:15914]
	Parameter INIT bound to: 64'b0000000010101010000000001111111111001100110011001111000000000000 
INFO: [Synth 8-256] done synthesizing module 'LUT6__parameterized8' (7#1) [/opt/Xilinx/Vivado/2014.1/scripts/rt/data/unisim_comp.v:15914]
INFO: [Synth 8-638] synthesizing module 'LUT6__parameterized9' [/opt/Xilinx/Vivado/2014.1/scripts/rt/data/unisim_comp.v:15914]
	Parameter INIT bound to: 64'b0000000010101010000000000000000011001100110011001111000000000000 
INFO: [Synth 8-256] done synthesizing module 'LUT6__parameterized9' (7#1) [/opt/Xilinx/Vivado/2014.1/scripts/rt/data/unisim_comp.v:15914]
INFO: [Synth 8-638] synthesizing module 'RAM32M' [/opt/Xilinx/Vivado/2014.1/scripts/rt/data/unisim_comp.v:27987]
	Parameter IS_WCLK_INVERTED bound to: 1'b0 
	Parameter INIT_A bound to: 64'b0000000000000000000000000000000000000000000000000000000000000000 
	Parameter INIT_B bound to: 64'b0000000000000000000000000000000000000000000000000000000000000000 
	Parameter INIT_C bound to: 64'b0000000000000000000000000000000000000000000000000000000000000000 
	Parameter INIT_D bound to: 64'b0000000000000000000000000000000000000000000000000000000000000000 
INFO: [Synth 8-256] done synthesizing module 'RAM32M' (8#1) [/opt/Xilinx/Vivado/2014.1/scripts/rt/data/unisim_comp.v:27987]
INFO: [Synth 8-638] synthesizing module 'LUT6_2__parameterized19' [/opt/Xilinx/Vivado/2014.1/scripts/rt/data/unisim_comp.v:15930]
	Parameter INIT bound to: 64'b0000000000010101001010011010101010101010101010101010101010101010 
INFO: [Synth 8-256] done synthesizing module 'LUT6_2__parameterized19' (8#1) [/opt/Xilinx/Vivado/2014.1/scripts/rt/data/unisim_comp.v:15930]
INFO: [Synth 8-638] synthesizing module 'LUT6_2__parameterized20' [/opt/Xilinx/Vivado/2014.1/scripts/rt/data/unisim_comp.v:15930]
	Parameter INIT bound to: 64'b0000000000101010001001010010101010101010101010101010101010101010 
INFO: [Synth 8-256] done synthesizing module 'LUT6_2__parameterized20' (8#1) [/opt/Xilinx/Vivado/2014.1/scripts/rt/data/unisim_comp.v:15930]
INFO: [Synth 8-638] synthesizing module 'LUT6_2__parameterized21' [/opt/Xilinx/Vivado/2014.1/scripts/rt/data/unisim_comp.v:15930]
	Parameter INIT bound to: 64'b0110100101101001011011101000101011001100110011000000000000000000 
INFO: [Synth 8-256] done synthesizing module 'LUT6_2__parameterized21' (8#1) [/opt/Xilinx/Vivado/2014.1/scripts/rt/data/unisim_comp.v:15930]
INFO: [Synth 8-638] synthesizing module 'LUT6__parameterized10' [/opt/Xilinx/Vivado/2014.1/scripts/rt/data/unisim_comp.v:15914]
	Parameter INIT bound to: 64'b1011111110111100100011111000110010110011101100001000001110000000 
INFO: [Synth 8-256] done synthesizing module 'LUT6__parameterized10' (8#1) [/opt/Xilinx/Vivado/2014.1/scripts/rt/data/unisim_comp.v:15914]
INFO: [Synth 8-638] synthesizing module 'LUT6__parameterized11' [/opt/Xilinx/Vivado/2014.1/scripts/rt/data/unisim_comp.v:15914]
	Parameter INIT bound to: 64'b1111111100000000111100001111000011001100110011001010101010101010 
INFO: [Synth 8-256] done synthesizing module 'LUT6__parameterized11' (8#1) [/opt/Xilinx/Vivado/2014.1/scripts/rt/data/unisim_comp.v:15914]
INFO: [Synth 8-638] synthesizing module 'RAM64M' [/opt/Xilinx/Vivado/2014.1/scripts/rt/data/unisim_comp.v:28296]
	Parameter IS_WCLK_INVERTED bound to: 1'b0 
	Parameter INIT_A bound to: 64'b0000000000000000000000000000000000000000000000000000000000000000 
	Parameter INIT_B bound to: 64'b0000000000000000000000000000000000000000000000000000000000000000 
	Parameter INIT_C bound to: 64'b0000000000000000000000000000000000000000000000000000000000000000 
	Parameter INIT_D bound to: 64'b0000000000000000000000000000000000000000000000000000000000000000 
INFO: [Synth 8-256] done synthesizing module 'RAM64M' (9#1) [/opt/Xilinx/Vivado/2014.1/scripts/rt/data/unisim_comp.v:28296]
INFO: [Synth 8-256] done synthesizing module 'kcpsm6' (10#1) [/home/andrew/projects/EE178/final_project/final_project.srcs/sources_1/imports/software/kcpsm6.v:74]
INFO: [Synth 8-638] synthesizing module 'software' [/home/andrew/projects/EE178/final_project/final_project.srcs/sources_1/imports/software/software.v:54]
INFO: [Synth 8-638] synthesizing module 'RAMB36E1' [/opt/Xilinx/Vivado/2014.1/scripts/rt/data/unisim_comp.v:33354]
	Parameter EN_ECC_READ bound to: FALSE - type: string 
	Parameter EN_ECC_WRITE bound to: FALSE - type: string 
	Parameter INITP_00 bound to: 256'b0000000000000000000000000000000000000000000000000000000000000000000000000000000000000000000000000000000000000000000000000000000000000000000000000000000000000000000000000000000000000000000000000000000000000000000000000000000000000010101001100000110111010000 
	Parameter INITP_01 bound to: 256'b0000000000000000000000000000000000000000000000000000000000000000000000000000000000000000000000000000000000000000000000000000000000000000000000000000000000000000000000000000000000000000000000000000000000000000000000000000000000000000000000000000000000000000 
	Parameter INITP_02 bound to: 256'b0000000000000000000000000000000000000000000000000000000000000000000000000000000000000000000000000000000000000000000000000000000000000000000000000000000000000000000000000000000000000000000000000000000000000000000000000000000000000000000000000000000000000000 
	Parameter INITP_03 bound to: 256'b0000000000000000000000000000000000000000000000000000000000000000000000000000000000000000000000000000000000000000000000000000000000000000000000000000000000000000000000000000000000000000000000000000000000000000000000000000000000000000000000000000000000000000 
	Parameter INITP_04 bound to: 256'b0000000000000000000000000000000000000000000000000000000000000000000000000000000000000000000000000000000000000000000000000000000000000000000000000000000000000000000000000000000000000000000000000000000000000000000000000000000000000000000000000000000000000000 
	Parameter INITP_05 bound to: 256'b0000000000000000000000000000000000000000000000000000000000000000000000000000000000000000000000000000000000000000000000000000000000000000000000000000000000000000000000000000000000000000000000000000000000000000000000000000000000000000000000000000000000000000 
	Parameter INITP_06 bound to: 256'b0000000000000000000000000000000000000000000000000000000000000000000000000000000000000000000000000000000000000000000000000000000000000000000000000000000000000000000000000000000000000000000000000000000000000000000000000000000000000000000000000000000000000000 
	Parameter INITP_07 bound to: 256'b0000000000000000000000000000000000000000000000000000000000000000000000000000000000000000000000000000000000000000000000000000000000000000000000000000000000000000000000000000000000000000000000000000000000000000000000000000000000000000000000000000000000000000 
	Parameter INITP_08 bound to: 256'b0000000000000000000000000000000000000000000000000000000000000000000000000000000000000000000000000000000000000000000000000000000000000000000000000000000000000000000000000000000000000000000000000000000000000000000000000000000000000000000000000000000000000000 
	Parameter INITP_09 bound to: 256'b0000000000000000000000000000000000000000000000000000000000000000000000000000000000000000000000000000000000000000000000000000000000000000000000000000000000000000000000000000000000000000000000000000000000000000000000000000000000000000000000000000000000000000 
	Parameter INITP_0A bound to: 256'b0000000000000000000000000000000000000000000000000000000000000000000000000000000000000000000000000000000000000000000000000000000000000000000000000000000000000000000000000000000000000000000000000000000000000000000000000000000000000000000000000000000000000000 
	Parameter INITP_0B bound to: 256'b0000000000000000000000000000000000000000000000000000000000000000000000000000000000000000000000000000000000000000000000000000000000000000000000000000000000000000000000000000000000000000000000000000000000000000000000000000000000000000000000000000000000000000 
	Parameter INITP_0C bound to: 256'b0000000000000000000000000000000000000000000000000000000000000000000000000000000000000000000000000000000000000000000000000000000000000000000000000000000000000000000000000000000000000000000000000000000000000000000000000000000000000000000000000000000000000000 
	Parameter INITP_0D bound to: 256'b0000000000000000000000000000000000000000000000000000000000000000000000000000000000000000000000000000000000000000000000000000000000000000000000000000000000000000000000000000000000000000000000000000000000000000000000000000000000000000000000000000000000000000 
	Parameter INITP_0E bound to: 256'b0000000000000000000000000000000000000000000000000000000000000000000000000000000000000000000000000000000000000000000000000000000000000000000000000000000000000000000000000000000000000000000000000000000000000000000000000000000000000000000000000000000000000000 
	Parameter INITP_0F bound to: 256'b0000000000000000000000000000000000000000000000000000000000000000000000000000000000000000000000000000000000000000000000000000000000000000000000000000000000000000000000000000000000000000000000000000000000000000000000000000000000000000000000000000000000000000 
	Parameter INIT_00 bound to: 256'b0000000000000000000000000000000000000000000000000010000000000000110100010000001111010000000000100000000000010000001000000000101001110001111111110111000011111111011000000000100111010000100101010110000000001001110100010101001010010001000000011001000000000000 
	Parameter INIT_01 bound to: 256'b0000000000000000000000000000000000000000000000000000000000000000000000000000000000000000000000000000000000000000000000000000000000000000000000000000000000000000000000000000000000000000000000000000000000000000000000000000000000000000000000000000000000000000 
	Parameter INIT_02 bound to: 256'b0000000000000000000000000000000000000000000000000000000000000000000000000000000000000000000000000000000000000000000000000000000000000000000000000000000000000000000000000000000000000000000000000000000000000000000000000000000000000000000000000000000000000000 
	Parameter INIT_03 bound to: 256'b0000000000000000000000000000000000000000000000000000000000000000000000000000000000000000000000000000000000000000000000000000000000000000000000000000000000000000000000000000000000000000000000000000000000000000000000000000000000000000000000000000000000000000 
	Parameter INIT_04 bound to: 256'b0000000000000000000000000000000000000000000000000000000000000000000000000000000000000000000000000000000000000000000000000000000000000000000000000000000000000000000000000000000000000000000000000000000000000000000000000000000000000000000000000000000000000000 
	Parameter INIT_05 bound to: 256'b0000000000000000000000000000000000000000000000000000000000000000000000000000000000000000000000000000000000000000000000000000000000000000000000000000000000000000000000000000000000000000000000000000000000000000000000000000000000000000000000000000000000000000 
	Parameter INIT_06 bound to: 256'b0000000000000000000000000000000000000000000000000000000000000000000000000000000000000000000000000000000000000000000000000000000000000000000000000000000000000000000000000000000000000000000000000000000000000000000000000000000000000000000000000000000000000000 
	Parameter INIT_07 bound to: 256'b0000000000000000000000000000000000000000000000000000000000000000000000000000000000000000000000000000000000000000000000000000000000000000000000000000000000000000000000000000000000000000000000000000000000000000000000000000000000000000000000000000000000000000 
	Parameter INIT_08 bound to: 256'b0000000000000000000000000000000000000000000000000000000000000000000000000000000000000000000000000000000000000000000000000000000000000000000000000000000000000000000000000000000000000000000000000000000000000000000000000000000000000000000000000000000000000000 
	Parameter INIT_09 bound to: 256'b0000000000000000000000000000000000000000000000000000000000000000000000000000000000000000000000000000000000000000000000000000000000000000000000000000000000000000000000000000000000000000000000000000000000000000000000000000000000000000000000000000000000000000 
	Parameter INIT_0A bound to: 256'b0000000000000000000000000000000000000000000000000000000000000000000000000000000000000000000000000000000000000000000000000000000000000000000000000000000000000000000000000000000000000000000000000000000000000000000000000000000000000000000000000000000000000000 
	Parameter INIT_0B bound to: 256'b0000000000000000000000000000000000000000000000000000000000000000000000000000000000000000000000000000000000000000000000000000000000000000000000000000000000000000000000000000000000000000000000000000000000000000000000000000000000000000000000000000000000000000 
	Parameter INIT_0C bound to: 256'b0000000000000000000000000000000000000000000000000000000000000000000000000000000000000000000000000000000000000000000000000000000000000000000000000000000000000000000000000000000000000000000000000000000000000000000000000000000000000000000000000000000000000000 
	Parameter INIT_0D bound to: 256'b0000000000000000000000000000000000000000000000000000000000000000000000000000000000000000000000000000000000000000000000000000000000000000000000000000000000000000000000000000000000000000000000000000000000000000000000000000000000000000000000000000000000000000 
	Parameter INIT_0E bound to: 256'b0000000000000000000000000000000000000000000000000000000000000000000000000000000000000000000000000000000000000000000000000000000000000000000000000000000000000000000000000000000000000000000000000000000000000000000000000000000000000000000000000000000000000000 
	Parameter INIT_0F bound to: 256'b0000000000000000000000000000000000000000000000000000000000000000000000000000000000000000000000000000000000000000000000000000000000000000000000000000000000000000000000000000000000000000000000000000000000000000000000000000000000000000000000000000000000000000 
	Parameter INIT_10 bound to: 256'b0000000000000000000000000000000000000000000000000000000000000000000000000000000000000000000000000000000000000000000000000000000000000000000000000000000000000000000000000000000000000000000000000000000000000000000000000000000000000000000000000000000000000000 
	Parameter INIT_11 bound to: 256'b0000000000000000000000000000000000000000000000000000000000000000000000000000000000000000000000000000000000000000000000000000000000000000000000000000000000000000000000000000000000000000000000000000000000000000000000000000000000000000000000000000000000000000 
	Parameter INIT_12 bound to: 256'b0000000000000000000000000000000000000000000000000000000000000000000000000000000000000000000000000000000000000000000000000000000000000000000000000000000000000000000000000000000000000000000000000000000000000000000000000000000000000000000000000000000000000000 
	Parameter INIT_13 bound to: 256'b0000000000000000000000000000000000000000000000000000000000000000000000000000000000000000000000000000000000000000000000000000000000000000000000000000000000000000000000000000000000000000000000000000000000000000000000000000000000000000000000000000000000000000 
	Parameter INIT_14 bound to: 256'b0000000000000000000000000000000000000000000000000000000000000000000000000000000000000000000000000000000000000000000000000000000000000000000000000000000000000000000000000000000000000000000000000000000000000000000000000000000000000000000000000000000000000000 
	Parameter INIT_15 bound to: 256'b0000000000000000000000000000000000000000000000000000000000000000000000000000000000000000000000000000000000000000000000000000000000000000000000000000000000000000000000000000000000000000000000000000000000000000000000000000000000000000000000000000000000000000 
	Parameter INIT_16 bound to: 256'b0000000000000000000000000000000000000000000000000000000000000000000000000000000000000000000000000000000000000000000000000000000000000000000000000000000000000000000000000000000000000000000000000000000000000000000000000000000000000000000000000000000000000000 
	Parameter INIT_17 bound to: 256'b0000000000000000000000000000000000000000000000000000000000000000000000000000000000000000000000000000000000000000000000000000000000000000000000000000000000000000000000000000000000000000000000000000000000000000000000000000000000000000000000000000000000000000 
	Parameter INIT_18 bound to: 256'b0000000000000000000000000000000000000000000000000000000000000000000000000000000000000000000000000000000000000000000000000000000000000000000000000000000000000000000000000000000000000000000000000000000000000000000000000000000000000000000000000000000000000000 
	Parameter INIT_19 bound to: 256'b0000000000000000000000000000000000000000000000000000000000000000000000000000000000000000000000000000000000000000000000000000000000000000000000000000000000000000000000000000000000000000000000000000000000000000000000000000000000000000000000000000000000000000 
	Parameter INIT_1A bound to: 256'b0000000000000000000000000000000000000000000000000000000000000000000000000000000000000000000000000000000000000000000000000000000000000000000000000000000000000000000000000000000000000000000000000000000000000000000000000000000000000000000000000000000000000000 
	Parameter INIT_1B bound to: 256'b0000000000000000000000000000000000000000000000000000000000000000000000000000000000000000000000000000000000000000000000000000000000000000000000000000000000000000000000000000000000000000000000000000000000000000000000000000000000000000000000000000000000000000 
	Parameter INIT_1C bound to: 256'b0000000000000000000000000000000000000000000000000000000000000000000000000000000000000000000000000000000000000000000000000000000000000000000000000000000000000000000000000000000000000000000000000000000000000000000000000000000000000000000000000000000000000000 
	Parameter INIT_1D bound to: 256'b0000000000000000000000000000000000000000000000000000000000000000000000000000000000000000000000000000000000000000000000000000000000000000000000000000000000000000000000000000000000000000000000000000000000000000000000000000000000000000000000000000000000000000 
	Parameter INIT_1E bound to: 256'b0000000000000000000000000000000000000000000000000000000000000000000000000000000000000000000000000000000000000000000000000000000000000000000000000000000000000000000000000000000000000000000000000000000000000000000000000000000000000000000000000000000000000000 
	Parameter INIT_1F bound to: 256'b0000000000000000000000000000000000000000000000000000000000000000000000000000000000000000000000000000000000000000000000000000000000000000000000000000000000000000000000000000000000000000000000000000000000000000000000000000000000000000000000000000000000000000 
	Parameter INIT_20 bound to: 256'b0000000000000000000000000000000000000000000000000000000000000000000000000000000000000000000000000000000000000000000000000000000000000000000000000000000000000000000000000000000000000000000000000000000000000000000000000000000000000000000000000000000000000000 
	Parameter INIT_21 bound to: 256'b0000000000000000000000000000000000000000000000000000000000000000000000000000000000000000000000000000000000000000000000000000000000000000000000000000000000000000000000000000000000000000000000000000000000000000000000000000000000000000000000000000000000000000 
	Parameter INIT_22 bound to: 256'b0000000000000000000000000000000000000000000000000000000000000000000000000000000000000000000000000000000000000000000000000000000000000000000000000000000000000000000000000000000000000000000000000000000000000000000000000000000000000000000000000000000000000000 
	Parameter INIT_23 bound to: 256'b0000000000000000000000000000000000000000000000000000000000000000000000000000000000000000000000000000000000000000000000000000000000000000000000000000000000000000000000000000000000000000000000000000000000000000000000000000000000000000000000000000000000000000 
	Parameter INIT_24 bound to: 256'b0000000000000000000000000000000000000000000000000000000000000000000000000000000000000000000000000000000000000000000000000000000000000000000000000000000000000000000000000000000000000000000000000000000000000000000000000000000000000000000000000000000000000000 
	Parameter INIT_25 bound to: 256'b0000000000000000000000000000000000000000000000000000000000000000000000000000000000000000000000000000000000000000000000000000000000000000000000000000000000000000000000000000000000000000000000000000000000000000000000000000000000000000000000000000000000000000 
	Parameter INIT_26 bound to: 256'b0000000000000000000000000000000000000000000000000000000000000000000000000000000000000000000000000000000000000000000000000000000000000000000000000000000000000000000000000000000000000000000000000000000000000000000000000000000000000000000000000000000000000000 
	Parameter INIT_27 bound to: 256'b0000000000000000000000000000000000000000000000000000000000000000000000000000000000000000000000000000000000000000000000000000000000000000000000000000000000000000000000000000000000000000000000000000000000000000000000000000000000000000000000000000000000000000 
	Parameter INIT_28 bound to: 256'b0000000000000000000000000000000000000000000000000000000000000000000000000000000000000000000000000000000000000000000000000000000000000000000000000000000000000000000000000000000000000000000000000000000000000000000000000000000000000000000000000000000000000000 
	Parameter INIT_29 bound to: 256'b0000000000000000000000000000000000000000000000000000000000000000000000000000000000000000000000000000000000000000000000000000000000000000000000000000000000000000000000000000000000000000000000000000000000000000000000000000000000000000000000000000000000000000 
	Parameter INIT_2A bound to: 256'b0000000000000000000000000000000000000000000000000000000000000000000000000000000000000000000000000000000000000000000000000000000000000000000000000000000000000000000000000000000000000000000000000000000000000000000000000000000000000000000000000000000000000000 
	Parameter INIT_2B bound to: 256'b0000000000000000000000000000000000000000000000000000000000000000000000000000000000000000000000000000000000000000000000000000000000000000000000000000000000000000000000000000000000000000000000000000000000000000000000000000000000000000000000000000000000000000 
	Parameter INIT_2C bound to: 256'b0000000000000000000000000000000000000000000000000000000000000000000000000000000000000000000000000000000000000000000000000000000000000000000000000000000000000000000000000000000000000000000000000000000000000000000000000000000000000000000000000000000000000000 
	Parameter INIT_2D bound to: 256'b0000000000000000000000000000000000000000000000000000000000000000000000000000000000000000000000000000000000000000000000000000000000000000000000000000000000000000000000000000000000000000000000000000000000000000000000000000000000000000000000000000000000000000 
	Parameter INIT_2E bound to: 256'b0000000000000000000000000000000000000000000000000000000000000000000000000000000000000000000000000000000000000000000000000000000000000000000000000000000000000000000000000000000000000000000000000000000000000000000000000000000000000000000000000000000000000000 
	Parameter INIT_2F bound to: 256'b0000000000000000000000000000000000000000000000000000000000000000000000000000000000000000000000000000000000000000000000000000000000000000000000000000000000000000000000000000000000000000000000000000000000000000000000000000000000000000000000000000000000000000 
	Parameter INIT_30 bound to: 256'b0000000000000000000000000000000000000000000000000000000000000000000000000000000000000000000000000000000000000000000000000000000000000000000000000000000000000000000000000000000000000000000000000000000000000000000000000000000000000000000000000000000000000000 
	Parameter INIT_31 bound to: 256'b0000000000000000000000000000000000000000000000000000000000000000000000000000000000000000000000000000000000000000000000000000000000000000000000000000000000000000000000000000000000000000000000000000000000000000000000000000000000000000000000000000000000000000 
	Parameter INIT_32 bound to: 256'b0000000000000000000000000000000000000000000000000000000000000000000000000000000000000000000000000000000000000000000000000000000000000000000000000000000000000000000000000000000000000000000000000000000000000000000000000000000000000000000000000000000000000000 
	Parameter INIT_33 bound to: 256'b0000000000000000000000000000000000000000000000000000000000000000000000000000000000000000000000000000000000000000000000000000000000000000000000000000000000000000000000000000000000000000000000000000000000000000000000000000000000000000000000000000000000000000 
	Parameter INIT_34 bound to: 256'b0000000000000000000000000000000000000000000000000000000000000000000000000000000000000000000000000000000000000000000000000000000000000000000000000000000000000000000000000000000000000000000000000000000000000000000000000000000000000000000000000000000000000000 
	Parameter INIT_35 bound to: 256'b0000000000000000000000000000000000000000000000000000000000000000000000000000000000000000000000000000000000000000000000000000000000000000000000000000000000000000000000000000000000000000000000000000000000000000000000000000000000000000000000000000000000000000 
	Parameter INIT_36 bound to: 256'b0000000000000000000000000000000000000000000000000000000000000000000000000000000000000000000000000000000000000000000000000000000000000000000000000000000000000000000000000000000000000000000000000000000000000000000000000000000000000000000000000000000000000000 
	Parameter INIT_37 bound to: 256'b0000000000000000000000000000000000000000000000000000000000000000000000000000000000000000000000000000000000000000000000000000000000000000000000000000000000000000000000000000000000000000000000000000000000000000000000000000000000000000000000000000000000000000 
	Parameter INIT_38 bound to: 256'b0000000000000000000000000000000000000000000000000000000000000000000000000000000000000000000000000000000000000000000000000000000000000000000000000000000000000000000000000000000000000000000000000000000000000000000000000000000000000000000000000000000000000000 
	Parameter INIT_39 bound to: 256'b0000000000000000000000000000000000000000000000000000000000000000000000000000000000000000000000000000000000000000000000000000000000000000000000000000000000000000000000000000000000000000000000000000000000000000000000000000000000000000000000000000000000000000 
	Parameter INIT_3A bound to: 256'b0000000000000000000000000000000000000000000000000000000000000000000000000000000000000000000000000000000000000000000000000000000000000000000000000000000000000000000000000000000000000000000000000000000000000000000000000000000000000000000000000000000000000000 
	Parameter INIT_3B bound to: 256'b0000000000000000000000000000000000000000000000000000000000000000000000000000000000000000000000000000000000000000000000000000000000000000000000000000000000000000000000000000000000000000000000000000000000000000000000000000000000000000000000000000000000000000 
	Parameter INIT_3C bound to: 256'b0000000000000000000000000000000000000000000000000000000000000000000000000000000000000000000000000000000000000000000000000000000000000000000000000000000000000000000000000000000000000000000000000000000000000000000000000000000000000000000000000000000000000000 
	Parameter INIT_3D bound to: 256'b0000000000000000000000000000000000000000000000000000000000000000000000000000000000000000000000000000000000000000000000000000000000000000000000000000000000000000000000000000000000000000000000000000000000000000000000000000000000000000000000000000000000000000 
	Parameter INIT_3E bound to: 256'b0000000000000000000000000000000000000000000000000000000000000000000000000000000000000000000000000000000000000000000000000000000000000000000000000000000000000000000000000000000000000000000000000000000000000000000000000000000000000000000000000000000000000000 
	Parameter INIT_3F bound to: 256'b0000000000000000000000000000000000000000000000000000000000000000000000000000000000000000000000000000000000000000000000000000000000000000000000000000000000000000000000000000000000000000000000000000000000000000000000000000000000000000000000000000000000000000 
	Parameter INIT_40 bound to: 256'b0000000000000000000000000000000000000000000000000000000000000000000000000000000000000000000000000000000000000000000000000000000000000000000000000000000000000000000000000000000000000000000000000000000000000000000000000000000000000000000000000000000000000000 
	Parameter INIT_41 bound to: 256'b0000000000000000000000000000000000000000000000000000000000000000000000000000000000000000000000000000000000000000000000000000000000000000000000000000000000000000000000000000000000000000000000000000000000000000000000000000000000000000000000000000000000000000 
	Parameter INIT_42 bound to: 256'b0000000000000000000000000000000000000000000000000000000000000000000000000000000000000000000000000000000000000000000000000000000000000000000000000000000000000000000000000000000000000000000000000000000000000000000000000000000000000000000000000000000000000000 
	Parameter INIT_43 bound to: 256'b0000000000000000000000000000000000000000000000000000000000000000000000000000000000000000000000000000000000000000000000000000000000000000000000000000000000000000000000000000000000000000000000000000000000000000000000000000000000000000000000000000000000000000 
	Parameter INIT_44 bound to: 256'b0000000000000000000000000000000000000000000000000000000000000000000000000000000000000000000000000000000000000000000000000000000000000000000000000000000000000000000000000000000000000000000000000000000000000000000000000000000000000000000000000000000000000000 
	Parameter INIT_45 bound to: 256'b0000000000000000000000000000000000000000000000000000000000000000000000000000000000000000000000000000000000000000000000000000000000000000000000000000000000000000000000000000000000000000000000000000000000000000000000000000000000000000000000000000000000000000 
	Parameter INIT_46 bound to: 256'b0000000000000000000000000000000000000000000000000000000000000000000000000000000000000000000000000000000000000000000000000000000000000000000000000000000000000000000000000000000000000000000000000000000000000000000000000000000000000000000000000000000000000000 
	Parameter INIT_47 bound to: 256'b0000000000000000000000000000000000000000000000000000000000000000000000000000000000000000000000000000000000000000000000000000000000000000000000000000000000000000000000000000000000000000000000000000000000000000000000000000000000000000000000000000000000000000 
	Parameter INIT_48 bound to: 256'b0000000000000000000000000000000000000000000000000000000000000000000000000000000000000000000000000000000000000000000000000000000000000000000000000000000000000000000000000000000000000000000000000000000000000000000000000000000000000000000000000000000000000000 
	Parameter INIT_49 bound to: 256'b0000000000000000000000000000000000000000000000000000000000000000000000000000000000000000000000000000000000000000000000000000000000000000000000000000000000000000000000000000000000000000000000000000000000000000000000000000000000000000000000000000000000000000 
	Parameter INIT_4A bound to: 256'b0000000000000000000000000000000000000000000000000000000000000000000000000000000000000000000000000000000000000000000000000000000000000000000000000000000000000000000000000000000000000000000000000000000000000000000000000000000000000000000000000000000000000000 
	Parameter INIT_4B bound to: 256'b0000000000000000000000000000000000000000000000000000000000000000000000000000000000000000000000000000000000000000000000000000000000000000000000000000000000000000000000000000000000000000000000000000000000000000000000000000000000000000000000000000000000000000 
	Parameter INIT_4C bound to: 256'b0000000000000000000000000000000000000000000000000000000000000000000000000000000000000000000000000000000000000000000000000000000000000000000000000000000000000000000000000000000000000000000000000000000000000000000000000000000000000000000000000000000000000000 
	Parameter INIT_4D bound to: 256'b0000000000000000000000000000000000000000000000000000000000000000000000000000000000000000000000000000000000000000000000000000000000000000000000000000000000000000000000000000000000000000000000000000000000000000000000000000000000000000000000000000000000000000 
	Parameter INIT_4E bound to: 256'b0000000000000000000000000000000000000000000000000000000000000000000000000000000000000000000000000000000000000000000000000000000000000000000000000000000000000000000000000000000000000000000000000000000000000000000000000000000000000000000000000000000000000000 
	Parameter INIT_4F bound to: 256'b0000000000000000000000000000000000000000000000000000000000000000000000000000000000000000000000000000000000000000000000000000000000000000000000000000000000000000000000000000000000000000000000000000000000000000000000000000000000000000000000000000000000000000 
	Parameter INIT_50 bound to: 256'b0000000000000000000000000000000000000000000000000000000000000000000000000000000000000000000000000000000000000000000000000000000000000000000000000000000000000000000000000000000000000000000000000000000000000000000000000000000000000000000000000000000000000000 
	Parameter INIT_51 bound to: 256'b0000000000000000000000000000000000000000000000000000000000000000000000000000000000000000000000000000000000000000000000000000000000000000000000000000000000000000000000000000000000000000000000000000000000000000000000000000000000000000000000000000000000000000 
	Parameter INIT_52 bound to: 256'b0000000000000000000000000000000000000000000000000000000000000000000000000000000000000000000000000000000000000000000000000000000000000000000000000000000000000000000000000000000000000000000000000000000000000000000000000000000000000000000000000000000000000000 
	Parameter INIT_53 bound to: 256'b0000000000000000000000000000000000000000000000000000000000000000000000000000000000000000000000000000000000000000000000000000000000000000000000000000000000000000000000000000000000000000000000000000000000000000000000000000000000000000000000000000000000000000 
	Parameter INIT_54 bound to: 256'b0000000000000000000000000000000000000000000000000000000000000000000000000000000000000000000000000000000000000000000000000000000000000000000000000000000000000000000000000000000000000000000000000000000000000000000000000000000000000000000000000000000000000000 
	Parameter INIT_55 bound to: 256'b0000000000000000000000000000000000000000000000000000000000000000000000000000000000000000000000000000000000000000000000000000000000000000000000000000000000000000000000000000000000000000000000000000000000000000000000000000000000000000000000000000000000000000 
	Parameter INIT_56 bound to: 256'b0000000000000000000000000000000000000000000000000000000000000000000000000000000000000000000000000000000000000000000000000000000000000000000000000000000000000000000000000000000000000000000000000000000000000000000000000000000000000000000000000000000000000000 
	Parameter INIT_57 bound to: 256'b0000000000000000000000000000000000000000000000000000000000000000000000000000000000000000000000000000000000000000000000000000000000000000000000000000000000000000000000000000000000000000000000000000000000000000000000000000000000000000000000000000000000000000 
	Parameter INIT_58 bound to: 256'b0000000000000000000000000000000000000000000000000000000000000000000000000000000000000000000000000000000000000000000000000000000000000000000000000000000000000000000000000000000000000000000000000000000000000000000000000000000000000000000000000000000000000000 
	Parameter INIT_59 bound to: 256'b0000000000000000000000000000000000000000000000000000000000000000000000000000000000000000000000000000000000000000000000000000000000000000000000000000000000000000000000000000000000000000000000000000000000000000000000000000000000000000000000000000000000000000 
	Parameter INIT_5A bound to: 256'b0000000000000000000000000000000000000000000000000000000000000000000000000000000000000000000000000000000000000000000000000000000000000000000000000000000000000000000000000000000000000000000000000000000000000000000000000000000000000000000000000000000000000000 
	Parameter INIT_5B bound to: 256'b0000000000000000000000000000000000000000000000000000000000000000000000000000000000000000000000000000000000000000000000000000000000000000000000000000000000000000000000000000000000000000000000000000000000000000000000000000000000000000000000000000000000000000 
	Parameter INIT_5C bound to: 256'b0000000000000000000000000000000000000000000000000000000000000000000000000000000000000000000000000000000000000000000000000000000000000000000000000000000000000000000000000000000000000000000000000000000000000000000000000000000000000000000000000000000000000000 
	Parameter INIT_5D bound to: 256'b0000000000000000000000000000000000000000000000000000000000000000000000000000000000000000000000000000000000000000000000000000000000000000000000000000000000000000000000000000000000000000000000000000000000000000000000000000000000000000000000000000000000000000 
	Parameter INIT_5E bound to: 256'b0000000000000000000000000000000000000000000000000000000000000000000000000000000000000000000000000000000000000000000000000000000000000000000000000000000000000000000000000000000000000000000000000000000000000000000000000000000000000000000000000000000000000000 
	Parameter INIT_5F bound to: 256'b0000000000000000000000000000000000000000000000000000000000000000000000000000000000000000000000000000000000000000000000000000000000000000000000000000000000000000000000000000000000000000000000000000000000000000000000000000000000000000000000000000000000000000 
	Parameter INIT_60 bound to: 256'b0000000000000000000000000000000000000000000000000000000000000000000000000000000000000000000000000000000000000000000000000000000000000000000000000000000000000000000000000000000000000000000000000000000000000000000000000000000000000000000000000000000000000000 
	Parameter INIT_61 bound to: 256'b0000000000000000000000000000000000000000000000000000000000000000000000000000000000000000000000000000000000000000000000000000000000000000000000000000000000000000000000000000000000000000000000000000000000000000000000000000000000000000000000000000000000000000 
	Parameter INIT_62 bound to: 256'b0000000000000000000000000000000000000000000000000000000000000000000000000000000000000000000000000000000000000000000000000000000000000000000000000000000000000000000000000000000000000000000000000000000000000000000000000000000000000000000000000000000000000000 
	Parameter INIT_63 bound to: 256'b0000000000000000000000000000000000000000000000000000000000000000000000000000000000000000000000000000000000000000000000000000000000000000000000000000000000000000000000000000000000000000000000000000000000000000000000000000000000000000000000000000000000000000 
	Parameter INIT_64 bound to: 256'b0000000000000000000000000000000000000000000000000000000000000000000000000000000000000000000000000000000000000000000000000000000000000000000000000000000000000000000000000000000000000000000000000000000000000000000000000000000000000000000000000000000000000000 
	Parameter INIT_65 bound to: 256'b0000000000000000000000000000000000000000000000000000000000000000000000000000000000000000000000000000000000000000000000000000000000000000000000000000000000000000000000000000000000000000000000000000000000000000000000000000000000000000000000000000000000000000 
	Parameter INIT_66 bound to: 256'b0000000000000000000000000000000000000000000000000000000000000000000000000000000000000000000000000000000000000000000000000000000000000000000000000000000000000000000000000000000000000000000000000000000000000000000000000000000000000000000000000000000000000000 
	Parameter INIT_67 bound to: 256'b0000000000000000000000000000000000000000000000000000000000000000000000000000000000000000000000000000000000000000000000000000000000000000000000000000000000000000000000000000000000000000000000000000000000000000000000000000000000000000000000000000000000000000 
	Parameter INIT_68 bound to: 256'b0000000000000000000000000000000000000000000000000000000000000000000000000000000000000000000000000000000000000000000000000000000000000000000000000000000000000000000000000000000000000000000000000000000000000000000000000000000000000000000000000000000000000000 
	Parameter INIT_69 bound to: 256'b0000000000000000000000000000000000000000000000000000000000000000000000000000000000000000000000000000000000000000000000000000000000000000000000000000000000000000000000000000000000000000000000000000000000000000000000000000000000000000000000000000000000000000 
	Parameter INIT_6A bound to: 256'b0000000000000000000000000000000000000000000000000000000000000000000000000000000000000000000000000000000000000000000000000000000000000000000000000000000000000000000000000000000000000000000000000000000000000000000000000000000000000000000000000000000000000000 
	Parameter INIT_6B bound to: 256'b0000000000000000000000000000000000000000000000000000000000000000000000000000000000000000000000000000000000000000000000000000000000000000000000000000000000000000000000000000000000000000000000000000000000000000000000000000000000000000000000000000000000000000 
	Parameter INIT_6C bound to: 256'b0000000000000000000000000000000000000000000000000000000000000000000000000000000000000000000000000000000000000000000000000000000000000000000000000000000000000000000000000000000000000000000000000000000000000000000000000000000000000000000000000000000000000000 
	Parameter INIT_6D bound to: 256'b0000000000000000000000000000000000000000000000000000000000000000000000000000000000000000000000000000000000000000000000000000000000000000000000000000000000000000000000000000000000000000000000000000000000000000000000000000000000000000000000000000000000000000 
	Parameter INIT_6E bound to: 256'b0000000000000000000000000000000000000000000000000000000000000000000000000000000000000000000000000000000000000000000000000000000000000000000000000000000000000000000000000000000000000000000000000000000000000000000000000000000000000000000000000000000000000000 
	Parameter INIT_6F bound to: 256'b0000000000000000000000000000000000000000000000000000000000000000000000000000000000000000000000000000000000000000000000000000000000000000000000000000000000000000000000000000000000000000000000000000000000000000000000000000000000000000000000000000000000000000 
	Parameter INIT_70 bound to: 256'b0000000000000000000000000000000000000000000000000000000000000000000000000000000000000000000000000000000000000000000000000000000000000000000000000000000000000000000000000000000000000000000000000000000000000000000000000000000000000000000000000000000000000000 
	Parameter INIT_71 bound to: 256'b0000000000000000000000000000000000000000000000000000000000000000000000000000000000000000000000000000000000000000000000000000000000000000000000000000000000000000000000000000000000000000000000000000000000000000000000000000000000000000000000000000000000000000 
	Parameter INIT_72 bound to: 256'b0000000000000000000000000000000000000000000000000000000000000000000000000000000000000000000000000000000000000000000000000000000000000000000000000000000000000000000000000000000000000000000000000000000000000000000000000000000000000000000000000000000000000000 
	Parameter INIT_73 bound to: 256'b0000000000000000000000000000000000000000000000000000000000000000000000000000000000000000000000000000000000000000000000000000000000000000000000000000000000000000000000000000000000000000000000000000000000000000000000000000000000000000000000000000000000000000 
	Parameter INIT_74 bound to: 256'b0000000000000000000000000000000000000000000000000000000000000000000000000000000000000000000000000000000000000000000000000000000000000000000000000000000000000000000000000000000000000000000000000000000000000000000000000000000000000000000000000000000000000000 
	Parameter INIT_75 bound to: 256'b0000000000000000000000000000000000000000000000000000000000000000000000000000000000000000000000000000000000000000000000000000000000000000000000000000000000000000000000000000000000000000000000000000000000000000000000000000000000000000000000000000000000000000 
	Parameter INIT_76 bound to: 256'b0000000000000000000000000000000000000000000000000000000000000000000000000000000000000000000000000000000000000000000000000000000000000000000000000000000000000000000000000000000000000000000000000000000000000000000000000000000000000000000000000000000000000000 
	Parameter INIT_77 bound to: 256'b0000000000000000000000000000000000000000000000000000000000000000000000000000000000000000000000000000000000000000000000000000000000000000000000000000000000000000000000000000000000000000000000000000000000000000000000000000000000000000000000000000000000000000 
	Parameter INIT_78 bound to: 256'b0000000000000000000000000000000000000000000000000000000000000000000000000000000000000000000000000000000000000000000000000000000000000000000000000000000000000000000000000000000000000000000000000000000000000000000000000000000000000000000000000000000000000000 
	Parameter INIT_79 bound to: 256'b0000000000000000000000000000000000000000000000000000000000000000000000000000000000000000000000000000000000000000000000000000000000000000000000000000000000000000000000000000000000000000000000000000000000000000000000000000000000000000000000000000000000000000 
	Parameter INIT_7A bound to: 256'b0000000000000000000000000000000000000000000000000000000000000000000000000000000000000000000000000000000000000000000000000000000000000000000000000000000000000000000000000000000000000000000000000000000000000000000000000000000000000000000000000000000000000000 
	Parameter INIT_7B bound to: 256'b0000000000000000000000000000000000000000000000000000000000000000000000000000000000000000000000000000000000000000000000000000000000000000000000000000000000000000000000000000000000000000000000000000000000000000000000000000000000000000000000000000000000000000 
	Parameter INIT_7C bound to: 256'b0000000000000000000000000000000000000000000000000000000000000000000000000000000000000000000000000000000000000000000000000000000000000000000000000000000000000000000000000000000000000000000000000000000000000000000000000000000000000000000000000000000000000000 
	Parameter INIT_7D bound to: 256'b0000000000000000000000000000000000000000000000000000000000000000000000000000000000000000000000000000000000000000000000000000000000000000000000000000000000000000000000000000000000000000000000000000000000000000000000000000000000000000000000000000000000000000 
	Parameter INIT_7E bound to: 256'b0000000000000000000000000000000000000000000000000000000000000000000000000000000000000000000000000000000000000000000000000000000000000000000000000000000000000000000000000000000000000000000000000000000000000000000000000000000000000000000000000000000000000000 
	Parameter INIT_7F bound to: 256'b0000000000000000000000000000000000000000000000000000000000000000000000000000000000000000000000000000000000000000000000000000000000000000000000000000000000000000000000000000000000000000000000000000000000000000000000000000000000000000000000000000000000000000 
	Parameter INIT_A bound to: 36'b000000000000000000000000000000000000 
	Parameter INIT_B bound to: 36'b000000000000000000000000000000000000 
	Parameter INIT_FILE bound to: NONE - type: string 
	Parameter IS_CLKARDCLK_INVERTED bound to: 1'b0 
	Parameter IS_CLKBWRCLK_INVERTED bound to: 1'b0 
	Parameter IS_ENARDEN_INVERTED bound to: 1'b0 
	Parameter IS_ENBWREN_INVERTED bound to: 1'b0 
	Parameter IS_RSTRAMARSTRAM_INVERTED bound to: 1'b0 
	Parameter IS_RSTRAMB_INVERTED bound to: 1'b0 
	Parameter IS_RSTREGARSTREG_INVERTED bound to: 1'b0 
	Parameter IS_RSTREGB_INVERTED bound to: 1'b0 
	Parameter RAM_EXTENSION_A bound to: NONE - type: string 
	Parameter RAM_EXTENSION_B bound to: NONE - type: string 
	Parameter RAM_MODE bound to: TDP - type: string 
	Parameter RDADDR_COLLISION_HWCONFIG bound to: DELAYED_WRITE - type: string 
	Parameter RSTREG_PRIORITY_A bound to: REGCE - type: string 
	Parameter RSTREG_PRIORITY_B bound to: REGCE - type: string 
	Parameter SIM_COLLISION_CHECK bound to: ALL - type: string 
	Parameter SIM_DEVICE bound to: 7SERIES - type: string 
	Parameter SRVAL_A bound to: 36'b000000000000000000000000000000000000 
	Parameter SRVAL_B bound to: 36'b000000000000000000000000000000000000 
	Parameter WRITE_MODE_A bound to: WRITE_FIRST - type: string 
	Parameter WRITE_MODE_B bound to: WRITE_FIRST - type: string 
	Parameter DOA_REG bound to: 0 - type: integer 
	Parameter DOB_REG bound to: 0 - type: integer 
	Parameter READ_WIDTH_A bound to: 18 - type: integer 
	Parameter READ_WIDTH_B bound to: 18 - type: integer 
	Parameter WRITE_WIDTH_A bound to: 18 - type: integer 
	Parameter WRITE_WIDTH_B bound to: 18 - type: integer 
INFO: [Synth 8-256] done synthesizing module 'RAMB36E1' (11#1) [/opt/Xilinx/Vivado/2014.1/scripts/rt/data/unisim_comp.v:33354]
INFO: [Synth 8-256] done synthesizing module 'software' (12#1) [/home/andrew/projects/EE178/final_project/final_project.srcs/sources_1/imports/software/software.v:54]
INFO: [Synth 8-256] done synthesizing module 'final_project' (13#1) [/home/andrew/projects/EE178/final_project/final_project.srcs/sources_1/new/final_project.v:24]
---------------------------------------------------------------------------------
Finished Synthesize : Time (s): cpu = 00:00:04 ; elapsed = 00:00:04 . Memory (MB): peak = 813.141 ; gain = 189.777
---------------------------------------------------------------------------------

---------------------------------------------------------------------------------
Start RTL Optimization
---------------------------------------------------------------------------------

---------------------------------------------------------------------------------
Start Loading Part and Timing Information
---------------------------------------------------------------------------------
Loading part: xc7a100tcsg324-1
---------------------------------------------------------------------------------
Finished Loading Part and Timing Information : Time (s): cpu = 00:00:04 ; elapsed = 00:00:04 . Memory (MB): peak = 821.141 ; gain = 197.777
---------------------------------------------------------------------------------

---------------------------------------------------------------------------------
Finished RTL Optimization : Time (s): cpu = 00:00:04 ; elapsed = 00:00:04 . Memory (MB): peak = 821.141 ; gain = 197.777
---------------------------------------------------------------------------------


Report RTL Partitions: 
+-+--------------+------------+----------+
| |RTL Partition |Replication |Instances |
+-+--------------+------------+----------+
+-+--------------+------------+----------+
No constraint files found.

---------------------------------------------------------------------------------
Start RTL Component Statistics 
---------------------------------------------------------------------------------
Detailed RTL Component Info : 
+---Registers : 
	               16 Bit    Registers := 1     
+---Muxes : 
	   2 Input     16 Bit        Muxes := 1     
	   3 Input      8 Bit        Muxes := 1     
	   2 Input      8 Bit        Muxes := 2     

---------------------------------------------------------------------------------
Finished RTL Component Statistics 
---------------------------------------------------------------------------------

---------------------------------------------------------------------------------
Start RTL Hierarchical Component Statistics 
---------------------------------------------------------------------------------
Hierarchical RTL Component report 
Module final_project 
Detailed RTL Component Info : 
+---Registers : 
	               16 Bit    Registers := 1     
+---Muxes : 
	   2 Input     16 Bit        Muxes := 1     
	   3 Input      8 Bit        Muxes := 1     
	   2 Input      8 Bit        Muxes := 2     
Module kcpsm6 
Detailed RTL Component Info : 
Module software 
Detailed RTL Component Info : 

---------------------------------------------------------------------------------
Finished RTL Hierarchical Component Statistics
---------------------------------------------------------------------------------

---------------------------------------------------------------------------------
Start Part Resource Summary
---------------------------------------------------------------------------------
Loading clock regions from /opt/Xilinx/Vivado/2014.1/data/parts/xilinx/artix7/artix7/xc7a100t/ClockRegion.xml
Loading clock buffers from /opt/Xilinx/Vivado/2014.1/data/parts/xilinx/artix7/artix7/xc7a100t/ClockBuffers.xml
Loading clock placement rules from /opt/Xilinx/Vivado/2014.1/data/parts/xilinx/artix7/ClockPlacerRules.xml
Loading package pin functions from /opt/Xilinx/Vivado/2014.1/data/parts/xilinx/artix7/PinFunctions.xml...
Loading package from /opt/Xilinx/Vivado/2014.1/data/parts/xilinx/artix7/artix7/xc7a100t/csg324/Package.xml
Loading io standards from /opt/Xilinx/Vivado/2014.1/data/./parts/xilinx/artix7/IOStandards.xml
Loading device configuration modes from /opt/Xilinx/Vivado/2014.1/data/parts/xilinx/artix7/ConfigModes.xml
Part Resources:
DSPs: 240 (col length:80)
BRAMs: 270 (col length: RAMB18 80 RAMB36 40)

---------------------------------------------------------------------------------
Finished Part Resource Summary
---------------------------------------------------------------------------------

---------------------------------------------------------------------------------
Start Cross Boundary Optimization
---------------------------------------------------------------------------------
WARNING: [Synth 8-3332] Sequential element (\kcpsm6_inst/interrupt_ack_flop ) is unused and will be removed from module final_project.
WARNING: [Synth 8-3332] Sequential element (\kcpsm6_inst/k_write_strobe_flop ) is unused and will be removed from module final_project.
WARNING: [Synth 8-3332] Sequential element (\kcpsm6_inst/read_strobe_flop ) is unused and will be removed from module final_project.
---------------------------------------------------------------------------------
Finished Cross Boundary Optimization : Time (s): cpu = 00:00:14 ; elapsed = 00:00:15 . Memory (MB): peak = 1060.445 ; gain = 437.082
---------------------------------------------------------------------------------

---------------------------------------------------------------------------------
Start RAM, DSP and Shift Register Reporting
---------------------------------------------------------------------------------

Distributed RAM: 
+------------+-----------------------------------------------------------------+--------------------+----------------------+------------+-------------------+
|Module Name | RTL Object                                                      | Inference Criteria | Size (depth X width) | Primitives | Hierarchical Name | 
+------------+-----------------------------------------------------------------+--------------------+----------------------+------------+-------------------+
|            | \kcpsm6_inst/stack_ram_low                                      | User Instantiated  | -                    | RAM32M X 1 | ->final_project   | 
|            | \kcpsm6_inst/stack_ram_high                                     | User Instantiated  | -                    | RAM32M X 1 | ->final_project   | 
|            | \kcpsm6_inst/lower_reg_banks                                    | User Instantiated  | -                    | RAM32M X 1 | ->final_project   | 
|            | \kcpsm6_inst/upper_reg_banks                                    | User Instantiated  | -                    | RAM32M X 1 | ->final_project   | 
|            | \kcpsm6_inst/data_path_loop[0].small_spm.small_spm_ram.spm_ram  | User Instantiated  | -                    | RAM64M X 1 | ->final_project   | 
|            | \kcpsm6_inst/data_path_loop[4].small_spm.small_spm_ram.spm_ram  | User Instantiated  | -                    | RAM64M X 1 | ->final_project   | 
+------------+-----------------------------------------------------------------+--------------------+----------------------+------------+-------------------+

Note: The table shows RAMs generated at current stage. Some RAM generation could be reversed due to later optimizations. Mutiple instantiated RAMs are reported only once. "Hierarchical Name" reflects the hierarchical modules names of the RAM and only part of it is displayed.
---------------------------------------------------------------------------------
Finished RAM, DSP and Shift Register Reporting
---------------------------------------------------------------------------------
No constraint files found.

---------------------------------------------------------------------------------
Start Area Optimization
---------------------------------------------------------------------------------
INFO: [Synth 8-3333] propagating constant 0 across sequential element (\kcpsm6_inst/sync_sleep_flop )
INFO: [Synth 8-3333] propagating constant 0 across sequential element (\kcpsm6_inst/sync_interrupt_flop )
WARNING: [Synth 8-3332] Sequential element (\kcpsm6_inst/sync_sleep_flop ) is unused and will be removed from module final_project.
WARNING: [Synth 8-3332] Sequential element (\kcpsm6_inst/sync_interrupt_flop ) is unused and will be removed from module final_project.
---------------------------------------------------------------------------------
Finished Area Optimization : Time (s): cpu = 00:00:15 ; elapsed = 00:00:15 . Memory (MB): peak = 1091.496 ; gain = 468.133
---------------------------------------------------------------------------------


---------------------------------------------------------------------------------
Start Timing Optimization
---------------------------------------------------------------------------------
No constraint files found.
---------------------------------------------------------------------------------
Finished Timing Optimization : Time (s): cpu = 00:00:15 ; elapsed = 00:00:15 . Memory (MB): peak = 1091.496 ; gain = 468.133
---------------------------------------------------------------------------------


---------------------------------------------------------------------------------
Start Technology Mapping
---------------------------------------------------------------------------------
---------------------------------------------------------------------------------
Finished Technology Mapping : Time (s): cpu = 00:00:15 ; elapsed = 00:00:15 . Memory (MB): peak = 1091.496 ; gain = 468.133
---------------------------------------------------------------------------------


---------------------------------------------------------------------------------
Start IO Insertion
---------------------------------------------------------------------------------

---------------------------------------------------------------------------------
Start Flattening Before IO Insertion
---------------------------------------------------------------------------------

---------------------------------------------------------------------------------
Finished Flattening Before IO Insertion
---------------------------------------------------------------------------------

---------------------------------------------------------------------------------
Start Final Netlist Cleanup
---------------------------------------------------------------------------------

---------------------------------------------------------------------------------
Finished Final Netlist Cleanup
---------------------------------------------------------------------------------
---------------------------------------------------------------------------------
Finished IO Insertion : Time (s): cpu = 00:00:15 ; elapsed = 00:00:15 . Memory (MB): peak = 1091.496 ; gain = 468.133
---------------------------------------------------------------------------------


Report Check Netlist: 
+------+------------------+-------+---------+-------+------------------+
|      |Item              |Errors |Warnings |Status |Description       |
+------+------------------+-------+---------+-------+------------------+
|1     |multi_driven_nets |      0|        0|Passed |Multi driven nets |
+------+------------------+-------+---------+-------+------------------+

---------------------------------------------------------------------------------
Start Renaming Generated Instances
---------------------------------------------------------------------------------
---------------------------------------------------------------------------------
Finished Renaming Generated Instances : Time (s): cpu = 00:00:15 ; elapsed = 00:00:15 . Memory (MB): peak = 1091.496 ; gain = 468.133
---------------------------------------------------------------------------------


---------------------------------------------------------------------------------
Start Rebuilding User Hierarchy
---------------------------------------------------------------------------------
---------------------------------------------------------------------------------
Finished Rebuilding User Hierarchy : Time (s): cpu = 00:00:15 ; elapsed = 00:00:15 . Memory (MB): peak = 1091.496 ; gain = 468.133
---------------------------------------------------------------------------------

---------------------------------------------------------------------------------
Start RAM, DSP and Shift Register Reporting
---------------------------------------------------------------------------------
---------------------------------------------------------------------------------
Finished RAM, DSP and Shift Register Reporting
---------------------------------------------------------------------------------

---------------------------------------------------------------------------------
Start Writing Synthesis Report
---------------------------------------------------------------------------------

Report BlackBoxes: 
+-+--------------+----------+
| |BlackBox name |Instances |
+-+--------------+----------+
+-+--------------+----------+

Report Cell Usage: 
+------+---------+------+
|      |Cell     |Count |
+------+---------+------+
|1     |BUFG     |     1|
|2     |LUT4     |     2|
|3     |LUT5     |     8|
|4     |LUT6     |    30|
|5     |LUT6_2   |    50|
|6     |MUXCY    |    29|
|7     |RAM32M   |     4|
|8     |RAM64M   |     2|
|9     |RAMB36E1 |     1|
|10    |XORCY    |    27|
|11    |FD       |    45|
|12    |FDR      |    18|
|13    |FDRE     |    30|
|14    |IBUF     |    17|
|15    |OBUF     |    16|
+------+---------+------+

Report Instance Areas: 
+------+----------------+---------+------+
|      |Instance        |Module   |Cells |
+------+----------------+---------+------+
|1     |top             |         |   280|
|2     |  kcpsm6_inst   |kcpsm6   |   218|
|3     |  software_inst |software |    12|
+------+----------------+---------+------+
---------------------------------------------------------------------------------
Finished Writing Synthesis Report : Time (s): cpu = 00:00:15 ; elapsed = 00:00:15 . Memory (MB): peak = 1091.496 ; gain = 468.133
---------------------------------------------------------------------------------

Synthesis finished with 0 errors, 0 critical warnings and 5 warnings.
Synthesis Optimization Complete : Time (s): cpu = 00:00:15 ; elapsed = 00:00:15 . Memory (MB): peak = 1091.496 ; gain = 468.133
INFO: [Netlist 29-17] Analyzing 137 Unisim elements for replacement
INFO: [Netlist 29-28] Unisim Transformation completed in 0 CPU seconds
INFO: [Opt 31-140] Inserted 0 IBUFs to IO ports without IO buffers.
INFO: [Opt 31-141] Inserted 0 OBUFs to IO ports without IO buffers.
INFO: [Opt 31-138] Pushed 0 inverter(s).
INFO: [Project 1-111] Unisim Transformation Summary:
  A total of 129 instances were transformed.
  (MUXCY,XORCY) => CARRY4: 10 instances
  FD => FDRE: 45 instances
  FDR => FDRE: 18 instances
  LUT6_2 => LUT6_2 (LUT5, LUT6): 50 instances
  RAM32M => RAM32M (RAMD32, RAMD32, RAMD32, RAMD32, RAMD32, RAMD32, RAMS32, RAMS32): 4 instances
  RAM64M => RAM64M (RAMD64E, RAMD64E, RAMD64E, RAMD64E): 2 instances

INFO: [Common 17-83] Releasing license: Synthesis
104 Infos, 5 Warnings, 0 Critical Warnings and 0 Errors encountered.
synth_design completed successfully
synth_design: Time (s): cpu = 00:00:15 ; elapsed = 00:00:15 . Memory (MB): peak = 1091.500 ; gain = 366.223
# write_checkpoint final_project.dcp
# report_utilization -file final_project_utilization_synth.rpt -pb final_project_utilization_synth.pb
report_utilization: Time (s): cpu = 00:00:00.02 ; elapsed = 00:00:00.03 . Memory (MB): peak = 1091.500 ; gain = 0.000
INFO: [Common 17-206] Exiting Vivado at Wed May  7 19:10:07 2014...
