
*** Running vivado
    with args -log narrator.rdi -applog -m64 -messageDb vivado.pb -mode batch -source narrator.tcl -notrace


****** Vivado v2013.4 (64-bit)
  **** SW Build 353583 on Mon Dec  9 17:26:26 MST 2013
  **** IP Build 208076 on Mon Dec  2 12:38:17 MST 2013
    ** Copyright 1986-1999, 2001-2013 Xilinx, Inc. All Rights Reserved.

Attempting to get a license: Implementation
WARNING: [Common 17-301] Failed to get a license: Implementation
WARNING: [Vivado 15-19] WARNING: No 'Implementation' license found. This message may be safely ignored if a Vivado WebPACK or device-locked license, common for board kits, will be used during implementation.

Attempting to get a license: Synthesis
WARNING: [Common 17-301] Failed to get a license: Synthesis
Loading parts and site information from /opt/Xilinx/Vivado/2013.4/data/parts/arch.xml
Parsing RTL primitives file [/opt/Xilinx/Vivado/2013.4/data/parts/xilinx/rtl/prims/rtl_prims.xml]
Finished parsing RTL primitives file [/opt/Xilinx/Vivado/2013.4/data/parts/xilinx/rtl/prims/rtl_prims.xml]
source narrator.tcl -notrace
INFO: [Project 1-11] Changing the constrs_type of fileset 'constrs_1' to 'XDC'.
Design is defaulting to srcset: sources_1
Design is defaulting to constrset: constrs_1
INFO: [Project 1-454] Reading design checkpoint '/home/andrew/vivadoprojects/lab6/lab6.runs/phonemes_synth_1/phonemes.dcp' for cell 'chatter_inst/rom_vo'
INFO: [Netlist 29-17] Analyzing 17 Unisim elements for replacement
INFO: [Netlist 29-28] Unisim Transformation completed in 0 CPU seconds
INFO: [Project 1-479] Netlist was created with Vivado 2013.4
Loading clock regions from /opt/Xilinx/Vivado/2013.4/data/parts/xilinx/artix7/artix7/xc7a100t/ClockRegion.xml
Loading clock buffers from /opt/Xilinx/Vivado/2013.4/data/parts/xilinx/artix7/artix7/xc7a100t/ClockBuffers.xml
Loading clock placement rules from /opt/Xilinx/Vivado/2013.4/data/parts/xilinx/artix7/ClockPlacerRules.xml
Loading package pin functions from /opt/Xilinx/Vivado/2013.4/data/parts/xilinx/artix7/PinFunctions.xml...
Loading package from /opt/Xilinx/Vivado/2013.4/data/parts/xilinx/artix7/artix7/xc7a100t/csg324/Package.xml
Loading io standards from /opt/Xilinx/Vivado/2013.4/data/./parts/xilinx/artix7/IOStandards.xml
Loading device configuration modes from /opt/Xilinx/Vivado/2013.4/data/parts/xilinx/artix7/ConfigModes.xml
INFO: [Opt 31-140] Inserted 1 IBUFs to IO ports without IO buffers.
INFO: [Opt 31-141] Inserted 0 OBUFs to IO ports without IO buffers.
Parsing XDC File [/home/andrew/vivadoprojects/lab6/lab6.runs/impl_1/.Xil/Vivado-11093-andrew-arch/dcp_2/phonemes_early.xdc] for cell 'chatter_inst/rom_vo'
Finished Parsing XDC File [/home/andrew/vivadoprojects/lab6/lab6.runs/impl_1/.Xil/Vivado-11093-andrew-arch/dcp_2/phonemes_early.xdc] for cell 'chatter_inst/rom_vo'
Parsing XDC File [/home/andrew/vivadoprojects/lab6/lab6.srcs/constrs_1/imports/files/narrator.xdc]
Finished Parsing XDC File [/home/andrew/vivadoprojects/lab6/lab6.srcs/constrs_1/imports/files/narrator.xdc]
Parsing XDC File [/home/andrew/vivadoprojects/lab6/lab6.runs/impl_1/.Xil/Vivado-11093-andrew-arch/dcp/narrator.xdc]
Finished Parsing XDC File [/home/andrew/vivadoprojects/lab6/lab6.runs/impl_1/.Xil/Vivado-11093-andrew-arch/dcp/narrator.xdc]
Parsing XDC File [/home/andrew/vivadoprojects/lab6/lab6.runs/impl_1/.Xil/Vivado-11093-andrew-arch/dcp_2/phonemes.xdc] for cell 'chatter_inst/rom_vo'
Finished Parsing XDC File [/home/andrew/vivadoprojects/lab6/lab6.runs/impl_1/.Xil/Vivado-11093-andrew-arch/dcp_2/phonemes.xdc] for cell 'chatter_inst/rom_vo'
INFO: [Opt 31-138] Pushed 0 inverter(s).
INFO: [Memdata 28-144] Successfully populated the BRAM INIT strings from the following elf files: 
INFO: [Project 1-111] Unisim Transformation Summary:
No Unisim elements were transformed.

link_design: Time (s): cpu = 00:00:14 ; elapsed = 00:00:14 . Memory (MB): peak = 1358.293 ; gain = 641.668
Command: opt_design
Attempting to get a license for feature 'Implementation' and/or device 'xc7a100t'
INFO: [Common 17-349] Got license for feature 'Implementation' and/or device 'xc7a100t'
Running DRC as a precondition to command opt_design

Starting DRC Task
INFO: [Drc 23-27] Running DRC with 4 threads
INFO: [Project 1-461] DRC finished with 0 Errors
INFO: [Project 1-462] Please refer to the DRC report (report_drc) for more information.

Time (s): cpu = 00:00:00.15 ; elapsed = 00:00:00.15 . Memory (MB): peak = 1365.305 ; gain = 7.012

Starting Logic Optimization Task
INFO: [Timing 38-35] Done setting XDC timing constraints.

Phase 1 Retarget

INFO: [Opt 31-138] Pushed 0 inverter(s).
INFO: [Opt 31-49] Retargeted 0 cell(s).
Phase 1 Retarget | Checksum: 26eb9051c

Time (s): cpu = 00:00:00.23 ; elapsed = 00:00:00.18 . Memory (MB): peak = 1397.320 ; gain = 32.016

Phase 2 Constant Propagation
INFO: [Opt 31-138] Pushed 0 inverter(s).
INFO: [Opt 31-10] Eliminated 13 cells.
Phase 2 Constant Propagation | Checksum: 2661a224a

Time (s): cpu = 00:00:00.24 ; elapsed = 00:00:00.19 . Memory (MB): peak = 1397.320 ; gain = 32.016

Phase 3 Sweep
INFO: [Opt 31-12] Eliminated 66 unconnected nets.
INFO: [Opt 31-11] Eliminated 2 unconnected cells.
Phase 3 Sweep | Checksum: 273f37296

Time (s): cpu = 00:00:00.28 ; elapsed = 00:00:00.24 . Memory (MB): peak = 1397.320 ; gain = 32.016
Ending Logic Optimization Task | Checksum: 273f37296

Time (s): cpu = 00:00:00.28 ; elapsed = 00:00:00.24 . Memory (MB): peak = 1397.320 ; gain = 32.016
Implement Debug Cores | Checksum: 1ed01bc88
Logic Optimization | Checksum: 1ed01bc88

Starting Power Optimization Task

Starting PowerOpt TimerUpdates Task
INFO: [Timing 38-35] Done setting XDC timing constraints.
Ending PowerOpt TimerUpdates Task | Checksum: 273f37296

Time (s): cpu = 00:00:00.11 ; elapsed = 00:00:00.10 . Memory (MB): peak = 1397.320 ; gain = 0.000
INFO: [Pwropt 34-9] Applying IDT optimizations ...
INFO: [Pwropt 34-10] Applying ODC optimizations ...

INFO: [Pwropt 34-162] WRITE_MODE attribute of 0 BRAM(s) out of a total of 17 was updated to NO_CHANGE to save power.
    Run report_power_opt to get a complete listing of the BRAMs updated.
INFO: [Pwropt 34-201] Structural ODC has moved 0 WE to EN ports
Number of BRAM Ports augmented: 1 newly gated: 0 Total Ports: 34
Number of Flops added for Enable Generation: 2

Ending Power Optimization Task | Checksum: 2b0a6d13d

Time (s): cpu = 00:00:02 ; elapsed = 00:00:02 . Memory (MB): peak = 1482.336 ; gain = 85.016
INFO: [Common 17-83] Releasing license: Implementation
27 Infos, 0 Warnings, 0 Critical Warnings and 0 Errors encountered.
opt_design completed successfully
INFO: [Timing 38-35] Done setting XDC timing constraints.
Writing XDEF routing.
Writing XDEF routing logical nets.
Writing XDEF routing special nets.
Write XDEF Complete: Time (s): cpu = 00:00:00.18 ; elapsed = 00:00:00.18 . Memory (MB): peak = 1482.340 ; gain = 0.000
Command: place_design
Attempting to get a license for feature 'Implementation' and/or device 'xc7a100t'
INFO: [Common 17-349] Got license for feature 'Implementation' and/or device 'xc7a100t'
Running DRC as a precondition to command place_design
INFO: [Drc 23-27] Running DRC with 4 threads
INFO: [Vivado_Tcl 4-198] DRC finished with 0 Errors
INFO: [Vivado_Tcl 4-199] Please refer to the DRC report (report_drc) for more information.

Starting Placer Task
INFO: [Place 30-611] Multithreading enabled for place_design using a maximum of 4 CPUs

Phase 1 Placer Initialization

Phase 1.1 Placer Initialization Core
Netlist sorting complete. Time (s): cpu = 00:00:00 ; elapsed = 00:00:00 . Memory (MB): peak = 1482.340 ; gain = 0.000

Phase 1.1.1 Mandatory Logic Optimization
INFO: [Opt 31-140] Inserted 0 IBUFs to IO ports without IO buffers.
INFO: [Opt 31-141] Inserted 0 OBUFs to IO ports without IO buffers.
INFO: [Opt 31-138] Pushed 0 inverter(s).
Netlist sorting complete. Time (s): cpu = 00:00:00.01 ; elapsed = 00:00:00 . Memory (MB): peak = 1482.340 ; gain = 0.000
Phase 1.1.1 Mandatory Logic Optimization | Checksum: 156941c65

Time (s): cpu = 00:00:00.08 ; elapsed = 00:00:00.08 . Memory (MB): peak = 1482.340 ; gain = 0.000

Phase 1.1.2 Build Super Logic Region (SLR) Database
Phase 1.1.2 Build Super Logic Region (SLR) Database | Checksum: 156941c65

Time (s): cpu = 00:00:00.09 ; elapsed = 00:00:00.09 . Memory (MB): peak = 1482.340 ; gain = 0.000

Phase 1.1.3 Add Constraints
Phase 1.1.3 Add Constraints | Checksum: 156941c65

Time (s): cpu = 00:00:00.09 ; elapsed = 00:00:00.09 . Memory (MB): peak = 1482.340 ; gain = 0.000

Phase 1.1.4 Build Macros
Phase 1.1.4 Build Macros | Checksum: 1ab6749eb

Time (s): cpu = 00:00:00.11 ; elapsed = 00:00:00.11 . Memory (MB): peak = 1482.340 ; gain = 0.000

Phase 1.1.5 Implementation Feasibility check
Phase 1.1.5 Implementation Feasibility check | Checksum: 1ab6749eb

Time (s): cpu = 00:00:00.14 ; elapsed = 00:00:00.14 . Memory (MB): peak = 1482.340 ; gain = 0.000

Phase 1.1.6 Pre-Place Cells
Phase 1.1.6 Pre-Place Cells | Checksum: 1ab6749eb

Time (s): cpu = 00:00:00.15 ; elapsed = 00:00:00.15 . Memory (MB): peak = 1482.340 ; gain = 0.000

Phase 1.1.7 IO Placement/ Clock Placement/ Build Placer Device
Phase 1.1.7 IO Placement/ Clock Placement/ Build Placer Device | Checksum: 1de34d847

Time (s): cpu = 00:00:00.38 ; elapsed = 00:00:00.33 . Memory (MB): peak = 1506.348 ; gain = 24.008

Phase 1.1.8 Build Placer Netlist Model

Phase 1.1.8.1 Place Init Design

Phase 1.1.8.1.1 Build Clock Data
Phase 1.1.8.1.1 Build Clock Data | Checksum: 2086b8d99

Time (s): cpu = 00:00:00.64 ; elapsed = 00:00:00.56 . Memory (MB): peak = 1506.348 ; gain = 24.008
Phase 1.1.8.1 Place Init Design | Checksum: 22155c019

Time (s): cpu = 00:00:00.66 ; elapsed = 00:00:00.58 . Memory (MB): peak = 1506.348 ; gain = 24.008
Phase 1.1.8 Build Placer Netlist Model | Checksum: 22155c019

Time (s): cpu = 00:00:00.66 ; elapsed = 00:00:00.58 . Memory (MB): peak = 1506.348 ; gain = 24.008

Phase 1.1.9 Constrain Clocks/Macros

Phase 1.1.9.1 Constrain Global/Regional Clocks
Phase 1.1.9.1 Constrain Global/Regional Clocks | Checksum: 22155c019

Time (s): cpu = 00:00:00.66 ; elapsed = 00:00:00.58 . Memory (MB): peak = 1506.348 ; gain = 24.008
Phase 1.1.9 Constrain Clocks/Macros | Checksum: 22155c019

Time (s): cpu = 00:00:00.67 ; elapsed = 00:00:00.58 . Memory (MB): peak = 1506.348 ; gain = 24.008
Phase 1.1 Placer Initialization Core | Checksum: 22155c019

Time (s): cpu = 00:00:00.67 ; elapsed = 00:00:00.58 . Memory (MB): peak = 1506.348 ; gain = 24.008
Phase 1 Placer Initialization | Checksum: 22155c019

Time (s): cpu = 00:00:00.67 ; elapsed = 00:00:00.58 . Memory (MB): peak = 1506.348 ; gain = 24.008

Phase 2 Global Placement
Phase 2 Global Placement | Checksum: 1aaae8013

Time (s): cpu = 00:00:04 ; elapsed = 00:00:03 . Memory (MB): peak = 1506.348 ; gain = 24.008

Phase 3 Detail Placement

Phase 3.1 Commit Multi Column Macros
Phase 3.1 Commit Multi Column Macros | Checksum: 1aaae8013

Time (s): cpu = 00:00:04 ; elapsed = 00:00:03 . Memory (MB): peak = 1506.348 ; gain = 24.008

Phase 3.2 Commit Most Macros & LUTRAMs
Phase 3.2 Commit Most Macros & LUTRAMs | Checksum: 22d20faa5

Time (s): cpu = 00:00:05 ; elapsed = 00:00:03 . Memory (MB): peak = 1506.348 ; gain = 24.008

Phase 3.3 Area Swap Optimization
Phase 3.3 Area Swap Optimization | Checksum: 1c91fed04

Time (s): cpu = 00:00:05 ; elapsed = 00:00:03 . Memory (MB): peak = 1506.348 ; gain = 24.008

Phase 3.4 Timing Path Optimizer
Phase 3.4 Timing Path Optimizer | Checksum: 14d8e1ccd

Time (s): cpu = 00:00:05 ; elapsed = 00:00:03 . Memory (MB): peak = 1506.348 ; gain = 24.008

Phase 3.5 Commit Small Macros & Core Logic
Phase 3.5 Commit Small Macros & Core Logic | Checksum: 1eeff979c

Time (s): cpu = 00:00:05 ; elapsed = 00:00:03 . Memory (MB): peak = 1530.359 ; gain = 48.020

Phase 3.6 Re-assign LUT pins
Phase 3.6 Re-assign LUT pins | Checksum: 1eeff979c

Time (s): cpu = 00:00:05 ; elapsed = 00:00:03 . Memory (MB): peak = 1530.359 ; gain = 48.020
Phase 3 Detail Placement | Checksum: 1eeff979c

Time (s): cpu = 00:00:05 ; elapsed = 00:00:03 . Memory (MB): peak = 1530.359 ; gain = 48.020

Phase 4 Post Placement Optimization and Clean-Up

Phase 4.1 PCOPT Shape updates
Phase 4.1 PCOPT Shape updates | Checksum: 2638aa71a

Time (s): cpu = 00:00:05 ; elapsed = 00:00:03 . Memory (MB): peak = 1530.359 ; gain = 48.020

Phase 4.2 Post Placement Optimization

Phase 4.2.1 Post Placement Timing Optimization
Phase 4.2.1 Post Placement Timing Optimization | Checksum: 3400d16f1

Time (s): cpu = 00:00:05 ; elapsed = 00:00:03 . Memory (MB): peak = 1530.359 ; gain = 48.020
Phase 4.2 Post Placement Optimization | Checksum: 3400d16f1

Time (s): cpu = 00:00:05 ; elapsed = 00:00:03 . Memory (MB): peak = 1530.359 ; gain = 48.020

Phase 4.3 Post Placement Cleanup
Phase 4.3 Post Placement Cleanup | Checksum: 3400d16f1

Time (s): cpu = 00:00:05 ; elapsed = 00:00:03 . Memory (MB): peak = 1530.359 ; gain = 48.020

Phase 4.4 Placer Reporting

Phase 4.4.1 Congestion Reporting
Phase 4.4.1 Congestion Reporting | Checksum: 3400d16f1

Time (s): cpu = 00:00:05 ; elapsed = 00:00:03 . Memory (MB): peak = 1530.359 ; gain = 48.020

Phase 4.4.2 updateTiming final
Phase 4.4.2 updateTiming final | Checksum: 25c2784af

Time (s): cpu = 00:00:06 ; elapsed = 00:00:04 . Memory (MB): peak = 1530.359 ; gain = 48.020

Phase 4.4.3 Dump Critical Paths 
Phase 4.4.3 Dump Critical Paths  | Checksum: 25c2784af

Time (s): cpu = 00:00:06 ; elapsed = 00:00:04 . Memory (MB): peak = 1530.359 ; gain = 48.020

Phase 4.4.4 Restore STA
Phase 4.4.4 Restore STA | Checksum: 25c2784af

Time (s): cpu = 00:00:06 ; elapsed = 00:00:04 . Memory (MB): peak = 1530.359 ; gain = 48.020

Phase 4.4.5 Print Final WNS
INFO: [Place 30-100] Post Placement Timing Summary | WNS=4.137  | TNS=0.000  |

Phase 4.4.5 Print Final WNS | Checksum: 25c2784af

Time (s): cpu = 00:00:06 ; elapsed = 00:00:04 . Memory (MB): peak = 1530.359 ; gain = 48.020
Phase 4.4 Placer Reporting | Checksum: 25c2784af

Time (s): cpu = 00:00:06 ; elapsed = 00:00:04 . Memory (MB): peak = 1530.359 ; gain = 48.020

Phase 4.5 Final Placement Cleanup
Phase 4.5 Final Placement Cleanup | Checksum: 1b54af953

Time (s): cpu = 00:00:06 ; elapsed = 00:00:04 . Memory (MB): peak = 1530.359 ; gain = 48.020
Phase 4 Post Placement Optimization and Clean-Up | Checksum: 1b54af953

Time (s): cpu = 00:00:06 ; elapsed = 00:00:04 . Memory (MB): peak = 1530.359 ; gain = 48.020
Ending Placer Task | Checksum: 1b06f2f66

Time (s): cpu = 00:00:06 ; elapsed = 00:00:04 . Memory (MB): peak = 1530.359 ; gain = 48.020
INFO: [Common 17-83] Releasing license: Implementation
38 Infos, 0 Warnings, 0 Critical Warnings and 0 Errors encountered.
place_design completed successfully
INFO: [Timing 38-163] DEBUG : Generate clock report | CPU: 0.18 secs 

report_utilization: Time (s): cpu = 00:00:00.08 ; elapsed = 00:00:00.12 . Memory (MB): peak = 1532.375 ; gain = 0.000
INFO: [Designutils 20-134] DEBUG : Generate Control Sets report | CPU: 0.06 secs 
Writing XDEF routing.
Writing XDEF routing logical nets.
Writing XDEF routing special nets.
Write XDEF Complete: Time (s): cpu = 00:00:00.12 ; elapsed = 00:00:00.13 . Memory (MB): peak = 1532.379 ; gain = 0.000
Command: route_design
Attempting to get a license for feature 'Implementation' and/or device 'xc7a100t'
INFO: [Common 17-349] Got license for feature 'Implementation' and/or device 'xc7a100t'
Running DRC as a precondition to command route_design
INFO: [Drc 23-27] Running DRC with 4 threads
INFO: [Vivado_Tcl 4-198] DRC finished with 0 Errors
INFO: [Vivado_Tcl 4-199] Please refer to the DRC report (report_drc) for more information.


Starting Routing Task
INFO: [Route 35-254] Multithreading enabled for route_design using a maximum of 4 CPUs

Starting Route Task

Phase 1 Build RT Design

Phase 1.1 Build Netlist & NodeGraph
Phase 1.1 Build Netlist & NodeGraph | Checksum: 1b06f2f66

Time (s): cpu = 00:00:27 ; elapsed = 00:00:19 . Memory (MB): peak = 1630.883 ; gain = 98.504
Phase 1 Build RT Design | Checksum: 1231e6f98

Time (s): cpu = 00:00:27 ; elapsed = 00:00:19 . Memory (MB): peak = 1630.883 ; gain = 98.504

Phase 2 Router Initialization

Phase 2.1 Create Timer
Phase 2.1 Create Timer | Checksum: 1231e6f98

Time (s): cpu = 00:00:27 ; elapsed = 00:00:19 . Memory (MB): peak = 1630.887 ; gain = 98.508

Phase 2.2 Restore Routing
Phase 2.2 Restore Routing | Checksum: 1231e6f98

Time (s): cpu = 00:00:27 ; elapsed = 00:00:19 . Memory (MB): peak = 1646.148 ; gain = 113.770

Phase 2.3 Special Net Routing
 Number of Nodes with overlaps = 0
Phase 2.3 Special Net Routing | Checksum: cb4a301d

Time (s): cpu = 00:00:27 ; elapsed = 00:00:19 . Memory (MB): peak = 1661.148 ; gain = 128.770

Phase 2.4 Local Clock Net Routing
Phase 2.4 Local Clock Net Routing | Checksum: cb4a301d

Time (s): cpu = 00:00:27 ; elapsed = 00:00:19 . Memory (MB): peak = 1661.148 ; gain = 128.770

Phase 2.5 Update Timing

Phase 2.5.1 Update timing with NCN CRPR

Phase 2.5.1.1 Hold Budgeting
Phase 2.5.1.1 Hold Budgeting | Checksum: cb4a301d

Time (s): cpu = 00:00:28 ; elapsed = 00:00:19 . Memory (MB): peak = 1661.148 ; gain = 128.770
Phase 2.5.1 Update timing with NCN CRPR | Checksum: cb4a301d

Time (s): cpu = 00:00:28 ; elapsed = 00:00:19 . Memory (MB): peak = 1661.148 ; gain = 128.770
Phase 2.5 Update Timing | Checksum: cb4a301d

Time (s): cpu = 00:00:28 ; elapsed = 00:00:19 . Memory (MB): peak = 1661.148 ; gain = 128.770
INFO: [Route 35-57] Estimated Timing Summary | WNS=4.07   | TNS=0      | WHS=-0.151 | THS=-5.47  |


Phase 2.6 Budgeting
Phase 2.6 Budgeting | Checksum: cb4a301d

Time (s): cpu = 00:00:28 ; elapsed = 00:00:19 . Memory (MB): peak = 1661.148 ; gain = 128.770
Phase 2 Router Initialization | Checksum: cb4a301d

Time (s): cpu = 00:00:28 ; elapsed = 00:00:19 . Memory (MB): peak = 1661.148 ; gain = 128.770

Phase 3 Initial Routing
Phase 3 Initial Routing | Checksum: 38e8f4f8

Time (s): cpu = 00:00:29 ; elapsed = 00:00:20 . Memory (MB): peak = 1661.148 ; gain = 128.770

Phase 4 Rip-up And Reroute

Phase 4.1 Global Iteration 0

Phase 4.1.1 Remove Overlaps
 Number of Nodes with overlaps = 9
 Number of Nodes with overlaps = 0
Phase 4.1.1 Remove Overlaps | Checksum: 1a67ff8b7

Time (s): cpu = 00:00:29 ; elapsed = 00:00:20 . Memory (MB): peak = 1661.148 ; gain = 128.770

Phase 4.1.2 Update Timing
Phase 4.1.2 Update Timing | Checksum: 1a67ff8b7

Time (s): cpu = 00:00:30 ; elapsed = 00:00:20 . Memory (MB): peak = 1661.148 ; gain = 128.770
INFO: [Route 35-57] Estimated Timing Summary | WNS=4.08   | TNS=0      | WHS=N/A    | THS=N/A    |


Phase 4.1.3 collectNewHoldAndFix
Phase 4.1.3 collectNewHoldAndFix | Checksum: 13f591931

Time (s): cpu = 00:00:30 ; elapsed = 00:00:20 . Memory (MB): peak = 1661.148 ; gain = 128.770
Phase 4.1 Global Iteration 0 | Checksum: 13f591931

Time (s): cpu = 00:00:30 ; elapsed = 00:00:20 . Memory (MB): peak = 1661.148 ; gain = 128.770

Phase 4.2 Global Iteration 1

Phase 4.2.1 Remove Overlaps
 Number of Nodes with overlaps = 0
Phase 4.2.1 Remove Overlaps | Checksum: 9c0606dc

Time (s): cpu = 00:00:30 ; elapsed = 00:00:20 . Memory (MB): peak = 1661.148 ; gain = 128.770

Phase 4.2.2 Update Timing
Phase 4.2.2 Update Timing | Checksum: 9c0606dc

Time (s): cpu = 00:00:30 ; elapsed = 00:00:20 . Memory (MB): peak = 1661.148 ; gain = 128.770
INFO: [Route 35-57] Estimated Timing Summary | WNS=4.08   | TNS=0      | WHS=N/A    | THS=N/A    |


Phase 4.2.3 collectNewHoldAndFix
Phase 4.2.3 collectNewHoldAndFix | Checksum: 9c0606dc

Time (s): cpu = 00:00:30 ; elapsed = 00:00:20 . Memory (MB): peak = 1661.148 ; gain = 128.770
Phase 4.2 Global Iteration 1 | Checksum: 9c0606dc

Time (s): cpu = 00:00:30 ; elapsed = 00:00:20 . Memory (MB): peak = 1661.148 ; gain = 128.770
Phase 4 Rip-up And Reroute | Checksum: 9c0606dc

Time (s): cpu = 00:00:30 ; elapsed = 00:00:20 . Memory (MB): peak = 1661.148 ; gain = 128.770

Phase 5 Delay CleanUp

Phase 5.1 Update Timing
Phase 5.1 Update Timing | Checksum: 9c0606dc

Time (s): cpu = 00:00:30 ; elapsed = 00:00:20 . Memory (MB): peak = 1661.148 ; gain = 128.770
INFO: [Route 35-57] Estimated Timing Summary | WNS=4.16   | TNS=0      | WHS=N/A    | THS=N/A    |

Phase 5 Delay CleanUp | Checksum: 9c0606dc

Time (s): cpu = 00:00:30 ; elapsed = 00:00:20 . Memory (MB): peak = 1661.148 ; gain = 128.770

Phase 6 Post Hold Fix

Phase 6.1 Full Hold Analysis

Phase 6.1.1 Update Timing
Phase 6.1.1 Update Timing | Checksum: 9c0606dc

Time (s): cpu = 00:00:30 ; elapsed = 00:00:20 . Memory (MB): peak = 1661.148 ; gain = 128.770
INFO: [Route 35-57] Estimated Timing Summary | WNS=4.16   | TNS=0      | WHS=0.032  | THS=0      |

Phase 6.1 Full Hold Analysis | Checksum: 9c0606dc

Time (s): cpu = 00:00:30 ; elapsed = 00:00:20 . Memory (MB): peak = 1661.148 ; gain = 128.770
Phase 6 Post Hold Fix | Checksum: 9c0606dc

Time (s): cpu = 00:00:30 ; elapsed = 00:00:20 . Memory (MB): peak = 1661.148 ; gain = 128.770

Router Utilization Summary
  Global Vertical Routing Utilization    = 0.0297254 %
  Global Horizontal Routing Utilization  = 0.0421284 %
  Routable Net Status*
  *Does not include unroutable nets such as driverless and loadless.
  Run report_route_status for detailed report.
  Number of Failed Nets               = 0
  Number of Unrouted Nets             = 0
  Number of Partially Routed Nets     = 0
  Number of Node Overlaps             = 0


Phase 7 Verifying routed nets

 Verification completed successfully
Phase 7 Verifying routed nets | Checksum: 9c0606dc

Time (s): cpu = 00:00:30 ; elapsed = 00:00:20 . Memory (MB): peak = 1661.148 ; gain = 128.770

Phase 8 Depositing Routes
Phase 8 Depositing Routes | Checksum: 103aaf85f

Time (s): cpu = 00:00:30 ; elapsed = 00:00:20 . Memory (MB): peak = 1661.148 ; gain = 128.770

Phase 9 Post Router Timing
INFO: [Route 35-20] Post Routing Timing Summary | WNS=4.161  | TNS=0.000  | WHS=0.033  | THS=0.000  |

INFO: [Route 35-61] The design met the timing requirement.
Phase 9 Post Router Timing | Checksum: 103aaf85f

Time (s): cpu = 00:00:31 ; elapsed = 00:00:21 . Memory (MB): peak = 1661.148 ; gain = 128.770
INFO: [Route 35-16] Router Completed Successfully
Ending Route Task | Checksum: 103aaf85f

Time (s): cpu = 00:00:31 ; elapsed = 00:00:21 . Memory (MB): peak = 1661.148 ; gain = 128.770

Routing Is Done.

Time (s): cpu = 00:00:31 ; elapsed = 00:00:21 . Memory (MB): peak = 1661.293 ; gain = 128.914
INFO: [Common 17-83] Releasing license: Implementation
54 Infos, 0 Warnings, 0 Critical Warnings and 0 Errors encountered.
route_design completed successfully
route_design: Time (s): cpu = 00:00:31 ; elapsed = 00:00:21 . Memory (MB): peak = 1661.293 ; gain = 128.914
INFO: [Drc 23-27] Running DRC with 4 threads
INFO: [Coretcl 2-168] The results of DRC are in file /home/andrew/vivadoprojects/lab6/lab6.runs/impl_1/narrator_drc_routed.rpt.
Running Vector-less Activity Propagation...

Finished Running Vector-less Activity Propagation
INFO: [Timing 38-91] UpdateTimingParams: Speed grade: -1, Delay Type: min_max, Constraints type: SDC.
INFO: [Timing 38-191] Multithreading enabled for timing update using a maximum of 4 CPUs
Writing XDEF routing.
Writing XDEF routing logical nets.
Writing XDEF routing special nets.
Write XDEF Complete: Time (s): cpu = 00:00:00.14 ; elapsed = 00:00:00.14 . Memory (MB): peak = 1669.160 ; gain = 0.000
Attempting to get a license for feature 'Implementation' and/or device 'xc7a100t'
INFO: [Common 17-349] Got license for feature 'Implementation' and/or device 'xc7a100t'
Running DRC as a precondition to command write_bitstream
INFO: [Drc 23-27] Running DRC with 4 threads
INFO: [Vivado 12-3199] DRC finished with 0 Errors, 1 Warnings
INFO: [Vivado 12-3200] Please refer to the DRC report (report_drc) for more information.
Loading data files...
Loading site data...
Loading route data...
Processing options...
Creating bitmap...
Creating bitstream...
Writing bitstream ./narrator.bit...
INFO: [Vivado 12-1842] Bitgen Completed Successfully.
INFO: [Project 1-120] WebTalk data collection is mandatory for users of free Webpack licenses. To see the specific WebTalk data collected for your design, open the usage_statistics_webtalk.html or usage_statistics_webtalk.xml file in the implementation directory.
INFO: [Common 17-186] '/home/andrew/vivadoprojects/lab6/lab6.runs/impl_1/usage_statistics_webtalk.xml' has been successfully sent to Xilinx on Sat Apr 12 15:47:16 2014. For additional details about this file, please refer to the WebTalk help file at /opt/Xilinx/Vivado/2013.4/doc/webtalk_introduction.html.
INFO: [Common 17-83] Releasing license: Implementation
write_bitstream: Time (s): cpu = 00:00:19 ; elapsed = 00:00:20 . Memory (MB): peak = 1882.543 ; gain = 213.383
INFO: [Common 17-206] Exiting Vivado at Sat Apr 12 15:47:16 2014...
