KCPSM6 Assembler log file for program 'Z:\home\andrew\vivadoprojects\lab7\software\software.psm'.
Generated by KCPSM6 version v2.51
Ken Chapman - Xilinx Ltd - 29th May 2013

Assembly datestamp: 20 Apr 2014
Assembly timestamp: 00:52:26

Contents
  Assembly listing
  List of PSM files
  List of CONSTANTs
  List of TABLEs
  List of STRINGs
  List of line labels
  Instruction usage statistics


Last occupied address: 00C hex
Nominal program memory size: 1K (1024)   address(9:0)
Actual memory size: 4096
  (Default memory size)
Occupied memory locations: 13
Memory locations available: 4083


Assembly listing

 Addr Code            Instruction

 000                  ;;============================================================================
 000                  ;; File: software.psm
 000                  ;; This is the PicoBlaze program for EE178 Lab #7.
 000                  ;;============================================================================
 000                  ;;============================================================================
 000                  ;; Port address declarations.
 000                  ;;============================================================================
 000                  CONSTANT switches_lo, 00  ; port for 8-bit switch input
 000                  CONSTANT switches_hi, 01  ; port for 8-bit switch input
 000                  CONSTANT leds_lo, 02      ; port for 8-bit led data out
 000                  CONSTANT leds_hi, 03      ; port for 8-bit led data out
 000                  CONSTANT my_sid_lo, 95    ; lo byte of my student id (put yours here)
 000                  CONSTANT my_sid_hi, 52    ; hi byte of my student id (put yours here)
 000                  CONSTANT zero, 00         ; zero
 000                  CONSTANT one, 01          ; one
 000                  ;;============================================================================
 000                  ;; Infinite loop.
 000                  ;;============================================================================
 000  09000     loop: INPUT s0, 00[switches_lo] ; get lo switch values
 001  09101           INPUT s1, 01[switches_hi] ; get hi switch values
 002                  ; Currently, this program acts as a "virtual wire" by reading
 002                  ; the switch values and copying them to the leds.  You should
 002                  ; prove to yourself that this works.
 002                  ; Then, you need to modify this program.  If the 16-bit switch
 002                  ; value in {s1,s0} equals {my_sid_hi,my_sid_lo} then complement
 002                  ; the value and display it on the leds.  Otherwise, add s0 and
 002                  ; s1, and display the result on the leds.
 002  1D152           COMPARE s1, 52[my_sid_hi]
 003  36009           JUMP NZ, 009[nomatch]
 004  1D095           COMPARE s0, 95[my_sid_lo]
 005  36009           JUMP NZ, 009[nomatch]
 006  070FF    match: XOR s0, FF
 007  071FF           XOR s1, FF
 008  2200A           JUMP 00A[display]
 009  10010  nomatch: ADD s0, s1
 00A  2D002  display: OUTPUT s0, 02[leds_lo]    ; put lo led values
 00B  2D103           OUTPUT s1, 03[leds_hi]    ; put hi led values
 00C  22000           JUMP 000[loop]            ; go back and repeat
 00D                  ;;============================================================================
 00D                  ;;
 00D                  ;;============================================================================



List of PSM files that have been assembled

Z:\home\andrew\vivadoprojects\lab7\software\software.psm



List of defined constants

 CONSTANT name     Value        Source PSM File

 timestamp_hours   00'd         
 timestamp_minutes 52'd         
 timestamp_seconds 26'd         
 datestamp_year    14'd         
 datestamp_month   4'd          
 datestamp_day     20'd         
 NUL               00           
 BEL               07           
 BS                08           
 HT                09           
 LF                0A           
 VT                0B           
 CR                0D           
 ESC               1B           
 DEL               7F           
 DCS               90           
 ST                9C           
 switches_lo       00           software.psm
 switches_hi       01           software.psm
 leds_lo           02           software.psm
 leds_hi           03           software.psm
 my_sid_lo         95           software.psm
 my_sid_hi         52           software.psm
 zero              00           software.psm
 one               01           software.psm



No TABLEs defined



List of text strings

 STRING name       String         Source PSM File

 KCPSM6_version$   "v2.51"        
 datestamp$        "20 Apr 2014"  
 timestamp$        "00:52:26"     



List of line labels

   Label     Addr  Source PSM File

   loop      000   software.psm
 * match     006   software.psm
   nomatch   009   software.psm
   display   00A   software.psm

      * Line label has not been referenced in any instructions.
        Hint - This may indicate unused code that could be
               removed to reduce the size of this program.



Instruction usage statistics

 Instruction    Instances

 LOAD              -
 STAR              -

 AND               -
 OR                -
 XOR               2

 ADD               1
 ADDCY             -
 SUB               -
 SUBCY             -

 TEST              -
 TESTCY            -
 COMPARE           2
 COMPARECY         -

 SL0               -
 SL1               -
 SLX               -
 SLA               -
 RL                -
 SR0               -
 SR1               -
 SRX               -
 SRA               -
 RR                -

 REGBANK           -

 INPUT             2
 OUTPUT            2
 OUTPUTK           -

 STORE             -
 FETCH             -

 DISABLE           -
 ENABLE            -
 RETURNI           -

 JUMP              4
 JUMP@             -
 CALL              -
 CALL@             -
 RETURN            -
 LOAD&RETURN       -

 HWBUILD           -



End of KCPSM6 log file.
