
*** Running vivado
    with args -log fsm.rds -m64 -mode batch -messageDb vivado.pb -source fsm.tcl


****** Vivado v2013.4 (64-bit)
  **** SW Build 353583 on Mon Dec  9 17:26:26 MST 2013
  **** IP Build 208076 on Mon Dec  2 12:38:17 MST 2013
    ** Copyright 1986-1999, 2001-2013 Xilinx, Inc. All Rights Reserved.

Attempting to get a license: Implementation
WARNING: [Common 17-301] Failed to get a license: Implementation
WARNING: [Vivado 15-19] WARNING: No 'Implementation' license found. This message may be safely ignored if a Vivado WebPACK or device-locked license, common for board kits, will be used during implementation.

Attempting to get a license: Synthesis
WARNING: [Common 17-301] Failed to get a license: Synthesis
Loading parts and site information from /opt/Xilinx/Vivado/2013.4/data/parts/arch.xml
Parsing RTL primitives file [/opt/Xilinx/Vivado/2013.4/data/parts/xilinx/rtl/prims/rtl_prims.xml]
Finished parsing RTL primitives file [/opt/Xilinx/Vivado/2013.4/data/parts/xilinx/rtl/prims/rtl_prims.xml]
source fsm.tcl
# set_param gui.test TreeTableDev
# set_msg_config -id {HDL 9-1061} -limit 100000
# set_msg_config -id {HDL 9-1654} -limit 100000
# set_msg_config -id {Synth 8-256} -limit 10000
# set_msg_config -id {Synth 8-638} -limit 10000
# create_project -in_memory -part xc7a100tcsg324-1
# set_property target_language Verilog [current_project]
# set_param project.compositeFile.enableAutoGeneration 0
# read_verilog /home/andrew/Documents/xilinx_projects/lab3/lab3.srcs/sources_1/new/fsm.v
# read_xdc /home/andrew/Documents/xilinx_projects/lab3/lab3.srcs/constrs_1/new/fsm.xdc
INFO: [Project 1-11] Changing the constrs_type of fileset 'constrs_1' to 'XDC'.
# set_property used_in_implementation false [get_files /home/andrew/Documents/xilinx_projects/lab3/lab3.srcs/constrs_1/new/fsm.xdc]
# set_param synth.vivado.isSynthRun true
# set_property webtalk.parent_dir /home/andrew/Documents/xilinx_projects/lab3/lab3.data/wt [current_project]
# set_property parent.project_dir /home/andrew/Documents/xilinx_projects/lab3 [current_project]
# synth_design -top fsm -part xc7a100tcsg324-1
Command: synth_design -top fsm -part xc7a100tcsg324-1

Starting synthesis...

Attempting to get a license for feature 'Synthesis' and/or device 'xc7a100t'
INFO: [Common 17-349] Got license for feature 'Synthesis' and/or device 'xc7a100t'
---------------------------------------------------------------------------------
Starting RTL Elaboration : Time (s): cpu = 00:00:05 ; elapsed = 00:00:05 . Memory (MB): peak = 782.230 ; gain = 146.391
---------------------------------------------------------------------------------
INFO: [Synth 8-638] synthesizing module 'fsm' [/home/andrew/Documents/xilinx_projects/lab3/lab3.srcs/sources_1/new/fsm.v:12]
	Parameter FIRST bound to: 2'b11 
	Parameter SECOND bound to: 2'b01 
	Parameter THIRD bound to: 2'b10 
INFO: [Synth 8-256] done synthesizing module 'fsm' (1#1) [/home/andrew/Documents/xilinx_projects/lab3/lab3.srcs/sources_1/new/fsm.v:12]
---------------------------------------------------------------------------------
Finished RTL Elaboration : Time (s): cpu = 00:00:05 ; elapsed = 00:00:05 . Memory (MB): peak = 817.051 ; gain = 181.211
---------------------------------------------------------------------------------

---------------------------------------------------------------------------------
Start RTL Optimization
---------------------------------------------------------------------------------

Report Check Netlist: 
+------+------------------+-------+---------+-------+------------------+
|      |Item              |Errors |Warnings |Status |Description       |
+------+------------------+-------+---------+-------+------------------+
|1     |multi_driven_nets |      0|        0|Passed |Multi driven nets |
+------+------------------+-------+---------+-------+------------------+
Loading clock regions from /opt/Xilinx/Vivado/2013.4/data/parts/xilinx/artix7/artix7/xc7a100t/ClockRegion.xml
Loading clock buffers from /opt/Xilinx/Vivado/2013.4/data/parts/xilinx/artix7/artix7/xc7a100t/ClockBuffers.xml
Loading clock placement rules from /opt/Xilinx/Vivado/2013.4/data/parts/xilinx/artix7/ClockPlacerRules.xml
Loading package pin functions from /opt/Xilinx/Vivado/2013.4/data/parts/xilinx/artix7/PinFunctions.xml...
Loading package from /opt/Xilinx/Vivado/2013.4/data/parts/xilinx/artix7/artix7/xc7a100t/csg324/Package.xml
Loading io standards from /opt/Xilinx/Vivado/2013.4/data/./parts/xilinx/artix7/IOStandards.xml
Loading device configuration modes from /opt/Xilinx/Vivado/2013.4/data/parts/xilinx/artix7/ConfigModes.xml

Processing XDC Constraints
Parsing XDC File [/home/andrew/Documents/xilinx_projects/lab3/lab3.srcs/constrs_1/new/fsm.xdc]
Finished Parsing XDC File [/home/andrew/Documents/xilinx_projects/lab3/lab3.srcs/constrs_1/new/fsm.xdc]
INFO: [Project 1-236] Implementation specific constraints were found while reading constraint file [/home/andrew/Documents/xilinx_projects/lab3/lab3.srcs/constrs_1/new/fsm.xdc]. These constraints will be ignored for synthesis but will be used in implementation. Impacted constraints are listed in the file [/home/andrew/Documents/xilinx_projects/lab3/lab3.runs/synth_1/.Xil/fsm_propImpl.xdc].
Resolution: To avoid this message, exclude constraints listed in [/home/andrew/Documents/xilinx_projects/lab3/lab3.runs/synth_1/.Xil/fsm_propImpl.xdc] from synthesis with the used_in_synthesis property (File Properties dialog in GUI) and re-run elaboration/synthesis.
Completed Processing XDC Constraints

INFO: [Memdata 28-144] Successfully populated the BRAM INIT strings from the following elf files: 
INFO: [Project 1-111] Unisim Transformation Summary:
No Unisim elements were transformed.


---------------------------------------------------------------------------------
Start RTL Optimization
---------------------------------------------------------------------------------

---------------------------------------------------------------------------------
Start Applying 'set_property' XDC Constraints
---------------------------------------------------------------------------------
---------------------------------------------------------------------------------
Finished applying 'set_property' XDC Constraints : Time (s): cpu = 00:00:14 ; elapsed = 00:00:15 . Memory (MB): peak = 1055.773 ; gain = 419.934
---------------------------------------------------------------------------------

---------------------------------------------------------------------------------
Finished RTL Optimization : Time (s): cpu = 00:00:14 ; elapsed = 00:00:15 . Memory (MB): peak = 1055.773 ; gain = 419.934
---------------------------------------------------------------------------------


Report RTL Partitions: 
+-+--------------+------------+----------+
| |RTL Partition |Replication |Instances |
+-+--------------+------------+----------+
+-+--------------+------------+----------+

---------------------------------------------------------------------------------
Start Loading Part and Timing Information
---------------------------------------------------------------------------------
Loading part: xc7a100tcsg324-1
Part Resources:
DSPs: 240 (col length:80)
BRAMs: 270 (col length: RAMB18 80 RAMB36 40)
---------------------------------------------------------------------------------
Finished Loading Part and Timing Information : Time (s): cpu = 00:00:24 ; elapsed = 00:00:24 . Memory (MB): peak = 1129.070 ; gain = 493.230
---------------------------------------------------------------------------------


---------------------------------------------------------------------------------
Start RTL Component Statistics 
---------------------------------------------------------------------------------
Detailed RTL Component Info : 
+---Registers : 
	                2 Bit    Registers := 1     
+---Muxes : 
	   4 Input      2 Bit        Muxes := 1     
	   2 Input      2 Bit        Muxes := 3     

---------------------------------------------------------------------------------
Finished RTL Component Statistics 
---------------------------------------------------------------------------------

---------------------------------------------------------------------------------
Start RTL Hierarchical Component Statistics 
---------------------------------------------------------------------------------
Hierarchical RTL Component report 
Module fsm 
Detailed RTL Component Info : 
+---Registers : 
	                2 Bit    Registers := 1     
+---Muxes : 
	   4 Input      2 Bit        Muxes := 1     
	   2 Input      2 Bit        Muxes := 3     

---------------------------------------------------------------------------------
Finished RTL Hierarchical Component Statistics
---------------------------------------------------------------------------------

---------------------------------------------------------------------------------
Start Cross Boundary Optimization
---------------------------------------------------------------------------------
---------------------------------------------------------------------------------
Finished Cross Boundary Optimization : Time (s): cpu = 00:00:24 ; elapsed = 00:00:24 . Memory (MB): peak = 1129.070 ; gain = 493.230
---------------------------------------------------------------------------------

---------------------------------------------------------------------------------
Start RAM, DSP and Shift Register Reporting
---------------------------------------------------------------------------------
---------------------------------------------------------------------------------
Finished RAM, DSP and Shift Register Reporting
---------------------------------------------------------------------------------

---------------------------------------------------------------------------------
Start Area Optimization
---------------------------------------------------------------------------------
---------------------------------------------------------------------------------
Finished Area Optimization : Time (s): cpu = 00:00:24 ; elapsed = 00:00:24 . Memory (MB): peak = 1149.098 ; gain = 513.258
---------------------------------------------------------------------------------


---------------------------------------------------------------------------------
Start Timing Optimization
---------------------------------------------------------------------------------

---------------------------------------------------------------------------------
Start Applying XDC Timing Constraints
---------------------------------------------------------------------------------
---------------------------------------------------------------------------------
Finished Applying XDC Timing Constraints : Time (s): cpu = 00:00:24 ; elapsed = 00:00:24 . Memory (MB): peak = 1149.098 ; gain = 513.258
---------------------------------------------------------------------------------

---------------------------------------------------------------------------------
Finished Timing Optimization : Time (s): cpu = 00:00:24 ; elapsed = 00:00:24 . Memory (MB): peak = 1149.098 ; gain = 513.258
---------------------------------------------------------------------------------


---------------------------------------------------------------------------------
Start Technology Mapping
---------------------------------------------------------------------------------
---------------------------------------------------------------------------------
Finished Technology Mapping : Time (s): cpu = 00:00:24 ; elapsed = 00:00:24 . Memory (MB): peak = 1150.105 ; gain = 514.266
---------------------------------------------------------------------------------


---------------------------------------------------------------------------------
Start IO Insertion
---------------------------------------------------------------------------------

---------------------------------------------------------------------------------
Start Flattening Before IO Insertion
---------------------------------------------------------------------------------

---------------------------------------------------------------------------------
Finished Flattening Before IO Insertion
---------------------------------------------------------------------------------

---------------------------------------------------------------------------------
Start Final Netlist Cleanup
---------------------------------------------------------------------------------

---------------------------------------------------------------------------------
Finished Final Netlist Cleanup
---------------------------------------------------------------------------------
Gated Clock Conversion mode: off
---------------------------------------------------------------------------------
Finished IO Insertion : Time (s): cpu = 00:00:24 ; elapsed = 00:00:24 . Memory (MB): peak = 1150.105 ; gain = 514.266
---------------------------------------------------------------------------------


Report Check Netlist: 
+------+------------------+-------+---------+-------+------------------+
|      |Item              |Errors |Warnings |Status |Description       |
+------+------------------+-------+---------+-------+------------------+
|1     |multi_driven_nets |      0|        0|Passed |Multi driven nets |
+------+------------------+-------+---------+-------+------------------+

---------------------------------------------------------------------------------
Start Renaming Generated Instances
---------------------------------------------------------------------------------
---------------------------------------------------------------------------------
Finished Renaming Generated Instances : Time (s): cpu = 00:00:24 ; elapsed = 00:00:24 . Memory (MB): peak = 1150.105 ; gain = 514.266
---------------------------------------------------------------------------------


---------------------------------------------------------------------------------
Start Rebuilding User Hierarchy
---------------------------------------------------------------------------------
---------------------------------------------------------------------------------
Finished Rebuilding User Hierarchy : Time (s): cpu = 00:00:24 ; elapsed = 00:00:24 . Memory (MB): peak = 1150.105 ; gain = 514.266
---------------------------------------------------------------------------------

---------------------------------------------------------------------------------
Start RAM, DSP and Shift Register Reporting
---------------------------------------------------------------------------------
---------------------------------------------------------------------------------
Finished RAM, DSP and Shift Register Reporting
---------------------------------------------------------------------------------

---------------------------------------------------------------------------------
Start Writing Synthesis Report
---------------------------------------------------------------------------------

Report BlackBoxes: 
+-+--------------+----------+
| |BlackBox name |Instances |
+-+--------------+----------+
+-+--------------+----------+

Report Cell Usage: 
+------+-----+------+
|      |Cell |Count |
+------+-----+------+
|1     |BUFG |     1|
|2     |LUT2 |     1|
|3     |LUT4 |     3|
|4     |FDPE |     2|
|5     |IBUF |     4|
|6     |OBUF |     5|
+------+-----+------+

Report Instance Areas: 
+------+---------+-------+------+
|      |Instance |Module |Cells |
+------+---------+-------+------+
|1     |top      |       |    16|
+------+---------+-------+------+
---------------------------------------------------------------------------------
Finished Writing Synthesis Report : Time (s): cpu = 00:00:24 ; elapsed = 00:00:24 . Memory (MB): peak = 1150.105 ; gain = 514.266
---------------------------------------------------------------------------------

Synthesis finished with 0 errors, 0 critical warnings and 0 warnings.
Synthesis Optimization Complete : Time (s): cpu = 00:00:24 ; elapsed = 00:00:24 . Memory (MB): peak = 1150.105 ; gain = 514.266
INFO: [Netlist 29-17] Analyzing 4 Unisim elements for replacement
INFO: [Netlist 29-28] Unisim Transformation completed in 0 CPU seconds
INFO: [Opt 31-140] Inserted 0 IBUFs to IO ports without IO buffers.
INFO: [Opt 31-141] Inserted 0 OBUFs to IO ports without IO buffers.
INFO: [Opt 31-138] Pushed 0 inverter(s).
INFO: [Memdata 28-144] Successfully populated the BRAM INIT strings from the following elf files: 
INFO: [Project 1-111] Unisim Transformation Summary:
No Unisim elements were transformed.

INFO: [Common 17-83] Releasing license: Synthesis
14 Infos, 0 Warnings, 0 Critical Warnings and 0 Errors encountered.
synth_design completed successfully
synth_design: Time (s): cpu = 00:00:35 ; elapsed = 00:00:35 . Memory (MB): peak = 1517.535 ; gain = 787.301
# write_checkpoint fsm.dcp
INFO: [Timing 38-35] Done setting XDC timing constraints.
# report_utilization -file fsm_utilization_synth.rpt -pb fsm_utilization_synth.pb
report_utilization: Time (s): cpu = 00:00:00.12 ; elapsed = 00:00:00.15 . Memory (MB): peak = 1519.551 ; gain = 2.012
INFO: [Common 17-206] Exiting Vivado at Sat Feb 22 15:11:11 2014...
