#
# An unexpected error has occurred (11)
#
Stack:
/lib/x86_64-linux-gnu/libpthread.so.0(+0xfbb0) [0x7f7e2c9b5bb0]
/opt/Xilinx/Vivado/2013.4/lib/lnx64.o/librdi_synth.so(LOptAbc::readLib(NTargetLib, int, bool)+0x138) [0x7f7e0c332d58]
/opt/Xilinx/Vivado/2013.4/lib/lnx64.o/librdi_synth.so(LOptAbc::doOpt(NRealMod, bool, bool, bool, TTime, long long&, TTime&, NPin&, bool&)+0xcc) [0x7f7e0c33547c]
/opt/Xilinx/Vivado/2013.4/lib/lnx64.o/librdi_synth.so(HARTLOptAbc::doOpt(NRealMod, bool, bool, bool, TTime, long long&, TTime&, NPin&, bool&)+0x180) [0x7f7e0bef1f00]
/opt/Xilinx/Vivado/2013.4/lib/lnx64.o/librdi_synth.so(LOptAbc::optimize(NRealMod, bool, bool, bool, TTime, TTime&, bool&)+0xc5) [0x7f7e0c333035]
/opt/Xilinx/Vivado/2013.4/lib/lnx64.o/librdi_synth.so(NDes::optimizeLogic(bool, bool, bool, bool, TTime&, bool&)+0x1f2) [0x7f7e0c333412]
/opt/Xilinx/Vivado/2013.4/lib/lnx64.o/librdi_synth.so(Optimize1::optimize(OptActions, NEqPinArray)+0x45f) [0x7f7e0c33e7ff]
/opt/Xilinx/Vivado/2013.4/lib/lnx64.o/librdi_synth.so(Optimize1::Optimize1(NDes, bool, bool, bool, bool, OptActions, NEqPinArray)+0x9d) [0x7f7e0c33f9bd]
/opt/Xilinx/Vivado/2013.4/lib/lnx64.o/librdi_synth.so(Optimize2::areaOpt(bool, bool, bool, bool)+0x49) [0x7f7e0c343d19]
/opt/Xilinx/Vivado/2013.4/lib/lnx64.o/librdi_synth.so(Optimize2::Optimize2(NDes, bool, bool, bool, bool, bool, float, TTime, bool, bool)+0xbbc) [0x7f7e0c367fcc]
/opt/Xilinx/Vivado/2013.4/lib/lnx64.o/librdi_synth.so(NDes::optimize(bool, bool, bool, bool, bool, float, TTime, bool, bool)+0x155) [0x7f7e0c338ae5]
/opt/Xilinx/Vivado/2013.4/lib/lnx64.o/librdi_synth.so(+0xa25202) [0x7f7e0bc4f202]
/opt/Xilinx/Vivado/2013.4/lib/lnx64.o/librdi_synth.so(+0x9cea85) [0x7f7e0bbf8a85]
/opt/Xilinx/Vivado/2013.4/lib/lnx64.o/libtcl8.5.so(+0x32c19) [0x7f7e288e8c19]
/opt/Xilinx/Vivado/2013.4/lib/lnx64.o/libtcl8.5.so(+0x751a6) [0x7f7e2892b1a6]
/opt/Xilinx/Vivado/2013.4/lib/lnx64.o/libtcl8.5.so(TclObjInterpProcCore+0x30b) [0x7f7e2896b11b]
/opt/Xilinx/Vivado/2013.4/lib/lnx64.o/libtcl8.5.so(+0x32c19) [0x7f7e288e8c19]
/opt/Xilinx/Vivado/2013.4/lib/lnx64.o/libtcl8.5.so(+0x345a2) [0x7f7e288ea5a2]
/opt/Xilinx/Vivado/2013.4/lib/lnx64.o/libtcl8.5.so(TclEvalObjEx+0x106) [0x7f7e288eaba6]
/opt/Xilinx/Vivado/2013.4/lib/lnx64.o/libtcl8.5.so(+0x3ab05) [0x7f7e288f0b05]
/opt/Xilinx/Vivado/2013.4/lib/lnx64.o/libtcl8.5.so(+0x32c19) [0x7f7e288e8c19]
/opt/Xilinx/Vivado/2013.4/lib/lnx64.o/libtcl8.5.so(+0x751a6) [0x7f7e2892b1a6]
/opt/Xilinx/Vivado/2013.4/lib/lnx64.o/libtcl8.5.so(+0x7cd45) [0x7f7e28932d45]
/opt/Xilinx/Vivado/2013.4/lib/lnx64.o/libtcl8.5.so(TclEvalObjEx+0x16e) [0x7f7e288eac0e]
/opt/Xilinx/Vivado/2013.4/lib/lnx64.o/librdi_commontasks.so(+0x2637a4) [0x7f7e244b37a4]
/opt/Xilinx/Vivado/2013.4/lib/lnx64.o/libtcl8.5.so(+0x32c19) [0x7f7e288e8c19]
/opt/Xilinx/Vivado/2013.4/lib/lnx64.o/libtcl8.5.so(+0x751a6) [0x7f7e2892b1a6]
/opt/Xilinx/Vivado/2013.4/lib/lnx64.o/libtcl8.5.so(TclObjInterpProcCore+0x30b) [0x7f7e2896b11b]
/opt/Xilinx/Vivado/2013.4/lib/lnx64.o/libtcl8.5.so(+0x32c19) [0x7f7e288e8c19]
/opt/Xilinx/Vivado/2013.4/lib/lnx64.o/libtcl8.5.so(+0x751a6) [0x7f7e2892b1a6]
/opt/Xilinx/Vivado/2013.4/lib/lnx64.o/libtcl8.5.so(TclObjInterpProcCore+0x30b) [0x7f7e2896b11b]
/opt/Xilinx/Vivado/2013.4/lib/lnx64.o/libtcl8.5.so(+0x32c19) [0x7f7e288e8c19]
/opt/Xilinx/Vivado/2013.4/lib/lnx64.o/libtcl8.5.so(+0x751a6) [0x7f7e2892b1a6]
/opt/Xilinx/Vivado/2013.4/lib/lnx64.o/libtcl8.5.so(+0x7cd45) [0x7f7e28932d45]
/opt/Xilinx/Vivado/2013.4/lib/lnx64.o/libtcl8.5.so(TclEvalObjEx+0x16e) [0x7f7e288eac0e]
/opt/Xilinx/Vivado/2013.4/lib/lnx64.o/librdi_commontasks.so(+0x2637a4) [0x7f7e244b37a4]
/opt/Xilinx/Vivado/2013.4/lib/lnx64.o/libtcl8.5.so(+0x32c19) [0x7f7e288e8c19]
/opt/Xilinx/Vivado/2013.4/lib/lnx64.o/libtcl8.5.so(+0x751a6) [0x7f7e2892b1a6]
/opt/Xilinx/Vivado/2013.4/lib/lnx64.o/libtcl8.5.so(Tcl_ExprObj+0xfb) [0x7f7e2893291b]
/opt/Xilinx/Vivado/2013.4/lib/lnx64.o/libtcl8.5.so(Tcl_ExprBooleanObj+0x16) [0x7f7e288e99f6]
/opt/Xilinx/Vivado/2013.4/lib/lnx64.o/libtcl8.5.so(+0x3de48) [0x7f7e288f3e48]
/opt/Xilinx/Vivado/2013.4/lib/lnx64.o/libtcl8.5.so(+0x32c19) [0x7f7e288e8c19]
/opt/Xilinx/Vivado/2013.4/lib/lnx64.o/libtcl8.5.so(+0x345a2) [0x7f7e288ea5a2]
/opt/Xilinx/Vivado/2013.4/lib/lnx64.o/libtcl8.5.so(Tcl_FSEvalFileEx+0x1fa) [0x7f7e2894d66a]
/opt/Xilinx/Vivado/2013.4/lib/lnx64.o/librdi_commontasks.so(+0x27b861) [0x7f7e244cb861]
/opt/Xilinx/Vivado/2013.4/lib/lnx64.o/librdi_common.so(+0x4bbaa3) [0x7f7e2d73aaa3]
/opt/Xilinx/Vivado/2013.4/lib/lnx64.o/libtcl8.5.so(+0x32c19) [0x7f7e288e8c19]
/opt/Xilinx/Vivado/2013.4/lib/lnx64.o/libtcl8.5.so(+0x751a6) [0x7f7e2892b1a6]
/opt/Xilinx/Vivado/2013.4/lib/lnx64.o/libtcl8.5.so(+0x7cd45) [0x7f7e28932d45]
/opt/Xilinx/Vivado/2013.4/lib/lnx64.o/libtcl8.5.so(TclEvalObjEx+0x16e) [0x7f7e288eac0e]
/opt/Xilinx/Vivado/2013.4/lib/lnx64.o/libtcl8.5.so(+0xb49cf) [0x7f7e2896a9cf]
/opt/Xilinx/Vivado/2013.4/lib/lnx64.o/libtcl8.5.so(+0x32c19) [0x7f7e288e8c19]
/opt/Xilinx/Vivado/2013.4/lib/lnx64.o/libtcl8.5.so(+0x751a6) [0x7f7e2892b1a6]
/opt/Xilinx/Vivado/2013.4/lib/lnx64.o/libtcl8.5.so(+0x7cd45) [0x7f7e28932d45]
/opt/Xilinx/Vivado/2013.4/lib/lnx64.o/libtcl8.5.so(TclEvalObjEx+0x16e) [0x7f7e288eac0e]
/opt/Xilinx/Vivado/2013.4/lib/lnx64.o/librdi_commontasks.so(+0x2637a4) [0x7f7e244b37a4]
/opt/Xilinx/Vivado/2013.4/lib/lnx64.o/libtcl8.5.so(+0x32c19) [0x7f7e288e8c19]
/opt/Xilinx/Vivado/2013.4/lib/lnx64.o/libtcl8.5.so(+0x345a2) [0x7f7e288ea5a2]
/opt/Xilinx/Vivado/2013.4/lib/lnx64.o/libtcl8.5.so(+0xaa8e0) [0x7f7e289608e0]
/opt/Xilinx/Vivado/2013.4/lib/lnx64.o/libtcl8.5.so(+0x34182) [0x7f7e288ea182]
/opt/Xilinx/Vivado/2013.4/lib/lnx64.o/libtcl8.5.so(Tcl_FSEvalFileEx+0x1fa) [0x7f7e2894d66a]
/opt/Xilinx/Vivado/2013.4/lib/lnx64.o/librdi_commontasks.so(+0x27b861) [0x7f7e244cb861]
/opt/Xilinx/Vivado/2013.4/lib/lnx64.o/librdi_common.so(+0x4bbaa3) [0x7f7e2d73aaa3]
/opt/Xilinx/Vivado/2013.4/lib/lnx64.o/libtcl8.5.so(+0x32c19) [0x7f7e288e8c19]
/opt/Xilinx/Vivado/2013.4/lib/lnx64.o/libtcl8.5.so(Tcl_EvalObjv+0x32) [0x7f7e288e9202]
/opt/Xilinx/Vivado/2013.4/lib/lnx64.o/libtcl8.5.so(TclEvalObjEx+0x2c2) [0x7f7e288ead62]
/opt/Xilinx/Vivado/2013.4/lib/lnx64.o/librdi_common.so(hdi::tcltasks::task_manager::eval_in_tcl(Tcl_Interp*, Tcl_Obj*, char const*, bool)+0x637) [0x7f7e2d73c817]
/opt/Xilinx/Vivado/2013.4/lib/lnx64.o/librdi_designutils.so(HRTInvoker::inProcessLaunch(HDGUIStatus&)+0x42b) [0x7f7e1a518e5b]
/opt/Xilinx/Vivado/2013.4/lib/lnx64.o/librdi_designutils.so(HRTInvoker::launch(HDGUIStatus&)+0x53d) [0x7f7e1a51a1fd]
/opt/Xilinx/Vivado/2013.4/lib/lnx64.o/librdi_vivadotasks.so(+0x19f2a6) [0x7f7e0682a2a6]
/opt/Xilinx/Vivado/2013.4/lib/lnx64.o/librdi_vivadotasks.so(+0x1a3d4b) [0x7f7e0682ed4b]
/opt/Xilinx/Vivado/2013.4/lib/lnx64.o/librdi_common.so(+0x4bbaa3) [0x7f7e2d73aaa3]
/opt/Xilinx/Vivado/2013.4/lib/lnx64.o/libtcl8.5.so(+0x32c19) [0x7f7e288e8c19]
/opt/Xilinx/Vivado/2013.4/lib/lnx64.o/libtcl8.5.so(+0x345a2) [0x7f7e288ea5a2]
/opt/Xilinx/Vivado/2013.4/lib/lnx64.o/libtcl8.5.so(Tcl_FSEvalFileEx+0x1fa) [0x7f7e2894d66a]
/opt/Xilinx/Vivado/2013.4/lib/lnx64.o/librdi_commontasks.so(+0x27b861) [0x7f7e244cb861]
/opt/Xilinx/Vivado/2013.4/lib/lnx64.o/librdi_common.so(+0x4bbaa3) [0x7f7e2d73aaa3]
/opt/Xilinx/Vivado/2013.4/lib/lnx64.o/libtcl8.5.so(+0x32c19) [0x7f7e288e8c19]
/opt/Xilinx/Vivado/2013.4/lib/lnx64.o/libtcl8.5.so(Tcl_EvalObjv+0x32) [0x7f7e288e9202]
/opt/Xilinx/Vivado/2013.4/lib/lnx64.o/libtcl8.5.so(TclEvalObjEx+0x2c2) [0x7f7e288ead62]
/opt/Xilinx/Vivado/2013.4/lib/lnx64.o/librdi_commontasks.so(+0x29a67d) [0x7f7e244ea67d]
/opt/Xilinx/Vivado/2013.4/lib/lnx64.o/librdi_commontasks.so(+0x29e0dd) [0x7f7e244ee0dd]
/opt/Xilinx/Vivado/2013.4/lib/lnx64.o/librdi_commontasks.so(+0x29bbcc) [0x7f7e244ebbcc]
/opt/Xilinx/Vivado/2013.4/lib/lnx64.o/librdi_common.so(+0x4bbaa3) [0x7f7e2d73aaa3]
/opt/Xilinx/Vivado/2013.4/lib/lnx64.o/libtcl8.5.so(+0x32c19) [0x7f7e288e8c19]
/opt/Xilinx/Vivado/2013.4/lib/lnx64.o/libtcl8.5.so(Tcl_EvalObjv+0x32) [0x7f7e288e9202]
/opt/Xilinx/Vivado/2013.4/lib/lnx64.o/libtcl8.5.so(TclEvalObjEx+0x2c2) [0x7f7e288ead62]
/opt/Xilinx/Vivado/2013.4/lib/lnx64.o/librdi_commonmain.so(+0x7ad6) [0x7f7e2d078ad6]
/opt/Xilinx/Vivado/2013.4/lib/lnx64.o/libtcl8.5.so(Tcl_Main+0x1d5) [0x7f7e28953bc5]
/opt/Xilinx/Vivado/2013.4/lib/lnx64.o/librdi_common.so(boost::function0<void>::operator()() const+0x1c) [0x7f7e2d74dddc]
/opt/Xilinx/Vivado/2013.4/lib/lnx64.o/librdi_common.so(+0x4e9969) [0x7f7e2d768969]
/lib/x86_64-linux-gnu/libpthread.so.0(+0x7f6e) [0x7f7e2c9adf6e]
/lib/x86_64-linux-gnu/libc.so.6(clone+0x6d) [0x7f7e2c6d89cd]
