
*** Running vivado
    with args -log lab2.rds -m64 -mode batch -messageDb vivado.pb -source lab2.tcl


****** Vivado v2013.4 (64-bit)
  **** SW Build 353583 on Mon Dec  9 17:26:26 MST 2013
  **** IP Build 208076 on Mon Dec  2 12:38:17 MST 2013
    ** Copyright 1986-1999, 2001-2013 Xilinx, Inc. All Rights Reserved.

Attempting to get a license: Implementation
WARNING: [Common 17-301] Failed to get a license: Implementation
WARNING: [Vivado 15-19] WARNING: No 'Implementation' license found. This message may be safely ignored if a Vivado WebPACK or device-locked license, common for board kits, will be used during implementation.

Attempting to get a license: Synthesis
WARNING: [Common 17-301] Failed to get a license: Synthesis
Loading parts and site information from /opt/Xilinx/Vivado/2013.4/data/parts/arch.xml
Parsing RTL primitives file [/opt/Xilinx/Vivado/2013.4/data/parts/xilinx/rtl/prims/rtl_prims.xml]
Finished parsing RTL primitives file [/opt/Xilinx/Vivado/2013.4/data/parts/xilinx/rtl/prims/rtl_prims.xml]
source lab2.tcl
# set_param gui.test TreeTableDev
# set_msg_config -id {HDL 9-1061} -limit 100000
# set_msg_config -id {HDL 9-1654} -limit 100000
# create_project -in_memory -part xc7a100tcsg324-1
# set_property target_language Verilog [current_project]
# set_param project.compositeFile.enableAutoGeneration 0
# read_verilog /home/andrew/Documents/xilinx_projects/Lab2/Lab2.srcs/sources_1/new/lab2.v
# read_xdc /home/andrew/Documents/xilinx_projects/Lab2/Lab2.srcs/constrs_1/new/lab2.xdc
INFO: [Project 1-11] Changing the constrs_type of fileset 'constrs_1' to 'XDC'.
# set_property used_in_implementation false [get_files /home/andrew/Documents/xilinx_projects/Lab2/Lab2.srcs/constrs_1/new/lab2.xdc]
# set_param synth.vivado.isSynthRun true
# set_property webtalk.parent_dir /home/andrew/Documents/xilinx_projects/Lab2/Lab2.data/wt [current_project]
# set_property parent.project_dir /home/andrew/Documents/xilinx_projects/Lab2 [current_project]
# synth_design -top lab2 -part xc7a100tcsg324-1
Command: synth_design -top lab2 -part xc7a100tcsg324-1

Starting synthesis...

Attempting to get a license for feature 'Synthesis' and/or device 'xc7a100t'
INFO: [Common 17-349] Got license for feature 'Synthesis' and/or device 'xc7a100t'
---------------------------------------------------------------------------------
Starting RTL Elaboration : Time (s): cpu = 00:00:05 ; elapsed = 00:00:05 . Memory (MB): peak = 782.230 ; gain = 146.391
---------------------------------------------------------------------------------
INFO: [Synth 8-638] synthesizing module 'lab2' [/home/andrew/Documents/xilinx_projects/Lab2/Lab2.srcs/sources_1/new/lab2.v:23]
INFO: [Synth 8-256] done synthesizing module 'lab2' (1#1) [/home/andrew/Documents/xilinx_projects/Lab2/Lab2.srcs/sources_1/new/lab2.v:23]
WARNING: [Synth 8-3917] design lab2 has port an4 driven by constant 1
WARNING: [Synth 8-3917] design lab2 has port an5 driven by constant 1
WARNING: [Synth 8-3917] design lab2 has port an6 driven by constant 1
WARNING: [Synth 8-3917] design lab2 has port an7 driven by constant 1
---------------------------------------------------------------------------------
Finished RTL Elaboration : Time (s): cpu = 00:00:06 ; elapsed = 00:00:06 . Memory (MB): peak = 817.051 ; gain = 181.211
---------------------------------------------------------------------------------

---------------------------------------------------------------------------------
Start RTL Optimization
---------------------------------------------------------------------------------

Report Check Netlist: 
+------+------------------+-------+---------+-------+------------------+
|      |Item              |Errors |Warnings |Status |Description       |
+------+------------------+-------+---------+-------+------------------+
|1     |multi_driven_nets |      0|        0|Passed |Multi driven nets |
+------+------------------+-------+---------+-------+------------------+
Loading clock regions from /opt/Xilinx/Vivado/2013.4/data/parts/xilinx/artix7/artix7/xc7a100t/ClockRegion.xml
Loading clock buffers from /opt/Xilinx/Vivado/2013.4/data/parts/xilinx/artix7/artix7/xc7a100t/ClockBuffers.xml
Loading clock placement rules from /opt/Xilinx/Vivado/2013.4/data/parts/xilinx/artix7/ClockPlacerRules.xml
Loading package pin functions from /opt/Xilinx/Vivado/2013.4/data/parts/xilinx/artix7/PinFunctions.xml...
Loading package from /opt/Xilinx/Vivado/2013.4/data/parts/xilinx/artix7/artix7/xc7a100t/csg324/Package.xml
Loading io standards from /opt/Xilinx/Vivado/2013.4/data/./parts/xilinx/artix7/IOStandards.xml
Loading device configuration modes from /opt/Xilinx/Vivado/2013.4/data/parts/xilinx/artix7/ConfigModes.xml

Processing XDC Constraints
Parsing XDC File [/home/andrew/Documents/xilinx_projects/Lab2/Lab2.srcs/constrs_1/new/lab2.xdc]
Finished Parsing XDC File [/home/andrew/Documents/xilinx_projects/Lab2/Lab2.srcs/constrs_1/new/lab2.xdc]
INFO: [Project 1-236] Implementation specific constraints were found while reading constraint file [/home/andrew/Documents/xilinx_projects/Lab2/Lab2.srcs/constrs_1/new/lab2.xdc]. These constraints will be ignored for synthesis but will be used in implementation. Impacted constraints are listed in the file [/home/andrew/Documents/xilinx_projects/Lab2/Lab2.runs/synth_1/.Xil/lab2_propImpl.xdc].
Resolution: To avoid this message, exclude constraints listed in [/home/andrew/Documents/xilinx_projects/Lab2/Lab2.runs/synth_1/.Xil/lab2_propImpl.xdc] from synthesis with the used_in_synthesis property (File Properties dialog in GUI) and re-run elaboration/synthesis.
Completed Processing XDC Constraints

INFO: [Memdata 28-144] Successfully populated the BRAM INIT strings from the following elf files: 
INFO: [Project 1-111] Unisim Transformation Summary:
No Unisim elements were transformed.


---------------------------------------------------------------------------------
Start RTL Optimization
---------------------------------------------------------------------------------

---------------------------------------------------------------------------------
Start Applying 'set_property' XDC Constraints
---------------------------------------------------------------------------------
---------------------------------------------------------------------------------
Finished applying 'set_property' XDC Constraints : Time (s): cpu = 00:00:15 ; elapsed = 00:00:16 . Memory (MB): peak = 1055.773 ; gain = 419.934
---------------------------------------------------------------------------------

---------------------------------------------------------------------------------
Finished RTL Optimization : Time (s): cpu = 00:00:15 ; elapsed = 00:00:16 . Memory (MB): peak = 1055.773 ; gain = 419.934
---------------------------------------------------------------------------------


Report RTL Partitions: 
+-+--------------+------------+----------+
| |RTL Partition |Replication |Instances |
+-+--------------+------------+----------+
+-+--------------+------------+----------+

---------------------------------------------------------------------------------
Start Loading Part and Timing Information
---------------------------------------------------------------------------------
Loading part: xc7a100tcsg324-1
Part Resources:
DSPs: 240 (col length:80)
BRAMs: 270 (col length: RAMB18 80 RAMB36 40)
---------------------------------------------------------------------------------
Finished Loading Part and Timing Information : Time (s): cpu = 00:00:25 ; elapsed = 00:00:25 . Memory (MB): peak = 1129.070 ; gain = 493.230
---------------------------------------------------------------------------------


---------------------------------------------------------------------------------
Start RTL Component Statistics 
---------------------------------------------------------------------------------
Detailed RTL Component Info : 
+---Muxes : 
	   4 Input      1 Bit        Muxes := 1     

---------------------------------------------------------------------------------
Finished RTL Component Statistics 
---------------------------------------------------------------------------------

---------------------------------------------------------------------------------
Start RTL Hierarchical Component Statistics 
---------------------------------------------------------------------------------
Hierarchical RTL Component report 
Module lab2 
Detailed RTL Component Info : 
+---Muxes : 
	   4 Input      1 Bit        Muxes := 1     

---------------------------------------------------------------------------------
Finished RTL Hierarchical Component Statistics
---------------------------------------------------------------------------------

---------------------------------------------------------------------------------
Start Cross Boundary Optimization
---------------------------------------------------------------------------------
WARNING: [Synth 8-3917] design lab2 has port an4 driven by constant 1
WARNING: [Synth 8-3917] design lab2 has port an5 driven by constant 1
WARNING: [Synth 8-3917] design lab2 has port an6 driven by constant 1
WARNING: [Synth 8-3917] design lab2 has port an7 driven by constant 1
---------------------------------------------------------------------------------
Finished Cross Boundary Optimization : Time (s): cpu = 00:00:25 ; elapsed = 00:00:25 . Memory (MB): peak = 1138.082 ; gain = 502.242
---------------------------------------------------------------------------------

---------------------------------------------------------------------------------
Start RAM, DSP and Shift Register Reporting
---------------------------------------------------------------------------------
---------------------------------------------------------------------------------
Finished RAM, DSP and Shift Register Reporting
---------------------------------------------------------------------------------

---------------------------------------------------------------------------------
Start Area Optimization
---------------------------------------------------------------------------------
---------------------------------------------------------------------------------
Finished Area Optimization : Time (s): cpu = 00:00:25 ; elapsed = 00:00:25 . Memory (MB): peak = 1160.129 ; gain = 524.289
---------------------------------------------------------------------------------


---------------------------------------------------------------------------------
Start Timing Optimization
---------------------------------------------------------------------------------

---------------------------------------------------------------------------------
Start Applying XDC Timing Constraints
---------------------------------------------------------------------------------
---------------------------------------------------------------------------------
Finished Applying XDC Timing Constraints : Time (s): cpu = 00:00:25 ; elapsed = 00:00:25 . Memory (MB): peak = 1160.129 ; gain = 524.289
---------------------------------------------------------------------------------

---------------------------------------------------------------------------------
Finished Timing Optimization : Time (s): cpu = 00:00:25 ; elapsed = 00:00:25 . Memory (MB): peak = 1160.129 ; gain = 524.289
---------------------------------------------------------------------------------


---------------------------------------------------------------------------------
Start Technology Mapping
---------------------------------------------------------------------------------
---------------------------------------------------------------------------------
Finished Technology Mapping : Time (s): cpu = 00:00:25 ; elapsed = 00:00:25 . Memory (MB): peak = 1160.129 ; gain = 524.289
---------------------------------------------------------------------------------


---------------------------------------------------------------------------------
Start IO Insertion
---------------------------------------------------------------------------------

---------------------------------------------------------------------------------
Start Flattening Before IO Insertion
---------------------------------------------------------------------------------

---------------------------------------------------------------------------------
Finished Flattening Before IO Insertion
---------------------------------------------------------------------------------

---------------------------------------------------------------------------------
Start Final Netlist Cleanup
---------------------------------------------------------------------------------

---------------------------------------------------------------------------------
Finished Final Netlist Cleanup
---------------------------------------------------------------------------------
Gated Clock Conversion mode: off
---------------------------------------------------------------------------------
Finished IO Insertion : Time (s): cpu = 00:00:25 ; elapsed = 00:00:26 . Memory (MB): peak = 1160.129 ; gain = 524.289
---------------------------------------------------------------------------------


Report Check Netlist: 
+------+------------------+-------+---------+-------+------------------+
|      |Item              |Errors |Warnings |Status |Description       |
+------+------------------+-------+---------+-------+------------------+
|1     |multi_driven_nets |      0|        0|Passed |Multi driven nets |
+------+------------------+-------+---------+-------+------------------+

---------------------------------------------------------------------------------
Start Renaming Generated Instances
---------------------------------------------------------------------------------
---------------------------------------------------------------------------------
Finished Renaming Generated Instances : Time (s): cpu = 00:00:25 ; elapsed = 00:00:26 . Memory (MB): peak = 1160.129 ; gain = 524.289
---------------------------------------------------------------------------------


---------------------------------------------------------------------------------
Start Rebuilding User Hierarchy
---------------------------------------------------------------------------------
---------------------------------------------------------------------------------
Finished Rebuilding User Hierarchy : Time (s): cpu = 00:00:25 ; elapsed = 00:00:26 . Memory (MB): peak = 1160.129 ; gain = 524.289
---------------------------------------------------------------------------------

---------------------------------------------------------------------------------
Start RAM, DSP and Shift Register Reporting
---------------------------------------------------------------------------------
---------------------------------------------------------------------------------
Finished RAM, DSP and Shift Register Reporting
---------------------------------------------------------------------------------

---------------------------------------------------------------------------------
Start Writing Synthesis Report
---------------------------------------------------------------------------------

Report BlackBoxes: 
+-+--------------+----------+
| |BlackBox name |Instances |
+-+--------------+----------+
+-+--------------+----------+

Report Cell Usage: 
+------+-------+------+
|      |Cell   |Count |
+------+-------+------+
|1     |BUFG   |     1|
|2     |CARRY4 |     4|
|3     |LUT1   |    15|
|4     |LUT2   |     4|
|5     |LUT4   |     7|
|6     |LUT6   |     5|
|7     |FDRE   |    15|
|8     |IBUF   |    21|
|9     |OBUF   |    16|
+------+-------+------+

Report Instance Areas: 
+------+---------+-------+------+
|      |Instance |Module |Cells |
+------+---------+-------+------+
|1     |top      |       |    88|
+------+---------+-------+------+
---------------------------------------------------------------------------------
Finished Writing Synthesis Report : Time (s): cpu = 00:00:26 ; elapsed = 00:00:26 . Memory (MB): peak = 1160.129 ; gain = 524.289
---------------------------------------------------------------------------------

Synthesis finished with 0 errors, 0 critical warnings and 4 warnings.
Synthesis Optimization Complete : Time (s): cpu = 00:00:26 ; elapsed = 00:00:26 . Memory (MB): peak = 1160.129 ; gain = 524.289
INFO: [Netlist 29-17] Analyzing 21 Unisim elements for replacement
INFO: [Netlist 29-28] Unisim Transformation completed in 0 CPU seconds
INFO: [Opt 31-140] Inserted 0 IBUFs to IO ports without IO buffers.
INFO: [Opt 31-141] Inserted 0 OBUFs to IO ports without IO buffers.
INFO: [Opt 31-138] Pushed 0 inverter(s).
INFO: [Memdata 28-144] Successfully populated the BRAM INIT strings from the following elf files: 
INFO: [Project 1-111] Unisim Transformation Summary:
No Unisim elements were transformed.

INFO: [Common 17-83] Releasing license: Synthesis
14 Infos, 8 Warnings, 0 Critical Warnings and 0 Errors encountered.
synth_design completed successfully
synth_design: Time (s): cpu = 00:00:36 ; elapsed = 00:00:36 . Memory (MB): peak = 1519.551 ; gain = 789.316
# write_checkpoint lab2.dcp
INFO: [Timing 38-35] Done setting XDC timing constraints.
# report_utilization -file lab2_utilization_synth.rpt -pb lab2_utilization_synth.pb
report_utilization: Time (s): cpu = 00:00:00.11 ; elapsed = 00:00:00.26 . Memory (MB): peak = 1521.566 ; gain = 2.012
INFO: [Common 17-206] Exiting Vivado at Mon Feb 17 18:31:35 2014...
