Copyright 1986-1999, 2001-2013 Xilinx, Inc. All Rights Reserved.
---------------------------------------------------------------------------------------------------------------
| Tool Version     : Vivado v.2013.4 (lin64) Build 353583 Mon Dec  9 17:26:26 MST 2013
| Date             : Sun Apr 20 00:54:06 2014
| Host             : andrew-arch running 64-bit Arch Linux
| Command          : report_power -file tutorial_power_routed.rpt -pb tutorial_power_summary_routed.pb
| Design           : tutorial
| Device           : xc7a100tcsg324-1
| Design State     : Routed
| Grade            : commercial
| Process          : typical
| Characterization : Production
---------------------------------------------------------------------------------------------------------------

Power Report

Table of Contents
-----------------
1. Summary
1.1 On-Chip Components
1.2 Power Supply Summary
1.3 Confidence Level
2. Settings
2.1 Environment
2.2 Clock Constraints
3. Detailed Reports
3.1 By Hierarchy

1. Summary
----------

+--------------------------+-------+
| Total On-Chip Power (W)  | 0.112 |
| Dynamic (W)              | 0.015 |
| Device Static (W)        | 0.097 |
| Total Off-Chip Power (W) | 0.000 |
| Effective TJA (C/W)      | 4.6   |
| Max Ambient (C)          | 84.5  |
| Junction Temperature (C) | 25.5  |
| Confidence Level         | Low   |
| Setting File             | ---   |
| Simulation Activity File | ---   |
| Design Nets Matched      | NA    |
+--------------------------+-------+


1.1 On-Chip Components
----------------------

+--------------------------+-----------+----------+-----------+-----------------+
| On-Chip                  | Power (W) | Used     | Available | Utilization (%) |
+--------------------------+-----------+----------+-----------+-----------------+
| Clocks                   |     0.001 |        3 |       --- |             --- |
| Slice Logic              |    <0.001 |      322 |       --- |             --- |
|   LUT as Logic           |    <0.001 |      107 |     63400 |            0.16 |
|   LUT as Distributed RAM |    <0.001 |       24 |     19000 |            0.12 |
|   CARRY4                 |    <0.001 |       10 |     15850 |            0.06 |
|   Register               |    <0.001 |       96 |    126800 |            0.07 |
|   Others                 |     0.000 |       21 |       --- |             --- |
| Signals                  |    <0.001 |      246 |       --- |             --- |
| Block RAM                |    <0.001 |        1 |       135 |            0.74 |
| I/O                      |     0.012 |       33 |       210 |           15.71 |
| Static Power             |     0.097 |          |           |                 |
| Total                    |     0.112 |          |           |                 |
+--------------------------+-----------+----------+-----------+-----------------+


1.2 Power Supply Summary
------------------------

+-----------+-------------+-----------+-------------+------------+
| Source    | Voltage (V) | Total (A) | Dynamic (A) | Static (A) |
+-----------+-------------+-----------+-------------+------------+
| Vccint    |       1.000 |     0.018 |       0.003 |      0.015 |
| Vccaux    |       1.800 |     0.019 |       0.000 |      0.018 |
| Vcco33    |       3.300 |     0.007 |       0.003 |      0.004 |
| Vcco25    |       2.500 |     0.000 |       0.000 |      0.000 |
| Vcco18    |       1.800 |     0.000 |       0.000 |      0.000 |
| Vcco15    |       1.500 |     0.000 |       0.000 |      0.000 |
| Vcco135   |       1.350 |     0.000 |       0.000 |      0.000 |
| Vcco12    |       1.200 |     0.000 |       0.000 |      0.000 |
| Vccaux_io |       0.000 |     0.000 |       0.000 |      0.000 |
| Vccbram   |       1.000 |     0.000 |       0.000 |      0.000 |
| MGTAVcc   |       1.000 |     0.000 |       0.000 |      0.000 |
| MGTAVtt   |       1.200 |     0.000 |       0.000 |      0.000 |
| Vccadc    |       1.800 |     0.020 |       0.000 |      0.020 |
+-----------+-------------+-----------+-------------+------------+


1.3 Confidence Level
--------------------

+-----------------------------+------------+--------------------------------------------------------+------------------------------------------------------------------------------------------------------------+
| User Input Data             | Confidence | Details                                                | Action                                                                                                     |
+-----------------------------+------------+--------------------------------------------------------+------------------------------------------------------------------------------------------------------------+
| Design implementation state | High       | Design is completely routed                            |                                                                                                            |
| Clock nodes activity        | High       | User specified more than 95% of clocks                 |                                                                                                            |
| I/O nodes activity          | Low        | More than 75% of inputs are missing user specification | Provide missing input activity with simulation results or by editing the "By Resource Type -> I/Os" view   |
| Internal nodes activity     | Medium     | User specified less than 25% of internal nodes         | Provide missing internal nodes activity with simulation results or by editing the "By Resource Type" views |
| Device models               | High       | Device models are Production                           |                                                                                                            |
|                             |            |                                                        |                                                                                                            |
| Overall confidence level    | Low        |                                                        |                                                                                                            |
+-----------------------------+------------+--------------------------------------------------------+------------------------------------------------------------------------------------------------------------+


2. Settings
-----------

2.1 Environment
---------------

+-----------------------+--------------------------+
| Ambient Temp (C)      | 25.0                     |
| ThetaJA (C/W)         | 4.6                      |
| Airflow (LFM)         | 250                      |
| Heat Sink             | medium (Medium Profile)  |
| ThetaSA (C/W)         | 4.6                      |
| Board Selection       | medium (10"x10")         |
| # of Board Layers     | 12to15 (12 to 15 Layers) |
| Board Temperature (C) | 25.0                     |
+-----------------------+--------------------------+


2.2 Clock Constraints
---------------------

+---------------+---------------+-----------------+
| Clock         | Domain        | Constraint (ns) |
+---------------+---------------+-----------------+
| clk           | clk           |            10.0 |
| clk_IBUF      | clk_IBUF      |            10.0 |
| clk_IBUF_BUFG | clk_IBUF_BUFG |            10.0 |
+---------------+---------------+-----------------+


3. Detailed Reports
-------------------

3.1 By Hierarchy
----------------

+---------------------------------------------------------+-----------+
| Name                                                    | Power (W) |
+---------------------------------------------------------+-----------+
| tutorial                                                |     0.015 |
|   kcpsm6_inst                                           |     0.002 |
|     active_interrupt_lut                                |    <0.001 |
|     address_loop[0].output_data.pc_vector_mux_lut       |    <0.001 |
|     address_loop[10].output_data.pc_vector_mux_lut      |    <0.001 |
|     address_loop[2].output_data.pc_vector_mux_lut       |    <0.001 |
|     address_loop[4].output_data.pc_vector_mux_lut       |    <0.001 |
|     address_loop[6].output_data.pc_vector_mux_lut       |    <0.001 |
|     address_loop[8].output_data.pc_vector_mux_lut       |    <0.001 |
|     alu_decode0_lut                                     |    <0.001 |
|     alu_decode1_lut                                     |    <0.001 |
|     alu_decode2_lut                                     |    <0.001 |
|     carry_flag_lut                                      |    <0.001 |
|     data_path_loop[0].arith_logical_lut                 |    <0.001 |
|     data_path_loop[0].lsb_shift_rotate.shift_rotate_lut |    <0.001 |
|     data_path_loop[0].output_data.sy_kk_mux_lut         |    <0.001 |
|     data_path_loop[0].second_operand.out_port_lut       |    <0.001 |
|     data_path_loop[0].small_spm.small_spm_ram.spm_ram   |    <0.001 |
|     data_path_loop[1].arith_logical_lut                 |    <0.001 |
|     data_path_loop[2].arith_logical_lut                 |    <0.001 |
|     data_path_loop[2].mid_shift_rotate.shift_rotate_lut |    <0.001 |
|     data_path_loop[2].output_data.sy_kk_mux_lut         |    <0.001 |
|     data_path_loop[2].second_operand.out_port_lut       |    <0.001 |
|     data_path_loop[3].arith_logical_lut                 |    <0.001 |
|     data_path_loop[4].arith_logical_lut                 |    <0.001 |
|     data_path_loop[4].mid_shift_rotate.shift_rotate_lut |    <0.001 |
|     data_path_loop[4].output_data.sy_kk_mux_lut         |    <0.001 |
|     data_path_loop[4].second_operand.out_port_lut       |    <0.001 |
|     data_path_loop[4].small_spm.small_spm_ram.spm_ram   |    <0.001 |
|     data_path_loop[5].arith_logical_lut                 |    <0.001 |
|     data_path_loop[6].arith_logical_lut                 |    <0.001 |
|     data_path_loop[6].msb_shift_rotate.shift_rotate_lut |    <0.001 |
|     data_path_loop[6].output_data.sy_kk_mux_lut         |    <0.001 |
|     data_path_loop[6].second_operand.out_port_lut       |    <0.001 |
|     data_path_loop[7].arith_logical_lut                 |    <0.001 |
|     int_enable_type_lut                                 |    <0.001 |
|     lower_parity_lut                                    |    <0.001 |
|     lower_reg_banks                                     |    <0.001 |
|     lower_zero_lut                                      |    <0.001 |
|     middle_zero_lut                                     |    <0.001 |
|     move_type_lut                                       |    <0.001 |
|     pc_mode1_lut                                        |    <0.001 |
|     push_pop_lut                                        |    <0.001 |
|     register_enable_lut                                 |    <0.001 |
|     register_enable_type_lut                            |    <0.001 |
|     reset_lut                                           |    <0.001 |
|     stack_loop[0].lsb_stack.stack_pointer_lut           |    <0.001 |
|     stack_loop[1].upper_stack.stack_pointer_lut         |    <0.001 |
|     stack_loop[2].upper_stack.stack_pointer_lut         |    <0.001 |
|     stack_loop[3].upper_stack.stack_pointer_lut         |    <0.001 |
|     stack_loop[4].upper_stack.stack_pointer_lut         |    <0.001 |
|     stack_ram_high                                      |    <0.001 |
|     stack_ram_low                                       |    <0.001 |
|     t_state_lut                                         |    <0.001 |
|     upper_reg_banks                                     |    <0.001 |
|     use_zero_flag_lut                                   |    <0.001 |
|   software_inst                                         |    <0.001 |
+---------------------------------------------------------+-----------+


