Copyright 1986-1999, 2001-2013 Xilinx, Inc. All Rights Reserved.
--------------------------------------------------------------------------------------------------------------
| Tool Version : Vivado v.2013.4 (lin64) Build 353583 Mon Dec  9 17:26:26 MST 2013
| Date         : Mon Feb 17 18:33:16 2014
| Host         : andrew-dv4t running 64-bit Ubuntu 13.10
| Command      : report_timing_summary -file lab2_timing_summary_routed.rpt -pb lab2_timing_summary_routed.pb
| Design       : lab2
| Device       : 7a100t-csg324
| Speed File   : -1  PRODUCTION 1.11 2013-11-22
--------------------------------------------------------------------------------------------------------------

Timing Summary Report

------------------------------------------------------------------------------------------------
| Timer Settings
| --------------
------------------------------------------------------------------------------------------------

  Enable Multi Corner Analysis               :  Yes
  Enable Pessimism Removal                   :  Yes
  Pessimism Removal Resolution               :  Nearest Common Node
  Enable Input Delay Default Clock           :  No
  Enable Preset / Clear Arcs                 :  No
  Disable Flight Delays                      :  No

  Corner  Analyze    Analyze    
  Name    Max Paths  Min Paths  
  ------  ---------  ---------  
  Slow    Yes        Yes        
  Fast    Yes        Yes        


------------------------------------------------------------------------------------------------
| Check Timing
| ------------
------------------------------------------------------------------------------------------------


Checking 'no_clock'.
 There are 0 register/latch pins with no clock.
 There are 0 register/latch pins with constant_clock.

Checking 'unconstrained_internal_endpoints'.
 There are 0 pins that are not constrained for maximum delay.
 There are 0 pins that are not constrained for maximum delay due to constant clock.

Checking 'no_input_delay'.
 There are 0 input ports with no input delay specified.

Checking 'no_output_delay'.
 There are 12 ports with no output delay specified.

Checking 'multiple_clock'.
 There are 0 register/latch pins with related clocks.
 There are 0 register/latch pins with exclusive clocks.

Checking 'generated_clocks'.
 There are 0 generated clocks that are not connected to a clock source.

Checking 'loops'.
 There are 0 combinational loops in the design.

Checking 'partial_input_delay'.
 There are 0 input ports with partial input delay specified.

Checking 'partial_output_delay'.
 There are 0 ports with partial output delay specified.

Checking 'unexpandable_clocks'.
 There are 0 related clock pairs.
 There are 0 User Ignored clock pairs.

Checking 'latch_loops'.
 There are 0 combinational latch loops in the design through latch input

------------------------------------------------------------------------------------------------
| Design Timing Summary
| ---------------------
------------------------------------------------------------------------------------------------

    WNS(ns)      TNS(ns)  TNS Failing Endpoints  TNS Total Endpoints      WHS(ns)      THS(ns)  THS Failing Endpoints  THS Total Endpoints     WPWS(ns)     TPWS(ns)  TPWS Failing Endpoints  TPWS Total Endpoints  
    -------      -------  ---------------------  -------------------      -------      -------  ---------------------  -------------------     --------     --------  ----------------------  --------------------  
      7.826        0.000                      0                   15        0.252        0.000                      0                   15        4.500        0.000                       0                    16  


All user specified timing constraints are met.


------------------------------------------------------------------------------------------------
| Clock Summary
| -------------
------------------------------------------------------------------------------------------------

Clock           Waveform(ns)       Period(ns)      Frequency(MHz)
-----           ------------       ----------      --------------
external_clock  {0.000 5.000}      10.000          100.000         


------------------------------------------------------------------------------------------------
| Intra Clock Table
| -----------------
------------------------------------------------------------------------------------------------

Clock               WNS(ns)      TNS(ns)  TNS Failing Endpoints  TNS Total Endpoints      WHS(ns)      THS(ns)  THS Failing Endpoints  THS Total Endpoints     WPWS(ns)     TPWS(ns)  TPWS Failing Endpoints  TPWS Total Endpoints  
-----               -------      -------  ---------------------  -------------------      -------      -------  ---------------------  -------------------     --------     --------  ----------------------  --------------------  
external_clock        7.826        0.000                      0                   15        0.252        0.000                      0                   15        4.500        0.000                       0                    16  


------------------------------------------------------------------------------------------------
| Inter Clock Table
| -----------------
------------------------------------------------------------------------------------------------

From Clock    To Clock          WNS(ns)      TNS(ns)  TNS Failing Endpoints  TNS Total Endpoints      WHS(ns)      THS(ns)  THS Failing Endpoints  THS Total Endpoints  
----------    --------          -------      -------  ---------------------  -------------------      -------      -------  ---------------------  -------------------  


------------------------------------------------------------------------------------------------
| Other Path Groups Table
| -----------------------
------------------------------------------------------------------------------------------------

Path Group    From Clock    To Clock          WNS(ns)      TNS(ns)  TNS Failing Endpoints  TNS Total Endpoints      WHS(ns)      THS(ns)  THS Failing Endpoints  THS Total Endpoints  
----------    ----------    --------          -------      -------  ---------------------  -------------------      -------      -------  ---------------------  -------------------  


------------------------------------------------------------------------------------------------
| Timing Details
| --------------
------------------------------------------------------------------------------------------------


---------------------------------------------------------------------------------------------------
From Clock:  external_clock
  To Clock:  external_clock

Setup :            0  Failing Endpoints,  Worst Slack        7.826ns,  Total Violation        0.000ns
Hold  :            0  Failing Endpoints,  Worst Slack        0.252ns,  Total Violation        0.000ns
PW    :            0  Failing Endpoints,  Worst Slack        4.500ns,  Total Violation        0.000ns
---------------------------------------------------------------------------------------------------


Max Delay Paths
--------------------------------------------------------------------------------------
Slack (MET) :             7.826ns  (required time - arrival time)
  Source:                 counter_reg[1]/C
                            (rising edge-triggered cell FDRE clocked by external_clock  {rise@0.000ns fall@5.000ns period=10.000ns})
  Destination:            counter_reg[13]/D
                            (rising edge-triggered cell FDRE clocked by external_clock  {rise@0.000ns fall@5.000ns period=10.000ns})
  Path Group:             external_clock
  Path Type:              Setup (Max at Slow Process Corner)
  Requirement:            10.000ns  (external_clock rise@10.000ns - external_clock rise@0.000ns)
  Data Path Delay:        2.172ns  (logic 1.692ns (77.883%)  route 0.480ns (22.117%))
  Logic Levels:           4  (CARRY4=4)
  Clock Path Skew:        -0.028ns (DCD - SCD + CPR)
    Destination Clock Delay (DCD):    4.781ns = ( 14.781 - 10.000 ) 
    Source Clock Delay      (SCD):    5.078ns
    Clock Pessimism Removal (CPR):    0.269ns
  Clock Uncertainty:      0.035ns  ((TSJ^2 + TIJ^2)^1/2 + DJ) / 2 + PE
    Total System Jitter     (TSJ):    0.071ns
    Total Input Jitter      (TIJ):    0.000ns
    Discrete Jitter          (DJ):    0.000ns
    Phase Error              (PE):    0.000ns

    Location             Delay type                Incr(ns)  Path(ns)    Netlist Resource(s)
  -------------------------------------------------------------------    -------------------
                         (clock external_clock rise edge)
                                                      0.000     0.000 r  
    E3                                                0.000     0.000 r  clk
                         net (fo=0)                   0.000     0.000    clk
    E3                   IBUF (Prop_ibuf_I_O)         1.482     1.482 r  clk_IBUF_inst/O
                         net (fo=1, routed)           1.780     3.262    clk_IBUF
    BUFGCTRL_X0Y16       BUFG (Prop_bufg_I_O)         0.096     3.358 r  clk_IBUF_BUFG_inst/O
                         net (fo=15, routed)          1.719     5.078    clk_IBUF_BUFG
    SLICE_X7Y64                                                       r  counter_reg[1]/C
  -------------------------------------------------------------------    -------------------
    SLICE_X7Y64          FDRE (Prop_fdre_C_Q)         0.456     5.534 r  counter_reg[1]/Q
                         net (fo=1, routed)           0.480     6.014    n_0_counter_reg[1]
    SLICE_X7Y64          CARRY4 (Prop_carry4_S[1]_CO[3])
                                                      0.674     6.688 r  counter_reg[0]_i_1/CO[3]
                         net (fo=1, routed)           0.000     6.688    n_0_counter_reg[0]_i_1
    SLICE_X7Y65          CARRY4 (Prop_carry4_CI_CO[3])
                                                      0.114     6.802 r  counter_reg[4]_i_1/CO[3]
                         net (fo=1, routed)           0.000     6.802    n_0_counter_reg[4]_i_1
    SLICE_X7Y66          CARRY4 (Prop_carry4_CI_CO[3])
                                                      0.114     6.916 r  counter_reg[8]_i_1/CO[3]
                         net (fo=1, routed)           0.000     6.916    n_0_counter_reg[8]_i_1
    SLICE_X7Y67          CARRY4 (Prop_carry4_CI_O[1])
                                                      0.334     7.250 r  counter_reg[12]_i_1/O[1]
                         net (fo=1, routed)           0.000     7.250    n_6_counter_reg[12]_i_1
    SLICE_X7Y67          FDRE                                         r  counter_reg[13]/D
  -------------------------------------------------------------------    -------------------

                         (clock external_clock rise edge)
                                                     10.000    10.000 r  
    E3                                                0.000    10.000 r  clk
                         net (fo=0)                   0.000    10.000    clk
    E3                   IBUF (Prop_ibuf_I_O)         1.411    11.411 r  clk_IBUF_inst/O
                         net (fo=1, routed)           1.683    13.094    clk_IBUF
    BUFGCTRL_X0Y16       BUFG (Prop_bufg_I_O)         0.091    13.185 r  clk_IBUF_BUFG_inst/O
                         net (fo=15, routed)          1.595    14.781    clk_IBUF_BUFG
    SLICE_X7Y67                                                       r  counter_reg[13]/C
                         clock pessimism              0.269    15.050    
                         clock uncertainty           -0.035    15.014    
    SLICE_X7Y67          FDRE (Setup_fdre_C_D)        0.062    15.076    counter_reg[13]
  -------------------------------------------------------------------
                         required time                         15.076    
                         arrival time                          -7.250    
  -------------------------------------------------------------------
                         slack                                  7.826    





Min Delay Paths
--------------------------------------------------------------------------------------
Slack (MET) :             0.252ns  (arrival time - required time)
  Source:                 counter_reg[11]/C
                            (rising edge-triggered cell FDRE clocked by external_clock  {rise@0.000ns fall@5.000ns period=10.000ns})
  Destination:            counter_reg[11]/D
                            (rising edge-triggered cell FDRE clocked by external_clock  {rise@0.000ns fall@5.000ns period=10.000ns})
  Path Group:             external_clock
  Path Type:              Hold (Min at Fast Process Corner)
  Requirement:            0.000ns  (external_clock rise@0.000ns - external_clock rise@0.000ns)
  Data Path Delay:        0.357ns  (logic 0.249ns (69.714%)  route 0.108ns (30.286%))
  Logic Levels:           1  (CARRY4=1)
  Clock Path Skew:        0.000ns (DCD - SCD - CPR)
    Destination Clock Delay (DCD):    1.936ns
    Source Clock Delay      (SCD):    1.431ns
    Clock Pessimism Removal (CPR):    0.504ns

    Location             Delay type                Incr(ns)  Path(ns)    Netlist Resource(s)
  -------------------------------------------------------------------    -------------------
                         (clock external_clock rise edge)
                                                      0.000     0.000 r  
    E3                                                0.000     0.000 r  clk
                         net (fo=0)                   0.000     0.000    clk
    E3                   IBUF (Prop_ibuf_I_O)         0.250     0.250 r  clk_IBUF_inst/O
                         net (fo=1, routed)           0.558     0.808    clk_IBUF
    BUFGCTRL_X0Y16       BUFG (Prop_bufg_I_O)         0.026     0.834 r  clk_IBUF_BUFG_inst/O
                         net (fo=15, routed)          0.598     1.431    clk_IBUF_BUFG
    SLICE_X7Y66                                                       r  counter_reg[11]/C
  -------------------------------------------------------------------    -------------------
    SLICE_X7Y66          FDRE (Prop_fdre_C_Q)         0.141     1.572 r  counter_reg[11]/Q
                         net (fo=1, routed)           0.108     1.681    n_0_counter_reg[11]
    SLICE_X7Y66          CARRY4 (Prop_carry4_S[3]_O[3])
                                                      0.108     1.789 r  counter_reg[8]_i_1/O[3]
                         net (fo=1, routed)           0.000     1.789    n_4_counter_reg[8]_i_1
    SLICE_X7Y66          FDRE                                         r  counter_reg[11]/D
  -------------------------------------------------------------------    -------------------

                         (clock external_clock rise edge)
                                                      0.000     0.000 r  
    E3                                                0.000     0.000 r  clk
                         net (fo=0)                   0.000     0.000    clk
    E3                   IBUF (Prop_ibuf_I_O)         0.438     0.438 r  clk_IBUF_inst/O
                         net (fo=1, routed)           0.603     1.040    clk_IBUF
    BUFGCTRL_X0Y16       BUFG (Prop_bufg_I_O)         0.029     1.069 r  clk_IBUF_BUFG_inst/O
                         net (fo=15, routed)          0.867     1.936    clk_IBUF_BUFG
    SLICE_X7Y66                                                       r  counter_reg[11]/C
                         clock pessimism             -0.504     1.431    
    SLICE_X7Y66          FDRE (Hold_fdre_C_D)         0.105     1.536    counter_reg[11]
  -------------------------------------------------------------------
                         required time                         -1.536    
                         arrival time                           1.789    
  -------------------------------------------------------------------
                         slack                                  0.252    





Pulse Width Checks
--------------------------------------------------------------------------------------
Clock Name:         external_clock
Waveform:           { 0 5 }
Period:             10.000
Sources:            { clk }

Check Type        Corner  Lib Pin  Reference Pin  Required  Actual  Slack  Location        Pin
Min Period        n/a     BUFG/I   n/a            2.155     10.000  7.845  BUFGCTRL_X0Y16  clk_IBUF_BUFG_inst/I
Low Pulse Width   Fast    FDRE/C   n/a            0.500     5.000   4.500  SLICE_X7Y66     counter_reg[10]/C
High Pulse Width  Slow    FDRE/C   n/a            0.500     5.000   4.500  SLICE_X7Y64     counter_reg[0]/C



