
*** Running vivado
    with args -log lab2.rdi -applog -m64 -messageDb vivado.pb -mode batch -source lab2.tcl -notrace


****** Vivado v2013.4 (64-bit)
  **** SW Build 353583 on Mon Dec  9 17:26:26 MST 2013
  **** IP Build 208076 on Mon Dec  2 12:38:17 MST 2013
    ** Copyright 1986-1999, 2001-2013 Xilinx, Inc. All Rights Reserved.

Attempting to get a license: Implementation
WARNING: [Common 17-301] Failed to get a license: Implementation
WARNING: [Vivado 15-19] WARNING: No 'Implementation' license found. This message may be safely ignored if a Vivado WebPACK or device-locked license, common for board kits, will be used during implementation.

Attempting to get a license: Synthesis
WARNING: [Common 17-301] Failed to get a license: Synthesis
Loading parts and site information from /opt/Xilinx/Vivado/2013.4/data/parts/arch.xml
Parsing RTL primitives file [/opt/Xilinx/Vivado/2013.4/data/parts/xilinx/rtl/prims/rtl_prims.xml]
Finished parsing RTL primitives file [/opt/Xilinx/Vivado/2013.4/data/parts/xilinx/rtl/prims/rtl_prims.xml]
source lab2.tcl -notrace
INFO: [Project 1-11] Changing the constrs_type of fileset 'constrs_1' to 'XDC'.
Design is defaulting to srcset: sources_1
Design is defaulting to constrset: constrs_1
INFO: [Netlist 29-17] Analyzing 21 Unisim elements for replacement
INFO: [Netlist 29-28] Unisim Transformation completed in 0 CPU seconds
INFO: [Project 1-479] Netlist was created with Vivado 2013.4
Loading clock regions from /opt/Xilinx/Vivado/2013.4/data/parts/xilinx/artix7/artix7/xc7a100t/ClockRegion.xml
Loading clock buffers from /opt/Xilinx/Vivado/2013.4/data/parts/xilinx/artix7/artix7/xc7a100t/ClockBuffers.xml
Loading clock placement rules from /opt/Xilinx/Vivado/2013.4/data/parts/xilinx/artix7/ClockPlacerRules.xml
Loading package pin functions from /opt/Xilinx/Vivado/2013.4/data/parts/xilinx/artix7/PinFunctions.xml...
Loading package from /opt/Xilinx/Vivado/2013.4/data/parts/xilinx/artix7/artix7/xc7a100t/csg324/Package.xml
Loading io standards from /opt/Xilinx/Vivado/2013.4/data/./parts/xilinx/artix7/IOStandards.xml
Loading device configuration modes from /opt/Xilinx/Vivado/2013.4/data/parts/xilinx/artix7/ConfigModes.xml
INFO: [Opt 31-140] Inserted 0 IBUFs to IO ports without IO buffers.
INFO: [Opt 31-141] Inserted 0 OBUFs to IO ports without IO buffers.
Parsing XDC File [/home/andrew/Documents/xilinx_projects/Lab2/Lab2.srcs/constrs_1/new/lab2.xdc]
Finished Parsing XDC File [/home/andrew/Documents/xilinx_projects/Lab2/Lab2.srcs/constrs_1/new/lab2.xdc]
Parsing XDC File [/home/andrew/Documents/xilinx_projects/Lab2/Lab2.runs/impl_1/.Xil/Vivado-26290-andrew-dv4t/dcp/lab2.xdc]
Finished Parsing XDC File [/home/andrew/Documents/xilinx_projects/Lab2/Lab2.runs/impl_1/.Xil/Vivado-26290-andrew-dv4t/dcp/lab2.xdc]
INFO: [Opt 31-138] Pushed 0 inverter(s).
INFO: [Memdata 28-144] Successfully populated the BRAM INIT strings from the following elf files: 
INFO: [Project 1-111] Unisim Transformation Summary:
No Unisim elements were transformed.

link_design: Time (s): cpu = 00:00:17 ; elapsed = 00:00:18 . Memory (MB): peak = 1369.898 ; gain = 639.668
Command: opt_design
Attempting to get a license for feature 'Implementation' and/or device 'xc7a100t'
INFO: [Common 17-349] Got license for feature 'Implementation' and/or device 'xc7a100t'
Running DRC as a precondition to command opt_design

Starting DRC Task
INFO: [Drc 23-27] Running DRC with 4 threads
INFO: [Project 1-461] DRC finished with 0 Errors
INFO: [Project 1-462] Please refer to the DRC report (report_drc) for more information.

Time (s): cpu = 00:00:00.11 ; elapsed = 00:00:00.13 . Memory (MB): peak = 1376.910 ; gain = 7.012

Starting Logic Optimization Task
INFO: [Timing 38-35] Done setting XDC timing constraints.

Phase 1 Retarget

INFO: [Opt 31-138] Pushed 0 inverter(s).
INFO: [Opt 31-49] Retargeted 0 cell(s).
Phase 1 Retarget | Checksum: e0761267

Time (s): cpu = 00:00:00.08 ; elapsed = 00:00:00.09 . Memory (MB): peak = 1408.926 ; gain = 32.016

Phase 2 Constant Propagation
INFO: [Opt 31-138] Pushed 0 inverter(s).
INFO: [Opt 31-10] Eliminated 14 cells.
Phase 2 Constant Propagation | Checksum: 19afc7a3f

Time (s): cpu = 00:00:00.09 ; elapsed = 00:00:00.19 . Memory (MB): peak = 1408.926 ; gain = 32.016

Phase 3 Sweep
INFO: [Opt 31-12] Eliminated 25 unconnected nets.
INFO: [Opt 31-11] Eliminated 0 unconnected cells.
Phase 3 Sweep | Checksum: 13aba6121

Time (s): cpu = 00:00:00.10 ; elapsed = 00:00:00.19 . Memory (MB): peak = 1408.926 ; gain = 32.016
Ending Logic Optimization Task | Checksum: 13aba6121

Time (s): cpu = 00:00:00.11 ; elapsed = 00:00:00.20 . Memory (MB): peak = 1408.926 ; gain = 32.016
Implement Debug Cores | Checksum: e0761267
Logic Optimization | Checksum: e0761267

Starting Power Optimization Task
Ending Power Optimization Task | Checksum: 13aba6121

Time (s): cpu = 00:00:00 ; elapsed = 00:00:00 . Memory (MB): peak = 1408.926 ; gain = 0.000
INFO: [Common 17-83] Releasing license: Implementation
21 Infos, 0 Warnings, 0 Critical Warnings and 0 Errors encountered.
opt_design completed successfully
INFO: [Timing 38-35] Done setting XDC timing constraints.
Writing XDEF routing.
Writing XDEF routing logical nets.
Writing XDEF routing special nets.
Write XDEF Complete: Time (s): cpu = 00:00:00.16 ; elapsed = 00:00:00.18 . Memory (MB): peak = 1408.930 ; gain = 0.000
Command: place_design
Attempting to get a license for feature 'Implementation' and/or device 'xc7a100t'
INFO: [Common 17-349] Got license for feature 'Implementation' and/or device 'xc7a100t'
Running DRC as a precondition to command place_design
INFO: [Drc 23-27] Running DRC with 4 threads
INFO: [Vivado_Tcl 4-198] DRC finished with 0 Errors
INFO: [Vivado_Tcl 4-199] Please refer to the DRC report (report_drc) for more information.

Starting Placer Task
INFO: [Place 30-611] Multithreading enabled for place_design using a maximum of 4 CPUs

Phase 1 Placer Initialization

Phase 1.1 Placer Initialization Core
Netlist sorting complete. Time (s): cpu = 00:00:00 ; elapsed = 00:00:00 . Memory (MB): peak = 1411.930 ; gain = 0.000

Phase 1.1.1 Mandatory Logic Optimization
INFO: [Opt 31-140] Inserted 0 IBUFs to IO ports without IO buffers.
INFO: [Opt 31-141] Inserted 0 OBUFs to IO ports without IO buffers.
INFO: [Opt 31-138] Pushed 0 inverter(s).
Netlist sorting complete. Time (s): cpu = 00:00:00 ; elapsed = 00:00:00 . Memory (MB): peak = 1411.930 ; gain = 0.000
Phase 1.1.1 Mandatory Logic Optimization | Checksum: d791c4a9

Time (s): cpu = 00:00:00.03 ; elapsed = 00:00:00.04 . Memory (MB): peak = 1411.930 ; gain = 0.004

Phase 1.1.2 Build Super Logic Region (SLR) Database
Phase 1.1.2 Build Super Logic Region (SLR) Database | Checksum: d791c4a9

Time (s): cpu = 00:00:00.04 ; elapsed = 00:00:00.06 . Memory (MB): peak = 1411.930 ; gain = 0.004

Phase 1.1.3 Add Constraints
Phase 1.1.3 Add Constraints | Checksum: d791c4a9

Time (s): cpu = 00:00:00.04 ; elapsed = 00:00:00.06 . Memory (MB): peak = 1411.930 ; gain = 0.004

Phase 1.1.4 Build Macros
Phase 1.1.4 Build Macros | Checksum: ec8b6e8c

Time (s): cpu = 00:00:00.06 ; elapsed = 00:00:00.07 . Memory (MB): peak = 1411.930 ; gain = 0.004

Phase 1.1.5 Implementation Feasibility check
Phase 1.1.5 Implementation Feasibility check | Checksum: ec8b6e8c

Time (s): cpu = 00:00:00.08 ; elapsed = 00:00:00.09 . Memory (MB): peak = 1411.930 ; gain = 0.004

Phase 1.1.6 Pre-Place Cells
Phase 1.1.6 Pre-Place Cells | Checksum: ec8b6e8c

Time (s): cpu = 00:00:00.09 ; elapsed = 00:00:00.10 . Memory (MB): peak = 1411.930 ; gain = 0.004

Phase 1.1.7 IO Placement/ Clock Placement/ Build Placer Device
Phase 1.1.7 IO Placement/ Clock Placement/ Build Placer Device | Checksum: 174583416

Time (s): cpu = 00:00:00.40 ; elapsed = 00:00:00.40 . Memory (MB): peak = 1437.938 ; gain = 26.012

Phase 1.1.8 Build Placer Netlist Model

Phase 1.1.8.1 Place Init Design
Phase 1.1.8.1 Place Init Design | Checksum: 244cb0fcf

Time (s): cpu = 00:00:00.46 ; elapsed = 00:00:00.54 . Memory (MB): peak = 1438.938 ; gain = 27.012
Phase 1.1.8 Build Placer Netlist Model | Checksum: 244cb0fcf

Time (s): cpu = 00:00:00.47 ; elapsed = 00:00:00.54 . Memory (MB): peak = 1438.938 ; gain = 27.012

Phase 1.1.9 Constrain Clocks/Macros

Phase 1.1.9.1 Constrain Global/Regional Clocks
Phase 1.1.9.1 Constrain Global/Regional Clocks | Checksum: 244cb0fcf

Time (s): cpu = 00:00:00.47 ; elapsed = 00:00:00.55 . Memory (MB): peak = 1438.938 ; gain = 27.012
Phase 1.1.9 Constrain Clocks/Macros | Checksum: 244cb0fcf

Time (s): cpu = 00:00:00.47 ; elapsed = 00:00:00.55 . Memory (MB): peak = 1438.938 ; gain = 27.012
Phase 1.1 Placer Initialization Core | Checksum: 244cb0fcf

Time (s): cpu = 00:00:00.47 ; elapsed = 00:00:00.55 . Memory (MB): peak = 1438.938 ; gain = 27.012
Phase 1 Placer Initialization | Checksum: 244cb0fcf

Time (s): cpu = 00:00:00.47 ; elapsed = 00:00:00.55 . Memory (MB): peak = 1438.938 ; gain = 27.012

Phase 2 Global Placement
Phase 2 Global Placement | Checksum: 1ff20978c

Time (s): cpu = 00:00:03 ; elapsed = 00:00:02 . Memory (MB): peak = 1446.938 ; gain = 35.012

Phase 3 Detail Placement

Phase 3.1 Commit Multi Column Macros
Phase 3.1 Commit Multi Column Macros | Checksum: 1ff20978c

Time (s): cpu = 00:00:03 ; elapsed = 00:00:02 . Memory (MB): peak = 1446.938 ; gain = 35.012

Phase 3.2 Commit Most Macros & LUTRAMs
Phase 3.2 Commit Most Macros & LUTRAMs | Checksum: 20f761f6a

Time (s): cpu = 00:00:03 ; elapsed = 00:00:02 . Memory (MB): peak = 1446.938 ; gain = 35.012

Phase 3.3 Area Swap Optimization
Phase 3.3 Area Swap Optimization | Checksum: 1a2db680e

Time (s): cpu = 00:00:03 ; elapsed = 00:00:02 . Memory (MB): peak = 1446.938 ; gain = 35.012

Phase 3.4 Commit Small Macros & Core Logic
Phase 3.4 Commit Small Macros & Core Logic | Checksum: 19671a239

Time (s): cpu = 00:00:03 ; elapsed = 00:00:02 . Memory (MB): peak = 1479.324 ; gain = 67.398

Phase 3.5 Re-assign LUT pins
Phase 3.5 Re-assign LUT pins | Checksum: 19671a239

Time (s): cpu = 00:00:03 ; elapsed = 00:00:02 . Memory (MB): peak = 1479.324 ; gain = 67.398
Phase 3 Detail Placement | Checksum: 19671a239

Time (s): cpu = 00:00:03 ; elapsed = 00:00:02 . Memory (MB): peak = 1479.324 ; gain = 67.398

Phase 4 Post Placement Optimization and Clean-Up

Phase 4.1 PCOPT Shape updates
Phase 4.1 PCOPT Shape updates | Checksum: 243f7e32a

Time (s): cpu = 00:00:03 ; elapsed = 00:00:02 . Memory (MB): peak = 1479.324 ; gain = 67.398

Phase 4.2 Post Placement Cleanup
Phase 4.2 Post Placement Cleanup | Checksum: 243f7e32a

Time (s): cpu = 00:00:03 ; elapsed = 00:00:02 . Memory (MB): peak = 1479.324 ; gain = 67.398

Phase 4.3 Placer Reporting

Phase 4.3.1 Congestion Reporting
Phase 4.3.1 Congestion Reporting | Checksum: 243f7e32a

Time (s): cpu = 00:00:03 ; elapsed = 00:00:02 . Memory (MB): peak = 1479.324 ; gain = 67.398

Phase 4.3.2 updateTiming final
Phase 4.3.2 updateTiming final | Checksum: 243f7e32a

Time (s): cpu = 00:00:03 ; elapsed = 00:00:02 . Memory (MB): peak = 1479.324 ; gain = 67.398
Phase 4.3 Placer Reporting | Checksum: 243f7e32a

Time (s): cpu = 00:00:03 ; elapsed = 00:00:02 . Memory (MB): peak = 1479.324 ; gain = 67.398

Phase 4.4 Final Placement Cleanup
Phase 4.4 Final Placement Cleanup | Checksum: 243f7e32a

Time (s): cpu = 00:00:03 ; elapsed = 00:00:02 . Memory (MB): peak = 1479.324 ; gain = 67.398
Phase 4 Post Placement Optimization and Clean-Up | Checksum: 243f7e32a

Time (s): cpu = 00:00:03 ; elapsed = 00:00:02 . Memory (MB): peak = 1479.324 ; gain = 67.398
Ending Placer Task | Checksum: 2169d4da1

Time (s): cpu = 00:00:03 ; elapsed = 00:00:02 . Memory (MB): peak = 1479.324 ; gain = 67.398
INFO: [Common 17-83] Releasing license: Implementation
31 Infos, 0 Warnings, 0 Critical Warnings and 0 Errors encountered.
place_design completed successfully
INFO: [Timing 38-163] DEBUG : Generate clock report | CPU: 0.28 secs 

report_utilization: Time (s): cpu = 00:00:00.11 ; elapsed = 00:00:00.16 . Memory (MB): peak = 1481.340 ; gain = 0.000
INFO: [Designutils 20-134] DEBUG : Generate Control Sets report | CPU: 0.11 secs 
Writing XDEF routing.
Writing XDEF routing logical nets.
Writing XDEF routing special nets.
Write XDEF Complete: Time (s): cpu = 00:00:00.10 ; elapsed = 00:00:00.10 . Memory (MB): peak = 1489.348 ; gain = 8.004
Command: route_design
Attempting to get a license for feature 'Implementation' and/or device 'xc7a100t'
INFO: [Common 17-349] Got license for feature 'Implementation' and/or device 'xc7a100t'
Running DRC as a precondition to command route_design
INFO: [Drc 23-27] Running DRC with 4 threads
INFO: [Vivado_Tcl 4-198] DRC finished with 0 Errors
INFO: [Vivado_Tcl 4-199] Please refer to the DRC report (report_drc) for more information.


Starting Routing Task
INFO: [Route 35-254] Multithreading enabled for route_design using a maximum of 4 CPUs

Starting Route Task

Phase 1 Build RT Design

Phase 1.1 Build Netlist & NodeGraph
Phase 1.1 Build Netlist & NodeGraph | Checksum: 2169d4da1

Time (s): cpu = 00:00:34 ; elapsed = 00:00:25 . Memory (MB): peak = 1634.113 ; gain = 125.766
Phase 1 Build RT Design | Checksum: ab6203e8

Time (s): cpu = 00:00:34 ; elapsed = 00:00:25 . Memory (MB): peak = 1634.113 ; gain = 125.766

Phase 2 Router Initialization

Phase 2.1 Create Timer
Phase 2.1 Create Timer | Checksum: ab6203e8

Time (s): cpu = 00:00:34 ; elapsed = 00:00:25 . Memory (MB): peak = 1634.117 ; gain = 125.770

Phase 2.2 Restore Routing
Phase 2.2 Restore Routing | Checksum: ab6203e8

Time (s): cpu = 00:00:34 ; elapsed = 00:00:25 . Memory (MB): peak = 1648.379 ; gain = 140.031

Phase 2.3 Special Net Routing
 Number of Nodes with overlaps = 0
Phase 2.3 Special Net Routing | Checksum: f5b316a9

Time (s): cpu = 00:00:34 ; elapsed = 00:00:25 . Memory (MB): peak = 1649.379 ; gain = 141.031

Phase 2.4 Local Clock Net Routing
Phase 2.4 Local Clock Net Routing | Checksum: f5b316a9

Time (s): cpu = 00:00:34 ; elapsed = 00:00:25 . Memory (MB): peak = 1649.379 ; gain = 141.031

Phase 2.5 Update Timing

Phase 2.5.1 Update timing with NCN CRPR

Phase 2.5.1.1 Hold Budgeting
Phase 2.5.1.1 Hold Budgeting | Checksum: f5b316a9

Time (s): cpu = 00:00:34 ; elapsed = 00:00:25 . Memory (MB): peak = 1649.379 ; gain = 141.031
Phase 2.5.1 Update timing with NCN CRPR | Checksum: f5b316a9

Time (s): cpu = 00:00:34 ; elapsed = 00:00:25 . Memory (MB): peak = 1649.379 ; gain = 141.031
Phase 2.5 Update Timing | Checksum: f5b316a9

Time (s): cpu = 00:00:34 ; elapsed = 00:00:25 . Memory (MB): peak = 1649.379 ; gain = 141.031
INFO: [Route 35-57] Estimated Timing Summary | WNS=7.87   | TNS=0      | WHS=-0.017 | THS=-0.09  |


Phase 2.6 Budgeting
Phase 2.6 Budgeting | Checksum: f5b316a9

Time (s): cpu = 00:00:34 ; elapsed = 00:00:25 . Memory (MB): peak = 1649.379 ; gain = 141.031
Phase 2 Router Initialization | Checksum: f5b316a9

Time (s): cpu = 00:00:34 ; elapsed = 00:00:25 . Memory (MB): peak = 1649.379 ; gain = 141.031

Phase 3 Initial Routing
Phase 3 Initial Routing | Checksum: 18528e8ea

Time (s): cpu = 00:00:35 ; elapsed = 00:00:25 . Memory (MB): peak = 1649.379 ; gain = 141.031

Phase 4 Rip-up And Reroute

Phase 4.1 Global Iteration 0

Phase 4.1.1 Remove Overlaps
 Number of Nodes with overlaps = 0
Phase 4.1.1 Remove Overlaps | Checksum: 10f109ba1

Time (s): cpu = 00:00:35 ; elapsed = 00:00:26 . Memory (MB): peak = 1649.379 ; gain = 141.031

Phase 4.1.2 Update Timing
Phase 4.1.2 Update Timing | Checksum: 10f109ba1

Time (s): cpu = 00:00:35 ; elapsed = 00:00:26 . Memory (MB): peak = 1649.379 ; gain = 141.031
INFO: [Route 35-57] Estimated Timing Summary | WNS=7.73   | TNS=0      | WHS=N/A    | THS=N/A    |


Phase 4.1.3 collectNewHoldAndFix
Phase 4.1.3 collectNewHoldAndFix | Checksum: 10f109ba1

Time (s): cpu = 00:00:35 ; elapsed = 00:00:26 . Memory (MB): peak = 1649.379 ; gain = 141.031
Phase 4.1 Global Iteration 0 | Checksum: 10f109ba1

Time (s): cpu = 00:00:35 ; elapsed = 00:00:26 . Memory (MB): peak = 1649.379 ; gain = 141.031
Phase 4 Rip-up And Reroute | Checksum: 10f109ba1

Time (s): cpu = 00:00:35 ; elapsed = 00:00:26 . Memory (MB): peak = 1649.379 ; gain = 141.031

Phase 5 Delay CleanUp

Phase 5.1 Update Timing
Phase 5.1 Update Timing | Checksum: 10f109ba1

Time (s): cpu = 00:00:35 ; elapsed = 00:00:26 . Memory (MB): peak = 1649.379 ; gain = 141.031
INFO: [Route 35-57] Estimated Timing Summary | WNS=7.82   | TNS=0      | WHS=N/A    | THS=N/A    |

Phase 5 Delay CleanUp | Checksum: 10f109ba1

Time (s): cpu = 00:00:35 ; elapsed = 00:00:26 . Memory (MB): peak = 1649.379 ; gain = 141.031

Phase 6 Post Hold Fix

Phase 6.1 Full Hold Analysis

Phase 6.1.1 Update Timing
Phase 6.1.1 Update Timing | Checksum: 10f109ba1

Time (s): cpu = 00:00:35 ; elapsed = 00:00:26 . Memory (MB): peak = 1649.379 ; gain = 141.031
INFO: [Route 35-57] Estimated Timing Summary | WNS=7.82   | TNS=0      | WHS=0.236  | THS=0      |

Phase 6.1 Full Hold Analysis | Checksum: 10f109ba1

Time (s): cpu = 00:00:35 ; elapsed = 00:00:26 . Memory (MB): peak = 1649.379 ; gain = 141.031
Phase 6 Post Hold Fix | Checksum: 10f109ba1

Time (s): cpu = 00:00:35 ; elapsed = 00:00:26 . Memory (MB): peak = 1649.379 ; gain = 141.031

Router Utilization Summary
  Global Vertical Routing Utilization    = 0.0184532 %
  Global Horizontal Routing Utilization  = 0.0157005 %
  Routable Net Status*
  *Does not include unroutable nets such as driverless and loadless.
  Run report_route_status for detailed report.
  Number of Failed Nets               = 0
  Number of Unrouted Nets             = 0
  Number of Partially Routed Nets     = 0
  Number of Node Overlaps             = 0


Phase 7 Verifying routed nets

 Verification completed successfully
Phase 7 Verifying routed nets | Checksum: 10f109ba1

Time (s): cpu = 00:00:35 ; elapsed = 00:00:26 . Memory (MB): peak = 1651.379 ; gain = 143.031

Phase 8 Depositing Routes
Phase 8 Depositing Routes | Checksum: 12566beec

Time (s): cpu = 00:00:35 ; elapsed = 00:00:26 . Memory (MB): peak = 1651.379 ; gain = 143.031

Phase 9 Post Router Timing
INFO: [Route 35-20] Post Routing Timing Summary | WNS=7.826  | TNS=0.000  | WHS=0.252  | THS=0.000  |

INFO: [Route 35-61] The design met the timing requirement.
Phase 9 Post Router Timing | Checksum: 12566beec

Time (s): cpu = 00:00:35 ; elapsed = 00:00:26 . Memory (MB): peak = 1651.379 ; gain = 143.031
INFO: [Route 35-16] Router Completed Successfully
Ending Route Task | Checksum: 12566beec

Time (s): cpu = 00:00:35 ; elapsed = 00:00:26 . Memory (MB): peak = 1651.379 ; gain = 143.031

Routing Is Done.

Time (s): cpu = 00:00:35 ; elapsed = 00:00:26 . Memory (MB): peak = 1651.484 ; gain = 143.137
INFO: [Common 17-83] Releasing license: Implementation
46 Infos, 0 Warnings, 0 Critical Warnings and 0 Errors encountered.
route_design completed successfully
route_design: Time (s): cpu = 00:00:36 ; elapsed = 00:00:26 . Memory (MB): peak = 1651.484 ; gain = 162.133
INFO: [Drc 23-27] Running DRC with 4 threads
INFO: [Coretcl 2-168] The results of DRC are in file /home/andrew/Documents/xilinx_projects/Lab2/Lab2.runs/impl_1/lab2_drc_routed.rpt.
Running Vector-less Activity Propagation...

Finished Running Vector-less Activity Propagation
INFO: [Timing 38-91] UpdateTimingParams: Speed grade: -1, Delay Type: min_max, Constraints type: SDC.
INFO: [Timing 38-191] Multithreading enabled for timing update using a maximum of 4 CPUs
Writing XDEF routing.
Writing XDEF routing logical nets.
Writing XDEF routing special nets.
Write XDEF Complete: Time (s): cpu = 00:00:00.09 ; elapsed = 00:00:00.09 . Memory (MB): peak = 1659.391 ; gain = 0.000
Attempting to get a license for feature 'Implementation' and/or device 'xc7a100t'
INFO: [Common 17-349] Got license for feature 'Implementation' and/or device 'xc7a100t'
Running DRC as a precondition to command write_bitstream
INFO: [Drc 23-27] Running DRC with 4 threads
INFO: [Vivado 12-3199] DRC finished with 0 Errors, 1 Warnings
INFO: [Vivado 12-3200] Please refer to the DRC report (report_drc) for more information.
Loading data files...
Loading site data...
Loading route data...
Processing options...
Creating bitmap...
Creating bitstream...
Writing bitstream ./lab2.bit...
INFO: [Vivado 12-1842] Bitgen Completed Successfully.
INFO: [Project 1-120] WebTalk data collection is mandatory for users of free Webpack licenses. To see the specific WebTalk data collected for your design, open the usage_statistics_webtalk.html or usage_statistics_webtalk.xml file in the implementation directory.
sh: 1: Syntax error: Bad fd number
sh: 1: Syntax error: Bad fd number
INFO: [Common 17-185] WebTalk report has not been sent to Xilinx. Please check your network and proxy settings.
INFO: [Common 17-83] Releasing license: Implementation
write_bitstream: Time (s): cpu = 00:00:22 ; elapsed = 00:00:21 . Memory (MB): peak = 1881.773 ; gain = 222.383
INFO: [Common 17-206] Exiting Vivado at Mon Feb 17 18:33:38 2014...
